INFO - 2024-07-30 21:00:43 --> Session: Class initialized using 'CodeIgniter\Session\Handlers\FileHandler' driver.
WARNING - 2024-07-30 21:00:43 --> Session: Sessions is enabled, and one exists. Please don't $session->start();
INFO - 2024-07-30 21:00:48 --> Session: Class initialized using 'CodeIgniter\Session\Handlers\FileHandler' driver.
WARNING - 2024-07-30 21:00:48 --> Session: Sessions is enabled, and one exists. Please don't $session->start();
INFO - 2024-07-30 21:00:56 --> Session: Class initialized using 'CodeIgniter\Session\Handlers\FileHandler' driver.
WARNING - 2024-07-30 21:00:56 --> Session: Sessions is enabled, and one exists. Please don't $session->start();
ERROR - 2024-07-30 21:00:56 --> Error connecting to the database: mysqli_sql_exception: No such file or directory in /Applications/MAMP/htdocs/qualitydb/system/Database/MySQLi/Connection.php:186
Stack trace:
#0 /Applications/MAMP/htdocs/qualitydb/system/Database/MySQLi/Connection.php(186): mysqli->real_connect('localhost', 'root', Object(SensitiveParameterValue), 'quality', 8888, '', 0)
#1 /Applications/MAMP/htdocs/qualitydb/system/Database/BaseConnection.php(421): CodeIgniter\Database\MySQLi\Connection->connect(false)
#2 /Applications/MAMP/htdocs/qualitydb/system/Database/BaseConnection.php(614): CodeIgniter\Database\BaseConnection->initialize()
#3 /Applications/MAMP/htdocs/qualitydb/system/Database/BaseBuilder.php(1637): CodeIgniter\Database\BaseConnection->query('SELECT *\nFROM `...', Array, false)
#4 /Applications/MAMP/htdocs/qualitydb/system/Model.php(330): CodeIgniter\Database\BaseBuilder->get()
#5 /Applications/MAMP/htdocs/qualitydb/system/BaseModel.php(714): CodeIgniter\Model->doFirst()
#6 /Applications/MAMP/htdocs/qualitydb/app/Models/loginModel.php(21): CodeIgniter\BaseModel->first()
#7 /Applications/MAMP/htdocs/qualitydb/app/Controllers/loginCont.php(22): App\Models\loginModel->getUserByUsernameAndPassword('anapruneda', '3456$78#90')
#8 /Applications/MAMP/htdocs/qualitydb/system/CodeIgniter.php(933): App\Controllers\loginCont->signIn()
#9 /Applications/MAMP/htdocs/qualitydb/system/CodeIgniter.php(509): CodeIgniter\CodeIgniter->runController(Object(App\Controllers\loginCont))
#10 /Applications/MAMP/htdocs/qualitydb/system/CodeIgniter.php(355): CodeIgniter\CodeIgniter->handleRequest(NULL, Object(Config\Cache), false)
#11 /Applications/MAMP/htdocs/qualitydb/system/Boot.php(325): CodeIgniter\CodeIgniter->run()
#12 /Applications/MAMP/htdocs/qualitydb/system/Boot.php(67): CodeIgniter\Boot::runCodeIgniter(Object(CodeIgniter\CodeIgniter))
#13 /Applications/MAMP/htdocs/qualitydb/public/index.php(56): CodeIgniter\Boot::bootWeb(Object(Config\Paths))
#14 {main}

Next CodeIgniter\Database\Exceptions\DatabaseException: No such file or directory in /Applications/MAMP/htdocs/qualitydb/system/Database/MySQLi/Connection.php:231
Stack trace:
#0 /Applications/MAMP/htdocs/qualitydb/system/Database/BaseConnection.php(421): CodeIgniter\Database\MySQLi\Connection->connect(false)
#1 /Applications/MAMP/htdocs/qualitydb/system/Database/BaseConnection.php(614): CodeIgniter\Database\BaseConnection->initialize()
#2 /Applications/MAMP/htdocs/qualitydb/system/Database/BaseBuilder.php(1637): CodeIgniter\Database\BaseConnection->query('SELECT *\nFROM `...', Array, false)
#3 /Applications/MAMP/htdocs/qualitydb/system/Model.php(330): CodeIgniter\Database\BaseBuilder->get()
#4 /Applications/MAMP/htdocs/qualitydb/system/BaseModel.php(714): CodeIgniter\Model->doFirst()
#5 /Applications/MAMP/htdocs/qualitydb/app/Models/loginModel.php(21): CodeIgniter\BaseModel->first()
#6 /Applications/MAMP/htdocs/qualitydb/app/Controllers/loginCont.php(22): App\Models\loginModel->getUserByUsernameAndPassword('anapruneda', '3456$78#90')
#7 /Applications/MAMP/htdocs/qualitydb/system/CodeIgniter.php(933): App\Controllers\loginCont->signIn()
#8 /Applications/MAMP/htdocs/qualitydb/system/CodeIgniter.php(509): CodeIgniter\CodeIgniter->runController(Object(App\Controllers\loginCont))
#9 /Applications/MAMP/htdocs/qualitydb/system/CodeIgniter.php(355): CodeIgniter\CodeIgniter->handleRequest(NULL, Object(Config\Cache), false)
#10 /Applications/MAMP/htdocs/qualitydb/system/Boot.php(325): CodeIgniter\CodeIgniter->run()
#11 /Applications/MAMP/htdocs/qualitydb/system/Boot.php(67): CodeIgniter\Boot::runCodeIgniter(Object(CodeIgniter\CodeIgniter))
#12 /Applications/MAMP/htdocs/qualitydb/public/index.php(56): CodeIgniter\Boot::bootWeb(Object(Config\Paths))
#13 {main}
CRITICAL - 2024-07-30 21:00:56 --> CodeIgniter\Database\Exceptions\DatabaseException: Unable to connect to the database.
Main connection [MySQLi]: No such file or directory
[Method: POST, Route: signIn]
in SYSTEMPATH/Database/BaseConnection.php on line 467.
 1 SYSTEMPATH/Database/BaseConnection.php(614): CodeIgniter\Database\BaseConnection->initialize()
 2 SYSTEMPATH/Database/BaseBuilder.php(1637): CodeIgniter\Database\BaseConnection->query('SELECT *
FROM `users`
WHERE `username` = :username:
AND `password` = :password:
 LIMIT 1', [...], false)
 3 SYSTEMPATH/Model.php(330): CodeIgniter\Database\BaseBuilder->get()
 4 SYSTEMPATH/BaseModel.php(714): CodeIgniter\Model->doFirst()
 5 APPPATH/Models/loginModel.php(21): CodeIgniter\BaseModel->first()
 6 APPPATH/Controllers/loginCont.php(22): App\Models\loginModel->getUserByUsernameAndPassword('anapruneda', '3456$78#90')
 7 SYSTEMPATH/CodeIgniter.php(933): App\Controllers\loginCont->signIn()
 8 SYSTEMPATH/CodeIgniter.php(509): CodeIgniter\CodeIgniter->runController(Object(App\Controllers\loginCont))
 9 SYSTEMPATH/CodeIgniter.php(355): CodeIgniter\CodeIgniter->handleRequest(null, Object(Config\Cache), false)
10 SYSTEMPATH/Boot.php(325): CodeIgniter\CodeIgniter->run()
11 SYSTEMPATH/Boot.php(67): CodeIgniter\Boot::runCodeIgniter(Object(CodeIgniter\CodeIgniter))
12 FCPATH/index.php(56): CodeIgniter\Boot::bootWeb(Object(Config\Paths))
INFO - 2024-07-30 21:02:06 --> Session: Class initialized using 'CodeIgniter\Session\Handlers\FileHandler' driver.
WARNING - 2024-07-30 21:02:06 --> Session: Sessions is enabled, and one exists. Please don't $session->start();
ERROR - 2024-07-30 21:02:07 --> Error connecting to the database: mysqli_sql_exception: No such file or directory in /Applications/MAMP/htdocs/qualitydb/system/Database/MySQLi/Connection.php:186
Stack trace:
#0 /Applications/MAMP/htdocs/qualitydb/system/Database/MySQLi/Connection.php(186): mysqli->real_connect('localhost', 'root', Object(SensitiveParameterValue), 'quality', 8888, '', 0)
#1 /Applications/MAMP/htdocs/qualitydb/system/Database/BaseConnection.php(421): CodeIgniter\Database\MySQLi\Connection->connect(false)
#2 /Applications/MAMP/htdocs/qualitydb/system/Database/BaseConnection.php(614): CodeIgniter\Database\BaseConnection->initialize()
#3 /Applications/MAMP/htdocs/qualitydb/system/Database/BaseBuilder.php(1637): CodeIgniter\Database\BaseConnection->query('SELECT *\nFROM `...', Array, false)
#4 /Applications/MAMP/htdocs/qualitydb/system/Model.php(286): CodeIgniter\Database\BaseBuilder->get()
#5 /Applications/MAMP/htdocs/qualitydb/system/BaseModel.php(676): CodeIgniter\Model->doFindAll(0, 0)
#6 /Applications/MAMP/htdocs/qualitydb/app/Controllers/RegisterCont.php(10): CodeIgniter\BaseModel->findAll()
#7 /Applications/MAMP/htdocs/qualitydb/system/CodeIgniter.php(933): App\Controllers\RegisterCont->index()
#8 /Applications/MAMP/htdocs/qualitydb/system/CodeIgniter.php(509): CodeIgniter\CodeIgniter->runController(Object(App\Controllers\RegisterCont))
#9 /Applications/MAMP/htdocs/qualitydb/system/CodeIgniter.php(355): CodeIgniter\CodeIgniter->handleRequest(NULL, Object(Config\Cache), false)
#10 /Applications/MAMP/htdocs/qualitydb/system/Boot.php(325): CodeIgniter\CodeIgniter->run()
#11 /Applications/MAMP/htdocs/qualitydb/system/Boot.php(67): CodeIgniter\Boot::runCodeIgniter(Object(CodeIgniter\CodeIgniter))
#12 /Applications/MAMP/htdocs/qualitydb/public/index.php(56): CodeIgniter\Boot::bootWeb(Object(Config\Paths))
#13 {main}

Next CodeIgniter\Database\Exceptions\DatabaseException: No such file or directory in /Applications/MAMP/htdocs/qualitydb/system/Database/MySQLi/Connection.php:231
Stack trace:
#0 /Applications/MAMP/htdocs/qualitydb/system/Database/BaseConnection.php(421): CodeIgniter\Database\MySQLi\Connection->connect(false)
#1 /Applications/MAMP/htdocs/qualitydb/system/Database/BaseConnection.php(614): CodeIgniter\Database\BaseConnection->initialize()
#2 /Applications/MAMP/htdocs/qualitydb/system/Database/BaseBuilder.php(1637): CodeIgniter\Database\BaseConnection->query('SELECT *\nFROM `...', Array, false)
#3 /Applications/MAMP/htdocs/qualitydb/system/Model.php(286): CodeIgniter\Database\BaseBuilder->get()
#4 /Applications/MAMP/htdocs/qualitydb/system/BaseModel.php(676): CodeIgniter\Model->doFindAll(0, 0)
#5 /Applications/MAMP/htdocs/qualitydb/app/Controllers/RegisterCont.php(10): CodeIgniter\BaseModel->findAll()
#6 /Applications/MAMP/htdocs/qualitydb/system/CodeIgniter.php(933): App\Controllers\RegisterCont->index()
#7 /Applications/MAMP/htdocs/qualitydb/system/CodeIgniter.php(509): CodeIgniter\CodeIgniter->runController(Object(App\Controllers\RegisterCont))
#8 /Applications/MAMP/htdocs/qualitydb/system/CodeIgniter.php(355): CodeIgniter\CodeIgniter->handleRequest(NULL, Object(Config\Cache), false)
#9 /Applications/MAMP/htdocs/qualitydb/system/Boot.php(325): CodeIgniter\CodeIgniter->run()
#10 /Applications/MAMP/htdocs/qualitydb/system/Boot.php(67): CodeIgniter\Boot::runCodeIgniter(Object(CodeIgniter\CodeIgniter))
#11 /Applications/MAMP/htdocs/qualitydb/public/index.php(56): CodeIgniter\Boot::bootWeb(Object(Config\Paths))
#12 {main}
CRITICAL - 2024-07-30 21:02:07 --> CodeIgniter\Database\Exceptions\DatabaseException: Unable to connect to the database.
Main connection [MySQLi]: No such file or directory
[Method: GET, Route: register]
in SYSTEMPATH/Database/BaseConnection.php on line 467.
 1 SYSTEMPATH/Database/BaseConnection.php(614): CodeIgniter\Database\BaseConnection->initialize()
 2 SYSTEMPATH/Database/BaseBuilder.php(1637): CodeIgniter\Database\BaseConnection->query('SELECT *
FROM `users`', [], false)
 3 SYSTEMPATH/Model.php(286): CodeIgniter\Database\BaseBuilder->get()
 4 SYSTEMPATH/BaseModel.php(676): CodeIgniter\Model->doFindAll(0, 0)
 5 APPPATH/Controllers/RegisterCont.php(10): CodeIgniter\BaseModel->findAll()
 6 SYSTEMPATH/CodeIgniter.php(933): App\Controllers\RegisterCont->index()
 7 SYSTEMPATH/CodeIgniter.php(509): CodeIgniter\CodeIgniter->runController(Object(App\Controllers\RegisterCont))
 8 SYSTEMPATH/CodeIgniter.php(355): CodeIgniter\CodeIgniter->handleRequest(null, Object(Config\Cache), false)
 9 SYSTEMPATH/Boot.php(325): CodeIgniter\CodeIgniter->run()
10 SYSTEMPATH/Boot.php(67): CodeIgniter\Boot::runCodeIgniter(Object(CodeIgniter\CodeIgniter))
11 FCPATH/index.php(56): CodeIgniter\Boot::bootWeb(Object(Config\Paths))
INFO - 2024-07-30 21:02:39 --> Session: Class initialized using 'CodeIgniter\Session\Handlers\FileHandler' driver.
WARNING - 2024-07-30 21:02:39 --> Session: Sessions is enabled, and one exists. Please don't $session->start();
INFO - 2024-07-30 21:04:11 --> Session: Class initialized using 'CodeIgniter\Session\Handlers\FileHandler' driver.
WARNING - 2024-07-30 21:04:11 --> Session: Sessions is enabled, and one exists. Please don't $session->start();
INFO - 2024-07-30 21:04:14 --> Session: Class initialized using 'CodeIgniter\Session\Handlers\FileHandler' driver.
WARNING - 2024-07-30 21:04:14 --> Session: Sessions is enabled, and one exists. Please don't $session->start();
INFO - 2024-07-30 21:04:17 --> Session: Class initialized using 'CodeIgniter\Session\Handlers\FileHandler' driver.
WARNING - 2024-07-30 21:04:17 --> Session: Sessions is enabled, and one exists. Please don't $session->start();
INFO - 2024-07-30 21:04:17 --> Session: Class initialized using 'CodeIgniter\Session\Handlers\FileHandler' driver.
WARNING - 2024-07-30 21:04:17 --> Session: Sessions is enabled, and one exists. Please don't $session->start();
INFO - 2024-07-30 21:05:00 --> Session: Class initialized using 'CodeIgniter\Session\Handlers\FileHandler' driver.
WARNING - 2024-07-30 21:05:00 --> Session: Sessions is enabled, and one exists. Please don't $session->start();
INFO - 2024-07-30 21:05:03 --> Session: Class initialized using 'CodeIgniter\Session\Handlers\FileHandler' driver.
WARNING - 2024-07-30 21:05:03 --> Session: Sessions is enabled, and one exists. Please don't $session->start();
INFO - 2024-07-30 21:05:23 --> Session: Class initialized using 'CodeIgniter\Session\Handlers\FileHandler' driver.
WARNING - 2024-07-30 21:05:23 --> Session: Sessions is enabled, and one exists. Please don't $session->start();
INFO - 2024-07-30 21:05:33 --> Session: Class initialized using 'CodeIgniter\Session\Handlers\FileHandler' driver.
WARNING - 2024-07-30 21:05:33 --> Session: Sessions is enabled, and one exists. Please don't $session->start();
INFO - 2024-07-30 21:05:34 --> Session: Class initialized using 'CodeIgniter\Session\Handlers\FileHandler' driver.
WARNING - 2024-07-30 21:05:34 --> Session: Sessions is enabled, and one exists. Please don't $session->start();
INFO - 2024-07-30 21:05:38 --> Session: Class initialized using 'CodeIgniter\Session\Handlers\FileHandler' driver.
WARNING - 2024-07-30 21:05:38 --> Session: Sessions is enabled, and one exists. Please don't $session->start();
INFO - 2024-07-30 21:05:45 --> Session: Class initialized using 'CodeIgniter\Session\Handlers\FileHandler' driver.
WARNING - 2024-07-30 21:05:45 --> Session: Sessions is enabled, and one exists. Please don't $session->start();
INFO - 2024-07-30 21:05:51 --> Session: Class initialized using 'CodeIgniter\Session\Handlers\FileHandler' driver.
WARNING - 2024-07-30 21:05:51 --> Session: Sessions is enabled, and one exists. Please don't $session->start();
INFO - 2024-07-30 21:06:03 --> Session: Class initialized using 'CodeIgniter\Session\Handlers\FileHandler' driver.
WARNING - 2024-07-30 21:06:03 --> Session: Sessions is enabled, and one exists. Please don't $session->start();
INFO - 2024-07-30 21:06:06 --> Session: Class initialized using 'CodeIgniter\Session\Handlers\FileHandler' driver.
WARNING - 2024-07-30 21:06:06 --> Session: Sessions is enabled, and one exists. Please don't $session->start();
INFO - 2024-07-30 21:06:07 --> Session: Class initialized using 'CodeIgniter\Session\Handlers\FileHandler' driver.
WARNING - 2024-07-30 21:06:07 --> Session: Sessions is enabled, and one exists. Please don't $session->start();
INFO - 2024-07-30 21:06:09 --> Session: Class initialized using 'CodeIgniter\Session\Handlers\FileHandler' driver.
WARNING - 2024-07-30 21:06:09 --> Session: Sessions is enabled, and one exists. Please don't $session->start();
INFO - 2024-07-30 21:06:11 --> Session: Class initialized using 'CodeIgniter\Session\Handlers\FileHandler' driver.
WARNING - 2024-07-30 21:06:11 --> Session: Sessions is enabled, and one exists. Please don't $session->start();
INFO - 2024-07-30 21:06:13 --> Session: Class initialized using 'CodeIgniter\Session\Handlers\FileHandler' driver.
WARNING - 2024-07-30 21:06:13 --> Session: Sessions is enabled, and one exists. Please don't $session->start();
INFO - 2024-07-30 21:06:32 --> Session: Class initialized using 'CodeIgniter\Session\Handlers\FileHandler' driver.
WARNING - 2024-07-30 21:06:32 --> Session: Sessions is enabled, and one exists. Please don't $session->start();
INFO - 2024-07-30 21:06:34 --> Session: Class initialized using 'CodeIgniter\Session\Handlers\FileHandler' driver.
WARNING - 2024-07-30 21:06:34 --> Session: Sessions is enabled, and one exists. Please don't $session->start();
INFO - 2024-07-30 21:06:35 --> Session: Class initialized using 'CodeIgniter\Session\Handlers\FileHandler' driver.
WARNING - 2024-07-30 21:06:35 --> Session: Sessions is enabled, and one exists. Please don't $session->start();
INFO - 2024-07-30 21:06:37 --> Session: Class initialized using 'CodeIgniter\Session\Handlers\FileHandler' driver.
WARNING - 2024-07-30 21:06:37 --> Session: Sessions is enabled, and one exists. Please don't $session->start();
INFO - 2024-07-30 21:06:42 --> Session: Class initialized using 'CodeIgniter\Session\Handlers\FileHandler' driver.
WARNING - 2024-07-30 21:06:42 --> Session: Sessions is enabled, and one exists. Please don't $session->start();
INFO - 2024-07-30 21:06:45 --> Session: Class initialized using 'CodeIgniter\Session\Handlers\FileHandler' driver.
WARNING - 2024-07-30 21:06:45 --> Session: Sessions is enabled, and one exists. Please don't $session->start();
INFO - 2024-07-30 21:06:46 --> Session: Class initialized using 'CodeIgniter\Session\Handlers\FileHandler' driver.
WARNING - 2024-07-30 21:06:46 --> Session: Sessions is enabled, and one exists. Please don't $session->start();
INFO - 2024-07-30 21:06:50 --> Session: Class initialized using 'CodeIgniter\Session\Handlers\FileHandler' driver.
WARNING - 2024-07-30 21:06:50 --> Session: Sessions is enabled, and one exists. Please don't $session->start();
INFO - 2024-07-30 21:06:55 --> Session: Class initialized using 'CodeIgniter\Session\Handlers\FileHandler' driver.
WARNING - 2024-07-30 21:06:55 --> Session: Sessions is enabled, and one exists. Please don't $session->start();
INFO - 2024-07-30 21:06:58 --> Session: Class initialized using 'CodeIgniter\Session\Handlers\FileHandler' driver.
WARNING - 2024-07-30 21:06:58 --> Session: Sessions is enabled, and one exists. Please don't $session->start();
INFO - 2024-07-30 21:07:00 --> Session: Class initialized using 'CodeIgniter\Session\Handlers\FileHandler' driver.
WARNING - 2024-07-30 21:07:00 --> Session: Sessions is enabled, and one exists. Please don't $session->start();
INFO - 2024-07-30 21:07:03 --> Session: Class initialized using 'CodeIgniter\Session\Handlers\FileHandler' driver.
WARNING - 2024-07-30 21:07:03 --> Session: Sessions is enabled, and one exists. Please don't $session->start();
INFO - 2024-07-30 21:07:26 --> Session: Class initialized using 'CodeIgniter\Session\Handlers\FileHandler' driver.
WARNING - 2024-07-30 21:07:26 --> Session: Sessions is enabled, and one exists. Please don't $session->start();
INFO - 2024-07-30 21:07:28 --> Session: Class initialized using 'CodeIgniter\Session\Handlers\FileHandler' driver.
WARNING - 2024-07-30 21:07:28 --> Session: Sessions is enabled, and one exists. Please don't $session->start();
INFO - 2024-07-30 21:07:32 --> Session: Class initialized using 'CodeIgniter\Session\Handlers\FileHandler' driver.
WARNING - 2024-07-30 21:07:32 --> Session: Sessions is enabled, and one exists. Please don't $session->start();
INFO - 2024-07-30 21:08:01 --> Session: Class initialized using 'CodeIgniter\Session\Handlers\FileHandler' driver.
WARNING - 2024-07-30 21:08:01 --> Session: Sessions is enabled, and one exists. Please don't $session->start();
CRITICAL - 2024-07-30 21:08:01 --> ParseError: syntax error, unexpected string content "/misc">Miscellaneous</a>"
[Method: GET, Route: home]
in APPPATH/Views/quality/home.php on line 25.
 1 SYSTEMPATH/View/View.php(237): CodeIgniter\View\View->CodeIgniter\View\{closure}()
 2 SYSTEMPATH/Common.php(1171): CodeIgniter\View\View->render('quality/home', [], true)
 3 APPPATH/Controllers/Home.php(8): view('quality/home')
 4 SYSTEMPATH/CodeIgniter.php(933): App\Controllers\Home->index()
 5 SYSTEMPATH/CodeIgniter.php(509): CodeIgniter\CodeIgniter->runController(Object(App\Controllers\Home))
 6 SYSTEMPATH/CodeIgniter.php(355): CodeIgniter\CodeIgniter->handleRequest(null, Object(Config\Cache), false)
 7 SYSTEMPATH/Boot.php(325): CodeIgniter\CodeIgniter->run()
 8 SYSTEMPATH/Boot.php(67): CodeIgniter\Boot::runCodeIgniter(Object(CodeIgniter\CodeIgniter))
 9 FCPATH/index.php(56): CodeIgniter\Boot::bootWeb(Object(Config\Paths))
INFO - 2024-07-30 21:19:28 --> Session: Class initialized using 'CodeIgniter\Session\Handlers\FileHandler' driver.
WARNING - 2024-07-30 21:19:28 --> Session: Sessions is enabled, and one exists. Please don't $session->start();
INFO - 2024-07-30 21:20:46 --> Session: Class initialized using 'CodeIgniter\Session\Handlers\FileHandler' driver.
WARNING - 2024-07-30 21:20:46 --> Session: Sessions is enabled, and one exists. Please don't $session->start();
