INFO - 2024-10-04 20:01:10 --> Session: Class initialized using 'CodeIgniter\Session\Handlers\FileHandler' driver.
WARNING - 2024-10-04 20:01:10 --> [DEPRECATED] htmlspecialchars(): Passing null to parameter #1 ($string) of type string is deprecated in APPPATH\Views\quality\databases\encabezado.php on line 81.
 1 APPPATH\Views\quality\databases\encabezado.php(81): htmlspecialchars(null)
 2 APPPATH\Views\quality\databases\home.php(1): require('C:\\xampp\\htdocs\\quality\\app\\Views\\quality\\databases\\encabezado.php')
 3 SYSTEMPATH\View\View.php(234): include('C:\\xampp\\htdocs\\quality\\app\\Views\\quality\\databases\\home.php')
 4 SYSTEMPATH\View\View.php(237): CodeIgniter\View\View->CodeIgniter\View\{closure}()
 5 SYSTEMPATH\Common.php(1171): CodeIgniter\View\View->render('quality/databases/home', [], true)
 6 APPPATH\Controllers\Home.php(8): view('quality/databases/home')
 7 SYSTEMPATH\CodeIgniter.php(933): App\Controllers\Home->index()
 8 SYSTEMPATH\CodeIgniter.php(509): CodeIgniter\CodeIgniter->runController(Object(App\Controllers\Home))
 9 SYSTEMPATH\CodeIgniter.php(355): CodeIgniter\CodeIgniter->handleRequest(null, Object(Config\Cache), false)
10 SYSTEMPATH\Boot.php(325): CodeIgniter\CodeIgniter->run()
11 SYSTEMPATH\Boot.php(67): CodeIgniter\Boot::runCodeIgniter(Object(CodeIgniter\CodeIgniter))
12 FCPATH\index.php(56): CodeIgniter\Boot::bootWeb(Object(Config\Paths))
INFO - 2024-10-04 20:01:14 --> Session: Class initialized using 'CodeIgniter\Session\Handlers\FileHandler' driver.
WARNING - 2024-10-04 20:01:14 --> [DEPRECATED] htmlspecialchars(): Passing null to parameter #1 ($string) of type string is deprecated in APPPATH\Views\quality\databases\encabezado.php on line 81.
 1 APPPATH\Views\quality\databases\encabezado.php(81): htmlspecialchars(null)
 2 APPPATH\Views\quality\databases\home.php(1): require('C:\\xampp\\htdocs\\quality\\app\\Views\\quality\\databases\\encabezado.php')
 3 SYSTEMPATH\View\View.php(234): include('C:\\xampp\\htdocs\\quality\\app\\Views\\quality\\databases\\home.php')
 4 SYSTEMPATH\View\View.php(237): CodeIgniter\View\View->CodeIgniter\View\{closure}()
 5 SYSTEMPATH\Common.php(1171): CodeIgniter\View\View->render('quality/databases/home', [], true)
 6 APPPATH\Controllers\Home.php(8): view('quality/databases/home')
 7 SYSTEMPATH\CodeIgniter.php(933): App\Controllers\Home->index()
 8 SYSTEMPATH\CodeIgniter.php(509): CodeIgniter\CodeIgniter->runController(Object(App\Controllers\Home))
 9 SYSTEMPATH\CodeIgniter.php(355): CodeIgniter\CodeIgniter->handleRequest(null, Object(Config\Cache), false)
10 SYSTEMPATH\Boot.php(325): CodeIgniter\CodeIgniter->run()
11 SYSTEMPATH\Boot.php(67): CodeIgniter\Boot::runCodeIgniter(Object(CodeIgniter\CodeIgniter))
12 FCPATH\index.php(56): CodeIgniter\Boot::bootWeb(Object(Config\Paths))
INFO - 2024-10-04 20:01:21 --> Session: Class initialized using 'CodeIgniter\Session\Handlers\FileHandler' driver.
WARNING - 2024-10-04 20:01:21 --> [DEPRECATED] htmlspecialchars(): Passing null to parameter #1 ($string) of type string is deprecated in APPPATH\Views\quality\dashboard\encabezado.php on line 73.
 1 APPPATH\Views\quality\dashboard\encabezado.php(73): htmlspecialchars(null)
 2 APPPATH\Views\quality\dashboard\inicio.php(1): require('C:\\xampp\\htdocs\\quality\\app\\Views\\quality\\dashboard\\encabezado.php')
 3 SYSTEMPATH\View\View.php(234): include('C:\\xampp\\htdocs\\quality\\app\\Views\\quality\\dashboard\\inicio.php')
 4 SYSTEMPATH\View\View.php(237): CodeIgniter\View\View->CodeIgniter\View\{closure}()
 5 SYSTEMPATH\Common.php(1171): CodeIgniter\View\View->render('quality/dashboard/inicio', [], true)
 6 APPPATH\Controllers\dashboardCont.php(10): view('quality/dashboard/inicio')
 7 SYSTEMPATH\CodeIgniter.php(933): App\Controllers\dashboardCont->index()
 8 SYSTEMPATH\CodeIgniter.php(509): CodeIgniter\CodeIgniter->runController(Object(App\Controllers\dashboardCont))
 9 SYSTEMPATH\CodeIgniter.php(355): CodeIgniter\CodeIgniter->handleRequest(null, Object(Config\Cache), false)
10 SYSTEMPATH\Boot.php(325): CodeIgniter\CodeIgniter->run()
11 SYSTEMPATH\Boot.php(67): CodeIgniter\Boot::runCodeIgniter(Object(CodeIgniter\CodeIgniter))
12 FCPATH\index.php(56): CodeIgniter\Boot::bootWeb(Object(Config\Paths))
INFO - 2024-10-04 20:01:24 --> Session: Class initialized using 'CodeIgniter\Session\Handlers\FileHandler' driver.
WARNING - 2024-10-04 20:01:24 --> [DEPRECATED] htmlspecialchars(): Passing null to parameter #1 ($string) of type string is deprecated in APPPATH\Views\quality\dashboard\encabezado.php on line 73.
 1 APPPATH\Views\quality\dashboard\encabezado.php(73): htmlspecialchars(null)
 2 APPPATH\Views\quality\dashboard\inicio.php(1): require('C:\\xampp\\htdocs\\quality\\app\\Views\\quality\\dashboard\\encabezado.php')
 3 SYSTEMPATH\View\View.php(234): include('C:\\xampp\\htdocs\\quality\\app\\Views\\quality\\dashboard\\inicio.php')
 4 SYSTEMPATH\View\View.php(237): CodeIgniter\View\View->CodeIgniter\View\{closure}()
 5 SYSTEMPATH\Common.php(1171): CodeIgniter\View\View->render('quality/dashboard/inicio', [], true)
 6 APPPATH\Controllers\dashboardCont.php(10): view('quality/dashboard/inicio')
 7 SYSTEMPATH\CodeIgniter.php(933): App\Controllers\dashboardCont->index()
 8 SYSTEMPATH\CodeIgniter.php(509): CodeIgniter\CodeIgniter->runController(Object(App\Controllers\dashboardCont))
 9 SYSTEMPATH\CodeIgniter.php(355): CodeIgniter\CodeIgniter->handleRequest(null, Object(Config\Cache), false)
10 SYSTEMPATH\Boot.php(325): CodeIgniter\CodeIgniter->run()
11 SYSTEMPATH\Boot.php(67): CodeIgniter\Boot::runCodeIgniter(Object(CodeIgniter\CodeIgniter))
12 FCPATH\index.php(56): CodeIgniter\Boot::bootWeb(Object(Config\Paths))
INFO - 2024-10-04 20:03:55 --> Session: Class initialized using 'CodeIgniter\Session\Handlers\FileHandler' driver.
WARNING - 2024-10-04 20:03:55 --> [DEPRECATED] htmlspecialchars(): Passing null to parameter #1 ($string) of type string is deprecated in APPPATH\Views\quality\databases\encabezado.php on line 81.
 1 APPPATH\Views\quality\databases\encabezado.php(81): htmlspecialchars(null)
 2 APPPATH\Views\quality\databases\home.php(1): require('C:\\xampp\\htdocs\\quality\\app\\Views\\quality\\databases\\encabezado.php')
 3 SYSTEMPATH\View\View.php(234): include('C:\\xampp\\htdocs\\quality\\app\\Views\\quality\\databases\\home.php')
 4 SYSTEMPATH\View\View.php(237): CodeIgniter\View\View->CodeIgniter\View\{closure}()
 5 SYSTEMPATH\Common.php(1171): CodeIgniter\View\View->render('quality/databases/home', [], true)
 6 APPPATH\Controllers\Home.php(8): view('quality/databases/home')
 7 SYSTEMPATH\CodeIgniter.php(933): App\Controllers\Home->index()
 8 SYSTEMPATH\CodeIgniter.php(509): CodeIgniter\CodeIgniter->runController(Object(App\Controllers\Home))
 9 SYSTEMPATH\CodeIgniter.php(355): CodeIgniter\CodeIgniter->handleRequest(null, Object(Config\Cache), false)
10 SYSTEMPATH\Boot.php(325): CodeIgniter\CodeIgniter->run()
11 SYSTEMPATH\Boot.php(67): CodeIgniter\Boot::runCodeIgniter(Object(CodeIgniter\CodeIgniter))
12 FCPATH\index.php(56): CodeIgniter\Boot::bootWeb(Object(Config\Paths))
INFO - 2024-10-04 20:08:57 --> Session: Class initialized using 'CodeIgniter\Session\Handlers\FileHandler' driver.
WARNING - 2024-10-04 20:08:57 --> [DEPRECATED] htmlspecialchars(): Passing null to parameter #1 ($string) of type string is deprecated in APPPATH\Views\quality\databases\encabezado.php on line 81.
 1 APPPATH\Views\quality\databases\encabezado.php(81): htmlspecialchars(null)
 2 APPPATH\Views\quality\databases\home.php(1): require('C:\\xampp\\htdocs\\quality\\app\\Views\\quality\\databases\\encabezado.php')
 3 SYSTEMPATH\View\View.php(234): include('C:\\xampp\\htdocs\\quality\\app\\Views\\quality\\databases\\home.php')
 4 SYSTEMPATH\View\View.php(237): CodeIgniter\View\View->CodeIgniter\View\{closure}()
 5 SYSTEMPATH\Common.php(1171): CodeIgniter\View\View->render('quality/databases/home', [], true)
 6 APPPATH\Controllers\Home.php(8): view('quality/databases/home')
 7 SYSTEMPATH\CodeIgniter.php(933): App\Controllers\Home->index()
 8 SYSTEMPATH\CodeIgniter.php(509): CodeIgniter\CodeIgniter->runController(Object(App\Controllers\Home))
 9 SYSTEMPATH\CodeIgniter.php(355): CodeIgniter\CodeIgniter->handleRequest(null, Object(Config\Cache), false)
10 SYSTEMPATH\Boot.php(325): CodeIgniter\CodeIgniter->run()
11 SYSTEMPATH\Boot.php(67): CodeIgniter\Boot::runCodeIgniter(Object(CodeIgniter\CodeIgniter))
12 FCPATH\index.php(56): CodeIgniter\Boot::bootWeb(Object(Config\Paths))
INFO - 2024-10-04 20:09:06 --> Session: Class initialized using 'CodeIgniter\Session\Handlers\FileHandler' driver.
WARNING - 2024-10-04 20:09:06 --> [DEPRECATED] htmlspecialchars(): Passing null to parameter #1 ($string) of type string is deprecated in APPPATH\Views\quality\dashboard\encabezado.php on line 73.
 1 APPPATH\Views\quality\dashboard\encabezado.php(73): htmlspecialchars(null)
 2 APPPATH\Views\quality\dashboard\inicio.php(1): require('C:\\xampp\\htdocs\\quality\\app\\Views\\quality\\dashboard\\encabezado.php')
 3 SYSTEMPATH\View\View.php(234): include('C:\\xampp\\htdocs\\quality\\app\\Views\\quality\\dashboard\\inicio.php')
 4 SYSTEMPATH\View\View.php(237): CodeIgniter\View\View->CodeIgniter\View\{closure}()
 5 SYSTEMPATH\Common.php(1171): CodeIgniter\View\View->render('quality/dashboard/inicio', [], true)
 6 APPPATH\Controllers\dashboardCont.php(10): view('quality/dashboard/inicio')
 7 SYSTEMPATH\CodeIgniter.php(933): App\Controllers\dashboardCont->index()
 8 SYSTEMPATH\CodeIgniter.php(509): CodeIgniter\CodeIgniter->runController(Object(App\Controllers\dashboardCont))
 9 SYSTEMPATH\CodeIgniter.php(355): CodeIgniter\CodeIgniter->handleRequest(null, Object(Config\Cache), false)
10 SYSTEMPATH\Boot.php(325): CodeIgniter\CodeIgniter->run()
11 SYSTEMPATH\Boot.php(67): CodeIgniter\Boot::runCodeIgniter(Object(CodeIgniter\CodeIgniter))
12 FCPATH\index.php(56): CodeIgniter\Boot::bootWeb(Object(Config\Paths))
CRITICAL - 2024-10-04 20:09:06 --> ErrorException: Undefined variable $top_defect1
[Method: GET, Route: dashboard/inicio]
in APPPATH\Views\quality\dashboard\inicio.php on line 19.
 1 APPPATH\Views\quality\dashboard\inicio.php(19): CodeIgniter\Debug\Exceptions->errorHandler(2, 'Undefined variable $top_defect1', 'C:\\xampp\\htdocs\\quality\\app\\Views\\quality\\dashboard\\inicio.php', 19)
 2 SYSTEMPATH\View\View.php(234): include('C:\\xampp\\htdocs\\quality\\app\\Views\\quality\\dashboard\\inicio.php')
 3 SYSTEMPATH\View\View.php(237): CodeIgniter\View\View->CodeIgniter\View\{closure}()
 4 SYSTEMPATH\Common.php(1171): CodeIgniter\View\View->render('quality/dashboard/inicio', [], true)
 5 APPPATH\Controllers\dashboardCont.php(10): view('quality/dashboard/inicio')
 6 SYSTEMPATH\CodeIgniter.php(933): App\Controllers\dashboardCont->index()
 7 SYSTEMPATH\CodeIgniter.php(509): CodeIgniter\CodeIgniter->runController(Object(App\Controllers\dashboardCont))
 8 SYSTEMPATH\CodeIgniter.php(355): CodeIgniter\CodeIgniter->handleRequest(null, Object(Config\Cache), false)
 9 SYSTEMPATH\Boot.php(325): CodeIgniter\CodeIgniter->run()
10 SYSTEMPATH\Boot.php(67): CodeIgniter\Boot::runCodeIgniter(Object(CodeIgniter\CodeIgniter))
11 FCPATH\index.php(56): CodeIgniter\Boot::bootWeb(Object(Config\Paths))
INFO - 2024-10-04 20:17:03 --> Session: Class initialized using 'CodeIgniter\Session\Handlers\FileHandler' driver.
WARNING - 2024-10-04 20:17:03 --> [DEPRECATED] htmlspecialchars(): Passing null to parameter #1 ($string) of type string is deprecated in APPPATH\Views\quality\databases\encabezado.php on line 81.
 1 APPPATH\Views\quality\databases\encabezado.php(81): htmlspecialchars(null)
 2 APPPATH\Views\quality\databases\home.php(1): require('C:\\xampp\\htdocs\\quality\\app\\Views\\quality\\databases\\encabezado.php')
 3 SYSTEMPATH\View\View.php(234): include('C:\\xampp\\htdocs\\quality\\app\\Views\\quality\\databases\\home.php')
 4 SYSTEMPATH\View\View.php(237): CodeIgniter\View\View->CodeIgniter\View\{closure}()
 5 SYSTEMPATH\Common.php(1171): CodeIgniter\View\View->render('quality/databases/home', [], true)
 6 APPPATH\Controllers\Home.php(8): view('quality/databases/home')
 7 SYSTEMPATH\CodeIgniter.php(933): App\Controllers\Home->index()
 8 SYSTEMPATH\CodeIgniter.php(509): CodeIgniter\CodeIgniter->runController(Object(App\Controllers\Home))
 9 SYSTEMPATH\CodeIgniter.php(355): CodeIgniter\CodeIgniter->handleRequest(null, Object(Config\Cache), false)
10 SYSTEMPATH\Boot.php(325): CodeIgniter\CodeIgniter->run()
11 SYSTEMPATH\Boot.php(67): CodeIgniter\Boot::runCodeIgniter(Object(CodeIgniter\CodeIgniter))
12 FCPATH\index.php(56): CodeIgniter\Boot::bootWeb(Object(Config\Paths))
INFO - 2024-10-04 20:17:12 --> Session: Class initialized using 'CodeIgniter\Session\Handlers\FileHandler' driver.
WARNING - 2024-10-04 20:17:12 --> [DEPRECATED] htmlspecialchars(): Passing null to parameter #1 ($string) of type string is deprecated in APPPATH\Views\quality\dashboard\encabezado.php on line 73.
 1 APPPATH\Views\quality\dashboard\encabezado.php(73): htmlspecialchars(null)
 2 APPPATH\Views\quality\dashboard\inicio.php(1): require('C:\\xampp\\htdocs\\quality\\app\\Views\\quality\\dashboard\\encabezado.php')
 3 SYSTEMPATH\View\View.php(234): include('C:\\xampp\\htdocs\\quality\\app\\Views\\quality\\dashboard\\inicio.php')
 4 SYSTEMPATH\View\View.php(237): CodeIgniter\View\View->CodeIgniter\View\{closure}()
 5 SYSTEMPATH\Common.php(1171): CodeIgniter\View\View->render('quality/dashboard/inicio', [], true)
 6 APPPATH\Controllers\dashboardCont.php(10): view('quality/dashboard/inicio')
 7 SYSTEMPATH\CodeIgniter.php(933): App\Controllers\dashboardCont->index()
 8 SYSTEMPATH\CodeIgniter.php(509): CodeIgniter\CodeIgniter->runController(Object(App\Controllers\dashboardCont))
 9 SYSTEMPATH\CodeIgniter.php(355): CodeIgniter\CodeIgniter->handleRequest(null, Object(Config\Cache), false)
10 SYSTEMPATH\Boot.php(325): CodeIgniter\CodeIgniter->run()
11 SYSTEMPATH\Boot.php(67): CodeIgniter\Boot::runCodeIgniter(Object(CodeIgniter\CodeIgniter))
12 FCPATH\index.php(56): CodeIgniter\Boot::bootWeb(Object(Config\Paths))
CRITICAL - 2024-10-04 20:17:12 --> ErrorException: Undefined variable $defectos
[Method: GET, Route: dashboard/inicio]
in APPPATH\Views\quality\dashboard\inicio.php on line 21.
 1 APPPATH\Views\quality\dashboard\inicio.php(21): CodeIgniter\Debug\Exceptions->errorHandler(2, 'Undefined variable $defectos', 'C:\\xampp\\htdocs\\quality\\app\\Views\\quality\\dashboard\\inicio.php', 21)
 2 SYSTEMPATH\View\View.php(234): include('C:\\xampp\\htdocs\\quality\\app\\Views\\quality\\dashboard\\inicio.php')
 3 SYSTEMPATH\View\View.php(237): CodeIgniter\View\View->CodeIgniter\View\{closure}()
 4 SYSTEMPATH\Common.php(1171): CodeIgniter\View\View->render('quality/dashboard/inicio', [], true)
 5 APPPATH\Controllers\dashboardCont.php(10): view('quality/dashboard/inicio')
 6 SYSTEMPATH\CodeIgniter.php(933): App\Controllers\dashboardCont->index()
 7 SYSTEMPATH\CodeIgniter.php(509): CodeIgniter\CodeIgniter->runController(Object(App\Controllers\dashboardCont))
 8 SYSTEMPATH\CodeIgniter.php(355): CodeIgniter\CodeIgniter->handleRequest(null, Object(Config\Cache), false)
 9 SYSTEMPATH\Boot.php(325): CodeIgniter\CodeIgniter->run()
10 SYSTEMPATH\Boot.php(67): CodeIgniter\Boot::runCodeIgniter(Object(CodeIgniter\CodeIgniter))
11 FCPATH\index.php(56): CodeIgniter\Boot::bootWeb(Object(Config\Paths))
INFO - 2024-10-04 20:20:17 --> Session: Class initialized using 'CodeIgniter\Session\Handlers\FileHandler' driver.
WARNING - 2024-10-04 20:20:17 --> [DEPRECATED] htmlspecialchars(): Passing null to parameter #1 ($string) of type string is deprecated in APPPATH\Views\quality\databases\encabezado.php on line 81.
 1 APPPATH\Views\quality\databases\encabezado.php(81): htmlspecialchars(null)
 2 APPPATH\Views\quality\databases\home.php(1): require('C:\\xampp\\htdocs\\quality\\app\\Views\\quality\\databases\\encabezado.php')
 3 SYSTEMPATH\View\View.php(234): include('C:\\xampp\\htdocs\\quality\\app\\Views\\quality\\databases\\home.php')
 4 SYSTEMPATH\View\View.php(237): CodeIgniter\View\View->CodeIgniter\View\{closure}()
 5 SYSTEMPATH\Common.php(1171): CodeIgniter\View\View->render('quality/databases/home', [], true)
 6 APPPATH\Controllers\Home.php(8): view('quality/databases/home')
 7 SYSTEMPATH\CodeIgniter.php(933): App\Controllers\Home->index()
 8 SYSTEMPATH\CodeIgniter.php(509): CodeIgniter\CodeIgniter->runController(Object(App\Controllers\Home))
 9 SYSTEMPATH\CodeIgniter.php(355): CodeIgniter\CodeIgniter->handleRequest(null, Object(Config\Cache), false)
10 SYSTEMPATH\Boot.php(325): CodeIgniter\CodeIgniter->run()
11 SYSTEMPATH\Boot.php(67): CodeIgniter\Boot::runCodeIgniter(Object(CodeIgniter\CodeIgniter))
12 FCPATH\index.php(56): CodeIgniter\Boot::bootWeb(Object(Config\Paths))
INFO - 2024-10-04 20:20:22 --> Session: Class initialized using 'CodeIgniter\Session\Handlers\FileHandler' driver.
WARNING - 2024-10-04 20:20:22 --> [DEPRECATED] htmlspecialchars(): Passing null to parameter #1 ($string) of type string is deprecated in APPPATH\Views\quality\dashboard\encabezado.php on line 73.
 1 APPPATH\Views\quality\dashboard\encabezado.php(73): htmlspecialchars(null)
 2 APPPATH\Views\quality\dashboard\inicio.php(1): require('C:\\xampp\\htdocs\\quality\\app\\Views\\quality\\dashboard\\encabezado.php')
 3 SYSTEMPATH\View\View.php(234): include('C:\\xampp\\htdocs\\quality\\app\\Views\\quality\\dashboard\\inicio.php')
 4 SYSTEMPATH\View\View.php(237): CodeIgniter\View\View->CodeIgniter\View\{closure}()
 5 SYSTEMPATH\Common.php(1171): CodeIgniter\View\View->render('quality/dashboard/inicio', [], true)
 6 APPPATH\Controllers\dashboardCont.php(10): view('quality/dashboard/inicio')
 7 SYSTEMPATH\CodeIgniter.php(933): App\Controllers\dashboardCont->index()
 8 SYSTEMPATH\CodeIgniter.php(509): CodeIgniter\CodeIgniter->runController(Object(App\Controllers\dashboardCont))
 9 SYSTEMPATH\CodeIgniter.php(355): CodeIgniter\CodeIgniter->handleRequest(null, Object(Config\Cache), false)
10 SYSTEMPATH\Boot.php(325): CodeIgniter\CodeIgniter->run()
11 SYSTEMPATH\Boot.php(67): CodeIgniter\Boot::runCodeIgniter(Object(CodeIgniter\CodeIgniter))
12 FCPATH\index.php(56): CodeIgniter\Boot::bootWeb(Object(Config\Paths))
CRITICAL - 2024-10-04 20:20:22 --> ErrorException: Undefined variable $defectos
[Method: GET, Route: dashboard/inicio]
in APPPATH\Views\quality\dashboard\inicio.php on line 21.
 1 APPPATH\Views\quality\dashboard\inicio.php(21): CodeIgniter\Debug\Exceptions->errorHandler(2, 'Undefined variable $defectos', 'C:\\xampp\\htdocs\\quality\\app\\Views\\quality\\dashboard\\inicio.php', 21)
 2 SYSTEMPATH\View\View.php(234): include('C:\\xampp\\htdocs\\quality\\app\\Views\\quality\\dashboard\\inicio.php')
 3 SYSTEMPATH\View\View.php(237): CodeIgniter\View\View->CodeIgniter\View\{closure}()
 4 SYSTEMPATH\Common.php(1171): CodeIgniter\View\View->render('quality/dashboard/inicio', [], true)
 5 APPPATH\Controllers\dashboardCont.php(10): view('quality/dashboard/inicio')
 6 SYSTEMPATH\CodeIgniter.php(933): App\Controllers\dashboardCont->index()
 7 SYSTEMPATH\CodeIgniter.php(509): CodeIgniter\CodeIgniter->runController(Object(App\Controllers\dashboardCont))
 8 SYSTEMPATH\CodeIgniter.php(355): CodeIgniter\CodeIgniter->handleRequest(null, Object(Config\Cache), false)
 9 SYSTEMPATH\Boot.php(325): CodeIgniter\CodeIgniter->run()
10 SYSTEMPATH\Boot.php(67): CodeIgniter\Boot::runCodeIgniter(Object(CodeIgniter\CodeIgniter))
11 FCPATH\index.php(56): CodeIgniter\Boot::bootWeb(Object(Config\Paths))
INFO - 2024-10-04 20:24:27 --> Session: Class initialized using 'CodeIgniter\Session\Handlers\FileHandler' driver.
WARNING - 2024-10-04 20:24:27 --> [DEPRECATED] htmlspecialchars(): Passing null to parameter #1 ($string) of type string is deprecated in APPPATH\Views\quality\databases\encabezado.php on line 81.
 1 APPPATH\Views\quality\databases\encabezado.php(81): htmlspecialchars(null)
 2 APPPATH\Views\quality\databases\home.php(1): require('C:\\xampp\\htdocs\\quality\\app\\Views\\quality\\databases\\encabezado.php')
 3 SYSTEMPATH\View\View.php(234): include('C:\\xampp\\htdocs\\quality\\app\\Views\\quality\\databases\\home.php')
 4 SYSTEMPATH\View\View.php(237): CodeIgniter\View\View->CodeIgniter\View\{closure}()
 5 SYSTEMPATH\Common.php(1171): CodeIgniter\View\View->render('quality/databases/home', [], true)
 6 APPPATH\Controllers\Home.php(8): view('quality/databases/home')
 7 SYSTEMPATH\CodeIgniter.php(933): App\Controllers\Home->index()
 8 SYSTEMPATH\CodeIgniter.php(509): CodeIgniter\CodeIgniter->runController(Object(App\Controllers\Home))
 9 SYSTEMPATH\CodeIgniter.php(355): CodeIgniter\CodeIgniter->handleRequest(null, Object(Config\Cache), false)
10 SYSTEMPATH\Boot.php(325): CodeIgniter\CodeIgniter->run()
11 SYSTEMPATH\Boot.php(67): CodeIgniter\Boot::runCodeIgniter(Object(CodeIgniter\CodeIgniter))
12 FCPATH\index.php(56): CodeIgniter\Boot::bootWeb(Object(Config\Paths))
INFO - 2024-10-04 20:24:30 --> Session: Class initialized using 'CodeIgniter\Session\Handlers\FileHandler' driver.
WARNING - 2024-10-04 20:24:30 --> [DEPRECATED] htmlspecialchars(): Passing null to parameter #1 ($string) of type string is deprecated in APPPATH\Views\quality\dashboard\encabezado.php on line 73.
 1 APPPATH\Views\quality\dashboard\encabezado.php(73): htmlspecialchars(null)
 2 APPPATH\Views\quality\dashboard\inicio.php(1): require('C:\\xampp\\htdocs\\quality\\app\\Views\\quality\\dashboard\\encabezado.php')
 3 SYSTEMPATH\View\View.php(234): include('C:\\xampp\\htdocs\\quality\\app\\Views\\quality\\dashboard\\inicio.php')
 4 SYSTEMPATH\View\View.php(237): CodeIgniter\View\View->CodeIgniter\View\{closure}()
 5 SYSTEMPATH\Common.php(1171): CodeIgniter\View\View->render('quality/dashboard/inicio', [], true)
 6 APPPATH\Controllers\dashboardCont.php(10): view('quality/dashboard/inicio')
 7 SYSTEMPATH\CodeIgniter.php(933): App\Controllers\dashboardCont->index()
 8 SYSTEMPATH\CodeIgniter.php(509): CodeIgniter\CodeIgniter->runController(Object(App\Controllers\dashboardCont))
 9 SYSTEMPATH\CodeIgniter.php(355): CodeIgniter\CodeIgniter->handleRequest(null, Object(Config\Cache), false)
10 SYSTEMPATH\Boot.php(325): CodeIgniter\CodeIgniter->run()
11 SYSTEMPATH\Boot.php(67): CodeIgniter\Boot::runCodeIgniter(Object(CodeIgniter\CodeIgniter))
12 FCPATH\index.php(56): CodeIgniter\Boot::bootWeb(Object(Config\Paths))
CRITICAL - 2024-10-04 20:24:30 --> ErrorException: Undefined variable $defectos
[Method: GET, Route: dashboard/inicio]
in APPPATH\Views\quality\dashboard\inicio.php on line 21.
 1 APPPATH\Views\quality\dashboard\inicio.php(21): CodeIgniter\Debug\Exceptions->errorHandler(2, 'Undefined variable $defectos', 'C:\\xampp\\htdocs\\quality\\app\\Views\\quality\\dashboard\\inicio.php', 21)
 2 SYSTEMPATH\View\View.php(234): include('C:\\xampp\\htdocs\\quality\\app\\Views\\quality\\dashboard\\inicio.php')
 3 SYSTEMPATH\View\View.php(237): CodeIgniter\View\View->CodeIgniter\View\{closure}()
 4 SYSTEMPATH\Common.php(1171): CodeIgniter\View\View->render('quality/dashboard/inicio', [], true)
 5 APPPATH\Controllers\dashboardCont.php(10): view('quality/dashboard/inicio')
 6 SYSTEMPATH\CodeIgniter.php(933): App\Controllers\dashboardCont->index()
 7 SYSTEMPATH\CodeIgniter.php(509): CodeIgniter\CodeIgniter->runController(Object(App\Controllers\dashboardCont))
 8 SYSTEMPATH\CodeIgniter.php(355): CodeIgniter\CodeIgniter->handleRequest(null, Object(Config\Cache), false)
 9 SYSTEMPATH\Boot.php(325): CodeIgniter\CodeIgniter->run()
10 SYSTEMPATH\Boot.php(67): CodeIgniter\Boot::runCodeIgniter(Object(CodeIgniter\CodeIgniter))
11 FCPATH\index.php(56): CodeIgniter\Boot::bootWeb(Object(Config\Paths))
INFO - 2024-10-04 20:31:58 --> Session: Class initialized using 'CodeIgniter\Session\Handlers\FileHandler' driver.
WARNING - 2024-10-04 20:31:58 --> [DEPRECATED] htmlspecialchars(): Passing null to parameter #1 ($string) of type string is deprecated in APPPATH\Views\quality\databases\encabezado.php on line 81.
 1 APPPATH\Views\quality\databases\encabezado.php(81): htmlspecialchars(null)
 2 APPPATH\Views\quality\databases\home.php(1): require('C:\\xampp\\htdocs\\quality\\app\\Views\\quality\\databases\\encabezado.php')
 3 SYSTEMPATH\View\View.php(234): include('C:\\xampp\\htdocs\\quality\\app\\Views\\quality\\databases\\home.php')
 4 SYSTEMPATH\View\View.php(237): CodeIgniter\View\View->CodeIgniter\View\{closure}()
 5 SYSTEMPATH\Common.php(1171): CodeIgniter\View\View->render('quality/databases/home', [], true)
 6 APPPATH\Controllers\Home.php(8): view('quality/databases/home')
 7 SYSTEMPATH\CodeIgniter.php(933): App\Controllers\Home->index()
 8 SYSTEMPATH\CodeIgniter.php(509): CodeIgniter\CodeIgniter->runController(Object(App\Controllers\Home))
 9 SYSTEMPATH\CodeIgniter.php(355): CodeIgniter\CodeIgniter->handleRequest(null, Object(Config\Cache), false)
10 SYSTEMPATH\Boot.php(325): CodeIgniter\CodeIgniter->run()
11 SYSTEMPATH\Boot.php(67): CodeIgniter\Boot::runCodeIgniter(Object(CodeIgniter\CodeIgniter))
12 FCPATH\index.php(56): CodeIgniter\Boot::bootWeb(Object(Config\Paths))
INFO - 2024-10-04 20:32:01 --> Session: Class initialized using 'CodeIgniter\Session\Handlers\FileHandler' driver.
WARNING - 2024-10-04 20:32:01 --> [DEPRECATED] htmlspecialchars(): Passing null to parameter #1 ($string) of type string is deprecated in APPPATH\Views\quality\dashboard\encabezado.php on line 73.
 1 APPPATH\Views\quality\dashboard\encabezado.php(73): htmlspecialchars(null)
 2 APPPATH\Views\quality\dashboard\inicio.php(1): require('C:\\xampp\\htdocs\\quality\\app\\Views\\quality\\dashboard\\encabezado.php')
 3 SYSTEMPATH\View\View.php(234): include('C:\\xampp\\htdocs\\quality\\app\\Views\\quality\\dashboard\\inicio.php')
 4 SYSTEMPATH\View\View.php(237): CodeIgniter\View\View->CodeIgniter\View\{closure}()
 5 SYSTEMPATH\Common.php(1171): CodeIgniter\View\View->render('quality/dashboard/inicio', [], true)
 6 APPPATH\Controllers\dashboardCont.php(10): view('quality/dashboard/inicio')
 7 SYSTEMPATH\CodeIgniter.php(933): App\Controllers\dashboardCont->index()
 8 SYSTEMPATH\CodeIgniter.php(509): CodeIgniter\CodeIgniter->runController(Object(App\Controllers\dashboardCont))
 9 SYSTEMPATH\CodeIgniter.php(355): CodeIgniter\CodeIgniter->handleRequest(null, Object(Config\Cache), false)
10 SYSTEMPATH\Boot.php(325): CodeIgniter\CodeIgniter->run()
11 SYSTEMPATH\Boot.php(67): CodeIgniter\Boot::runCodeIgniter(Object(CodeIgniter\CodeIgniter))
12 FCPATH\index.php(56): CodeIgniter\Boot::bootWeb(Object(Config\Paths))
CRITICAL - 2024-10-04 20:32:01 --> ErrorException: Undefined variable $defectos
[Method: GET, Route: dashboard/inicio]
in APPPATH\Views\quality\dashboard\inicio.php on line 21.
 1 APPPATH\Views\quality\dashboard\inicio.php(21): CodeIgniter\Debug\Exceptions->errorHandler(2, 'Undefined variable $defectos', 'C:\\xampp\\htdocs\\quality\\app\\Views\\quality\\dashboard\\inicio.php', 21)
 2 SYSTEMPATH\View\View.php(234): include('C:\\xampp\\htdocs\\quality\\app\\Views\\quality\\dashboard\\inicio.php')
 3 SYSTEMPATH\View\View.php(237): CodeIgniter\View\View->CodeIgniter\View\{closure}()
 4 SYSTEMPATH\Common.php(1171): CodeIgniter\View\View->render('quality/dashboard/inicio', [], true)
 5 APPPATH\Controllers\dashboardCont.php(10): view('quality/dashboard/inicio')
 6 SYSTEMPATH\CodeIgniter.php(933): App\Controllers\dashboardCont->index()
 7 SYSTEMPATH\CodeIgniter.php(509): CodeIgniter\CodeIgniter->runController(Object(App\Controllers\dashboardCont))
 8 SYSTEMPATH\CodeIgniter.php(355): CodeIgniter\CodeIgniter->handleRequest(null, Object(Config\Cache), false)
 9 SYSTEMPATH\Boot.php(325): CodeIgniter\CodeIgniter->run()
10 SYSTEMPATH\Boot.php(67): CodeIgniter\Boot::runCodeIgniter(Object(CodeIgniter\CodeIgniter))
11 FCPATH\index.php(56): CodeIgniter\Boot::bootWeb(Object(Config\Paths))
INFO - 2024-10-04 20:33:44 --> Session: Class initialized using 'CodeIgniter\Session\Handlers\FileHandler' driver.
WARNING - 2024-10-04 20:33:44 --> [DEPRECATED] htmlspecialchars(): Passing null to parameter #1 ($string) of type string is deprecated in APPPATH\Views\quality\databases\encabezado.php on line 81.
 1 APPPATH\Views\quality\databases\encabezado.php(81): htmlspecialchars(null)
 2 APPPATH\Views\quality\databases\home.php(1): require('C:\\xampp\\htdocs\\quality\\app\\Views\\quality\\databases\\encabezado.php')
 3 SYSTEMPATH\View\View.php(234): include('C:\\xampp\\htdocs\\quality\\app\\Views\\quality\\databases\\home.php')
 4 SYSTEMPATH\View\View.php(237): CodeIgniter\View\View->CodeIgniter\View\{closure}()
 5 SYSTEMPATH\Common.php(1171): CodeIgniter\View\View->render('quality/databases/home', [], true)
 6 APPPATH\Controllers\Home.php(8): view('quality/databases/home')
 7 SYSTEMPATH\CodeIgniter.php(933): App\Controllers\Home->index()
 8 SYSTEMPATH\CodeIgniter.php(509): CodeIgniter\CodeIgniter->runController(Object(App\Controllers\Home))
 9 SYSTEMPATH\CodeIgniter.php(355): CodeIgniter\CodeIgniter->handleRequest(null, Object(Config\Cache), false)
10 SYSTEMPATH\Boot.php(325): CodeIgniter\CodeIgniter->run()
11 SYSTEMPATH\Boot.php(67): CodeIgniter\Boot::runCodeIgniter(Object(CodeIgniter\CodeIgniter))
12 FCPATH\index.php(56): CodeIgniter\Boot::bootWeb(Object(Config\Paths))
INFO - 2024-10-04 20:33:47 --> Session: Class initialized using 'CodeIgniter\Session\Handlers\FileHandler' driver.
WARNING - 2024-10-04 20:33:47 --> [DEPRECATED] htmlspecialchars(): Passing null to parameter #1 ($string) of type string is deprecated in APPPATH\Views\quality\dashboard\encabezado.php on line 73.
 1 APPPATH\Views\quality\dashboard\encabezado.php(73): htmlspecialchars(null)
 2 APPPATH\Views\quality\dashboard\inicio.php(1): require('C:\\xampp\\htdocs\\quality\\app\\Views\\quality\\dashboard\\encabezado.php')
 3 SYSTEMPATH\View\View.php(234): include('C:\\xampp\\htdocs\\quality\\app\\Views\\quality\\dashboard\\inicio.php')
 4 SYSTEMPATH\View\View.php(237): CodeIgniter\View\View->CodeIgniter\View\{closure}()
 5 SYSTEMPATH\Common.php(1171): CodeIgniter\View\View->render('quality/dashboard/inicio', [], true)
 6 APPPATH\Controllers\dashboardCont.php(10): view('quality/dashboard/inicio')
 7 SYSTEMPATH\CodeIgniter.php(933): App\Controllers\dashboardCont->index()
 8 SYSTEMPATH\CodeIgniter.php(509): CodeIgniter\CodeIgniter->runController(Object(App\Controllers\dashboardCont))
 9 SYSTEMPATH\CodeIgniter.php(355): CodeIgniter\CodeIgniter->handleRequest(null, Object(Config\Cache), false)
10 SYSTEMPATH\Boot.php(325): CodeIgniter\CodeIgniter->run()
11 SYSTEMPATH\Boot.php(67): CodeIgniter\Boot::runCodeIgniter(Object(CodeIgniter\CodeIgniter))
12 FCPATH\index.php(56): CodeIgniter\Boot::bootWeb(Object(Config\Paths))
INFO - 2024-10-04 20:35:54 --> Session: Class initialized using 'CodeIgniter\Session\Handlers\FileHandler' driver.
WARNING - 2024-10-04 20:35:54 --> [DEPRECATED] htmlspecialchars(): Passing null to parameter #1 ($string) of type string is deprecated in APPPATH\Views\quality\dashboard\encabezado.php on line 73.
 1 APPPATH\Views\quality\dashboard\encabezado.php(73): htmlspecialchars(null)
 2 APPPATH\Views\quality\dashboard\inicio.php(1): require('C:\\xampp\\htdocs\\quality\\app\\Views\\quality\\dashboard\\encabezado.php')
 3 SYSTEMPATH\View\View.php(234): include('C:\\xampp\\htdocs\\quality\\app\\Views\\quality\\dashboard\\inicio.php')
 4 SYSTEMPATH\View\View.php(237): CodeIgniter\View\View->CodeIgniter\View\{closure}()
 5 SYSTEMPATH\Common.php(1171): CodeIgniter\View\View->render('quality/dashboard/inicio', [], true)
 6 APPPATH\Controllers\dashboardCont.php(10): view('quality/dashboard/inicio')
 7 SYSTEMPATH\CodeIgniter.php(933): App\Controllers\dashboardCont->index()
 8 SYSTEMPATH\CodeIgniter.php(509): CodeIgniter\CodeIgniter->runController(Object(App\Controllers\dashboardCont))
 9 SYSTEMPATH\CodeIgniter.php(355): CodeIgniter\CodeIgniter->handleRequest(null, Object(Config\Cache), false)
10 SYSTEMPATH\Boot.php(325): CodeIgniter\CodeIgniter->run()
11 SYSTEMPATH\Boot.php(67): CodeIgniter\Boot::runCodeIgniter(Object(CodeIgniter\CodeIgniter))
12 FCPATH\index.php(56): CodeIgniter\Boot::bootWeb(Object(Config\Paths))
INFO - 2024-10-04 20:39:23 --> Session: Class initialized using 'CodeIgniter\Session\Handlers\FileHandler' driver.
WARNING - 2024-10-04 20:39:23 --> [DEPRECATED] htmlspecialchars(): Passing null to parameter #1 ($string) of type string is deprecated in APPPATH\Views\quality\dashboard\encabezado.php on line 73.
 1 APPPATH\Views\quality\dashboard\encabezado.php(73): htmlspecialchars(null)
 2 APPPATH\Views\quality\dashboard\inicio.php(1): require('C:\\xampp\\htdocs\\quality\\app\\Views\\quality\\dashboard\\encabezado.php')
 3 SYSTEMPATH\View\View.php(234): include('C:\\xampp\\htdocs\\quality\\app\\Views\\quality\\dashboard\\inicio.php')
 4 SYSTEMPATH\View\View.php(237): CodeIgniter\View\View->CodeIgniter\View\{closure}()
 5 SYSTEMPATH\Common.php(1171): CodeIgniter\View\View->render('quality/dashboard/inicio', [], true)
 6 APPPATH\Controllers\dashboardCont.php(10): view('quality/dashboard/inicio')
 7 SYSTEMPATH\CodeIgniter.php(933): App\Controllers\dashboardCont->index()
 8 SYSTEMPATH\CodeIgniter.php(509): CodeIgniter\CodeIgniter->runController(Object(App\Controllers\dashboardCont))
 9 SYSTEMPATH\CodeIgniter.php(355): CodeIgniter\CodeIgniter->handleRequest(null, Object(Config\Cache), false)
10 SYSTEMPATH\Boot.php(325): CodeIgniter\CodeIgniter->run()
11 SYSTEMPATH\Boot.php(67): CodeIgniter\Boot::runCodeIgniter(Object(CodeIgniter\CodeIgniter))
12 FCPATH\index.php(56): CodeIgniter\Boot::bootWeb(Object(Config\Paths))
INFO - 2024-10-04 20:39:26 --> Session: Class initialized using 'CodeIgniter\Session\Handlers\FileHandler' driver.
WARNING - 2024-10-04 20:39:26 --> [DEPRECATED] htmlspecialchars(): Passing null to parameter #1 ($string) of type string is deprecated in APPPATH\Views\quality\dashboard\encabezado.php on line 73.
 1 APPPATH\Views\quality\dashboard\encabezado.php(73): htmlspecialchars(null)
 2 APPPATH\Views\quality\dashboard\inicio.php(1): require('C:\\xampp\\htdocs\\quality\\app\\Views\\quality\\dashboard\\encabezado.php')
 3 SYSTEMPATH\View\View.php(234): include('C:\\xampp\\htdocs\\quality\\app\\Views\\quality\\dashboard\\inicio.php')
 4 SYSTEMPATH\View\View.php(237): CodeIgniter\View\View->CodeIgniter\View\{closure}()
 5 SYSTEMPATH\Common.php(1171): CodeIgniter\View\View->render('quality/dashboard/inicio', [], true)
 6 APPPATH\Controllers\dashboardCont.php(10): view('quality/dashboard/inicio')
 7 SYSTEMPATH\CodeIgniter.php(933): App\Controllers\dashboardCont->index()
 8 SYSTEMPATH\CodeIgniter.php(509): CodeIgniter\CodeIgniter->runController(Object(App\Controllers\dashboardCont))
 9 SYSTEMPATH\CodeIgniter.php(355): CodeIgniter\CodeIgniter->handleRequest(null, Object(Config\Cache), false)
10 SYSTEMPATH\Boot.php(325): CodeIgniter\CodeIgniter->run()
11 SYSTEMPATH\Boot.php(67): CodeIgniter\Boot::runCodeIgniter(Object(CodeIgniter\CodeIgniter))
12 FCPATH\index.php(56): CodeIgniter\Boot::bootWeb(Object(Config\Paths))
INFO - 2024-10-04 20:39:28 --> Session: Class initialized using 'CodeIgniter\Session\Handlers\FileHandler' driver.
WARNING - 2024-10-04 20:39:28 --> [DEPRECATED] htmlspecialchars(): Passing null to parameter #1 ($string) of type string is deprecated in APPPATH\Views\quality\databases\encabezado.php on line 81.
 1 APPPATH\Views\quality\databases\encabezado.php(81): htmlspecialchars(null)
 2 APPPATH\Views\quality\databases\home.php(1): require('C:\\xampp\\htdocs\\quality\\app\\Views\\quality\\databases\\encabezado.php')
 3 SYSTEMPATH\View\View.php(234): include('C:\\xampp\\htdocs\\quality\\app\\Views\\quality\\databases\\home.php')
 4 SYSTEMPATH\View\View.php(237): CodeIgniter\View\View->CodeIgniter\View\{closure}()
 5 SYSTEMPATH\Common.php(1171): CodeIgniter\View\View->render('quality/databases/home', [], true)
 6 APPPATH\Controllers\Home.php(8): view('quality/databases/home')
 7 SYSTEMPATH\CodeIgniter.php(933): App\Controllers\Home->index()
 8 SYSTEMPATH\CodeIgniter.php(509): CodeIgniter\CodeIgniter->runController(Object(App\Controllers\Home))
 9 SYSTEMPATH\CodeIgniter.php(355): CodeIgniter\CodeIgniter->handleRequest(null, Object(Config\Cache), false)
10 SYSTEMPATH\Boot.php(325): CodeIgniter\CodeIgniter->run()
11 SYSTEMPATH\Boot.php(67): CodeIgniter\Boot::runCodeIgniter(Object(CodeIgniter\CodeIgniter))
12 FCPATH\index.php(56): CodeIgniter\Boot::bootWeb(Object(Config\Paths))
INFO - 2024-10-04 20:39:30 --> Session: Class initialized using 'CodeIgniter\Session\Handlers\FileHandler' driver.
WARNING - 2024-10-04 20:39:30 --> [DEPRECATED] htmlspecialchars(): Passing null to parameter #1 ($string) of type string is deprecated in APPPATH\Views\quality\dashboard\encabezado.php on line 73.
 1 APPPATH\Views\quality\dashboard\encabezado.php(73): htmlspecialchars(null)
 2 APPPATH\Views\quality\dashboard\inicio.php(1): require('C:\\xampp\\htdocs\\quality\\app\\Views\\quality\\dashboard\\encabezado.php')
 3 SYSTEMPATH\View\View.php(234): include('C:\\xampp\\htdocs\\quality\\app\\Views\\quality\\dashboard\\inicio.php')
 4 SYSTEMPATH\View\View.php(237): CodeIgniter\View\View->CodeIgniter\View\{closure}()
 5 SYSTEMPATH\Common.php(1171): CodeIgniter\View\View->render('quality/dashboard/inicio', [], true)
 6 APPPATH\Controllers\dashboardCont.php(10): view('quality/dashboard/inicio')
 7 SYSTEMPATH\CodeIgniter.php(933): App\Controllers\dashboardCont->index()
 8 SYSTEMPATH\CodeIgniter.php(509): CodeIgniter\CodeIgniter->runController(Object(App\Controllers\dashboardCont))
 9 SYSTEMPATH\CodeIgniter.php(355): CodeIgniter\CodeIgniter->handleRequest(null, Object(Config\Cache), false)
10 SYSTEMPATH\Boot.php(325): CodeIgniter\CodeIgniter->run()
11 SYSTEMPATH\Boot.php(67): CodeIgniter\Boot::runCodeIgniter(Object(CodeIgniter\CodeIgniter))
12 FCPATH\index.php(56): CodeIgniter\Boot::bootWeb(Object(Config\Paths))
INFO - 2024-10-04 20:43:03 --> Session: Class initialized using 'CodeIgniter\Session\Handlers\FileHandler' driver.
WARNING - 2024-10-04 20:43:03 --> [DEPRECATED] htmlspecialchars(): Passing null to parameter #1 ($string) of type string is deprecated in APPPATH\Views\quality\dashboard\encabezado.php on line 73.
 1 APPPATH\Views\quality\dashboard\encabezado.php(73): htmlspecialchars(null)
 2 APPPATH\Views\quality\dashboard\inicio.php(1): require('C:\\xampp\\htdocs\\quality\\app\\Views\\quality\\dashboard\\encabezado.php')
 3 SYSTEMPATH\View\View.php(234): include('C:\\xampp\\htdocs\\quality\\app\\Views\\quality\\dashboard\\inicio.php')
 4 SYSTEMPATH\View\View.php(237): CodeIgniter\View\View->CodeIgniter\View\{closure}()
 5 SYSTEMPATH\Common.php(1171): CodeIgniter\View\View->render('quality/dashboard/inicio', [], true)
 6 APPPATH\Controllers\dashboardCont.php(10): view('quality/dashboard/inicio')
 7 SYSTEMPATH\CodeIgniter.php(933): App\Controllers\dashboardCont->index()
 8 SYSTEMPATH\CodeIgniter.php(509): CodeIgniter\CodeIgniter->runController(Object(App\Controllers\dashboardCont))
 9 SYSTEMPATH\CodeIgniter.php(355): CodeIgniter\CodeIgniter->handleRequest(null, Object(Config\Cache), false)
10 SYSTEMPATH\Boot.php(325): CodeIgniter\CodeIgniter->run()
11 SYSTEMPATH\Boot.php(67): CodeIgniter\Boot::runCodeIgniter(Object(CodeIgniter\CodeIgniter))
12 FCPATH\index.php(56): CodeIgniter\Boot::bootWeb(Object(Config\Paths))
