CRITICAL - 2024-07-05 15:49:31 --> ParseError: syntax error, unexpected identifier "page"
[Method: GET, Route: /]
in APPPATH/Config/Routes.php on line 7.
 1 SYSTEMPATH/CodeIgniter.php(823): CodeIgniter\Router\RouteCollection->loadRoutes()
 2 SYSTEMPATH/CodeIgniter.php(457): CodeIgniter\CodeIgniter->tryToRouteIt(null)
 3 SYSTEMPATH/CodeIgniter.php(355): CodeIgniter\CodeIgniter->handleRequest(null, Object(Config\Cache), false)
 4 SYSTEMPATH/Boot.php(325): CodeIgniter\CodeIgniter->run()
 5 SYSTEMPATH/Boot.php(67): CodeIgniter\Boot::runCodeIgniter(Object(CodeIgniter\CodeIgniter))
 6 FCPATH/index.php(56): CodeIgniter\Boot::bootWeb(Object(Config\Paths))
CRITICAL - 2024-07-05 16:10:19 --> ErrorException: Undefined array key "type_kit"
[Method: GET, Route: assy]
in APPPATH/Views/quality/assy.php on line 216.
 1 APPPATH/Views/quality/assy.php(216): CodeIgniter\Debug\Exceptions->errorHandler(2, 'Undefined array key "type_kit"', '/Applications/MAMP/htdocs/qualitydb/app/Views/quality/assy.php', 216)
 2 SYSTEMPATH/View/View.php(234): include('/Applications/MAMP/htdocs/qualitydb/app/Views/quality/assy.php')
 3 SYSTEMPATH/View/View.php(237): CodeIgniter\View\View->CodeIgniter\View\{closure}()
 4 SYSTEMPATH/Common.php(1171): CodeIgniter\View\View->render('quality/assy', [], true)
 5 APPPATH/Controllers/start.php(30): view('quality/assy', [...])
 6 SYSTEMPATH/CodeIgniter.php(933): App\Controllers\start->assy()
 7 SYSTEMPATH/CodeIgniter.php(509): CodeIgniter\CodeIgniter->runController(Object(App\Controllers\start))
 8 SYSTEMPATH/CodeIgniter.php(355): CodeIgniter\CodeIgniter->handleRequest(null, Object(Config\Cache), false)
 9 SYSTEMPATH/Boot.php(325): CodeIgniter\CodeIgniter->run()
10 SYSTEMPATH/Boot.php(67): CodeIgniter\Boot::runCodeIgniter(Object(CodeIgniter\CodeIgniter))
11 FCPATH/index.php(56): CodeIgniter\Boot::bootWeb(Object(Config\Paths))
CRITICAL - 2024-07-05 16:13:15 --> ErrorException: Undefined array key "type_kit"
[Method: GET, Route: assy]
in APPPATH/Views/quality/assy.php on line 216.
 1 APPPATH/Views/quality/assy.php(216): CodeIgniter\Debug\Exceptions->errorHandler(2, 'Undefined array key "type_kit"', '/Applications/MAMP/htdocs/qualitydb/app/Views/quality/assy.php', 216)
 2 SYSTEMPATH/View/View.php(234): include('/Applications/MAMP/htdocs/qualitydb/app/Views/quality/assy.php')
 3 SYSTEMPATH/View/View.php(237): CodeIgniter\View\View->CodeIgniter\View\{closure}()
 4 SYSTEMPATH/Common.php(1171): CodeIgniter\View\View->render('quality/assy', [], true)
 5 APPPATH/Controllers/start.php(31): view('quality/assy', [...])
 6 SYSTEMPATH/CodeIgniter.php(933): App\Controllers\start->assy()
 7 SYSTEMPATH/CodeIgniter.php(509): CodeIgniter\CodeIgniter->runController(Object(App\Controllers\start))
 8 SYSTEMPATH/CodeIgniter.php(355): CodeIgniter\CodeIgniter->handleRequest(null, Object(Config\Cache), false)
 9 SYSTEMPATH/Boot.php(325): CodeIgniter\CodeIgniter->run()
10 SYSTEMPATH/Boot.php(67): CodeIgniter\Boot::runCodeIgniter(Object(CodeIgniter\CodeIgniter))
11 FCPATH/index.php(56): CodeIgniter\Boot::bootWeb(Object(Config\Paths))
CRITICAL - 2024-07-05 16:14:17 --> ErrorException: Undefined array key "type_kit"
[Method: GET, Route: assy]
in APPPATH/Views/quality/assy.php on line 216.
 1 APPPATH/Views/quality/assy.php(216): CodeIgniter\Debug\Exceptions->errorHandler(2, 'Undefined array key "type_kit"', '/Applications/MAMP/htdocs/qualitydb/app/Views/quality/assy.php', 216)
 2 SYSTEMPATH/View/View.php(234): include('/Applications/MAMP/htdocs/qualitydb/app/Views/quality/assy.php')
 3 SYSTEMPATH/View/View.php(237): CodeIgniter\View\View->CodeIgniter\View\{closure}()
 4 SYSTEMPATH/Common.php(1171): CodeIgniter\View\View->render('quality/assy', [], true)
 5 APPPATH/Controllers/start.php(31): view('quality/assy', [...])
 6 SYSTEMPATH/CodeIgniter.php(933): App\Controllers\start->assy()
 7 SYSTEMPATH/CodeIgniter.php(509): CodeIgniter\CodeIgniter->runController(Object(App\Controllers\start))
 8 SYSTEMPATH/CodeIgniter.php(355): CodeIgniter\CodeIgniter->handleRequest(null, Object(Config\Cache), false)
 9 SYSTEMPATH/Boot.php(325): CodeIgniter\CodeIgniter->run()
10 SYSTEMPATH/Boot.php(67): CodeIgniter\Boot::runCodeIgniter(Object(CodeIgniter\CodeIgniter))
11 FCPATH/index.php(56): CodeIgniter\Boot::bootWeb(Object(Config\Paths))
ERROR - 2024-07-05 16:58:50 --> mysqli_sql_exception: Table 'quality.quality' doesn't exist in /Applications/MAMP/htdocs/qualitydb/system/Database/MySQLi/Connection.php:310
Stack trace:
#0 /Applications/MAMP/htdocs/qualitydb/system/Database/MySQLi/Connection.php(310): mysqli->query('SELECT *\nFROM `...', 0)
#1 /Applications/MAMP/htdocs/qualitydb/system/Database/BaseConnection.php(732): CodeIgniter\Database\MySQLi\Connection->execute('SELECT *\nFROM `...')
#2 /Applications/MAMP/htdocs/qualitydb/system/Database/BaseConnection.php(646): CodeIgniter\Database\BaseConnection->simpleQuery('SELECT *\nFROM `...')
#3 /Applications/MAMP/htdocs/qualitydb/system/Database/BaseBuilder.php(1637): CodeIgniter\Database\BaseConnection->query('SELECT *\nFROM `...', Array, false)
#4 /Applications/MAMP/htdocs/qualitydb/system/Model.php(286): CodeIgniter\Database\BaseBuilder->get()
#5 /Applications/MAMP/htdocs/qualitydb/system/BaseModel.php(676): CodeIgniter\Model->doFindAll(0, 0)
#6 /Applications/MAMP/htdocs/qualitydb/app/Controllers/DrumsCont.php(10): CodeIgniter\BaseModel->findAll()
#7 /Applications/MAMP/htdocs/qualitydb/system/CodeIgniter.php(933): App\Controllers\DrumsCont->drums()
#8 /Applications/MAMP/htdocs/qualitydb/system/CodeIgniter.php(509): CodeIgniter\CodeIgniter->runController(Object(App\Controllers\DrumsCont))
#9 /Applications/MAMP/htdocs/qualitydb/system/CodeIgniter.php(355): CodeIgniter\CodeIgniter->handleRequest(NULL, Object(Config\Cache), false)
#10 /Applications/MAMP/htdocs/qualitydb/system/Boot.php(325): CodeIgniter\CodeIgniter->run()
#11 /Applications/MAMP/htdocs/qualitydb/system/Boot.php(67): CodeIgniter\Boot::runCodeIgniter(Object(CodeIgniter\CodeIgniter))
#12 /Applications/MAMP/htdocs/qualitydb/public/index.php(56): CodeIgniter\Boot::bootWeb(Object(Config\Paths))
#13 {main}
CRITICAL - 2024-07-05 16:58:50 --> CodeIgniter\Database\Exceptions\DatabaseException: Table 'quality.quality' doesn't exist
[Method: GET, Route: drums]
in SYSTEMPATH/Database/BaseConnection.php on line 686.
 1 SYSTEMPATH/Database/BaseBuilder.php(1637): CodeIgniter\Database\BaseConnection->query('SELECT *
FROM `Quality`
ORDER BY `id` ASC', [], false)
 2 SYSTEMPATH/Model.php(286): CodeIgniter\Database\BaseBuilder->get()
 3 SYSTEMPATH/BaseModel.php(676): CodeIgniter\Model->doFindAll(0, 0)
 4 APPPATH/Controllers/DrumsCont.php(10): CodeIgniter\BaseModel->findAll()
 5 SYSTEMPATH/CodeIgniter.php(933): App\Controllers\DrumsCont->drums()
 6 SYSTEMPATH/CodeIgniter.php(509): CodeIgniter\CodeIgniter->runController(Object(App\Controllers\DrumsCont))
 7 SYSTEMPATH/CodeIgniter.php(355): CodeIgniter\CodeIgniter->handleRequest(null, Object(Config\Cache), false)
 8 SYSTEMPATH/Boot.php(325): CodeIgniter\CodeIgniter->run()
 9 SYSTEMPATH/Boot.php(67): CodeIgniter\Boot::runCodeIgniter(Object(CodeIgniter\CodeIgniter))
10 FCPATH/index.php(56): CodeIgniter\Boot::bootWeb(Object(Config\Paths))
CRITICAL - 2024-07-05 16:58:50 --> [Caused by] CodeIgniter\Database\Exceptions\DatabaseException: Table 'quality.quality' doesn't exist
in SYSTEMPATH/Database/MySQLi/Connection.php on line 315.
 1 SYSTEMPATH/Database/BaseConnection.php(732): CodeIgniter\Database\MySQLi\Connection->execute('SELECT *
FROM `Quality`
ORDER BY `id` ASC')
 2 SYSTEMPATH/Database/BaseConnection.php(646): CodeIgniter\Database\BaseConnection->simpleQuery('SELECT *
FROM `Quality`
ORDER BY `id` ASC')
 3 SYSTEMPATH/Database/BaseBuilder.php(1637): CodeIgniter\Database\BaseConnection->query('SELECT *
FROM `Quality`
ORDER BY `id` ASC', [], false)
 4 SYSTEMPATH/Model.php(286): CodeIgniter\Database\BaseBuilder->get()
 5 SYSTEMPATH/BaseModel.php(676): CodeIgniter\Model->doFindAll(0, 0)
 6 APPPATH/Controllers/DrumsCont.php(10): CodeIgniter\BaseModel->findAll()
 7 SYSTEMPATH/CodeIgniter.php(933): App\Controllers\DrumsCont->drums()
 8 SYSTEMPATH/CodeIgniter.php(509): CodeIgniter\CodeIgniter->runController(Object(App\Controllers\DrumsCont))
 9 SYSTEMPATH/CodeIgniter.php(355): CodeIgniter\CodeIgniter->handleRequest(null, Object(Config\Cache), false)
10 SYSTEMPATH/Boot.php(325): CodeIgniter\CodeIgniter->run()
11 SYSTEMPATH/Boot.php(67): CodeIgniter\Boot::runCodeIgniter(Object(CodeIgniter\CodeIgniter))
12 FCPATH/index.php(56): CodeIgniter\Boot::bootWeb(Object(Config\Paths))
CRITICAL - 2024-07-05 16:58:50 --> [Caused by] mysqli_sql_exception: Table 'quality.quality' doesn't exist
in SYSTEMPATH/Database/MySQLi/Connection.php on line 310.
 1 SYSTEMPATH/Database/MySQLi/Connection.php(310): mysqli->query('SELECT *
FROM `Quality`
ORDER BY `id` ASC', 0)
 2 SYSTEMPATH/Database/BaseConnection.php(732): CodeIgniter\Database\MySQLi\Connection->execute('SELECT *
FROM `Quality`
ORDER BY `id` ASC')
 3 SYSTEMPATH/Database/BaseConnection.php(646): CodeIgniter\Database\BaseConnection->simpleQuery('SELECT *
FROM `Quality`
ORDER BY `id` ASC')
 4 SYSTEMPATH/Database/BaseBuilder.php(1637): CodeIgniter\Database\BaseConnection->query('SELECT *
FROM `Quality`
ORDER BY `id` ASC', [], false)
 5 SYSTEMPATH/Model.php(286): CodeIgniter\Database\BaseBuilder->get()
 6 SYSTEMPATH/BaseModel.php(676): CodeIgniter\Model->doFindAll(0, 0)
 7 APPPATH/Controllers/DrumsCont.php(10): CodeIgniter\BaseModel->findAll()
 8 SYSTEMPATH/CodeIgniter.php(933): App\Controllers\DrumsCont->drums()
 9 SYSTEMPATH/CodeIgniter.php(509): CodeIgniter\CodeIgniter->runController(Object(App\Controllers\DrumsCont))
10 SYSTEMPATH/CodeIgniter.php(355): CodeIgniter\CodeIgniter->handleRequest(null, Object(Config\Cache), false)
11 SYSTEMPATH/Boot.php(325): CodeIgniter\CodeIgniter->run()
12 SYSTEMPATH/Boot.php(67): CodeIgniter\Boot::runCodeIgniter(Object(CodeIgniter\CodeIgniter))
13 FCPATH/index.php(56): CodeIgniter\Boot::bootWeb(Object(Config\Paths))
CRITICAL - 2024-07-05 18:07:05 --> Error: Class "App\Models\paint2Model" not found
[Method: GET, Route: paint2]
in APPPATH/Controllers/paint2Cont.php on line 11.
 1 SYSTEMPATH/CodeIgniter.php(933): App\Controllers\paint2Cont->paint2()
 2 SYSTEMPATH/CodeIgniter.php(509): CodeIgniter\CodeIgniter->runController(Object(App\Controllers\paint2Cont))
 3 SYSTEMPATH/CodeIgniter.php(355): CodeIgniter\CodeIgniter->handleRequest(null, Object(Config\Cache), false)
 4 SYSTEMPATH/Boot.php(325): CodeIgniter\CodeIgniter->run()
 5 SYSTEMPATH/Boot.php(67): CodeIgniter\Boot::runCodeIgniter(Object(CodeIgniter\CodeIgniter))
 6 FCPATH/index.php(56): CodeIgniter\Boot::bootWeb(Object(Config\Paths))
CRITICAL - 2024-07-05 18:26:31 --> ErrorException: Undefined variable $paints2
[Method: GET, Route: paint2]
in APPPATH/Views/quality/paint2.php on line 154.
 1 APPPATH/Views/quality/paint2.php(154): CodeIgniter\Debug\Exceptions->errorHandler(2, 'Undefined variable $paints2', '/Applications/MAMP/htdocs/qualitydb/app/Views/quality/paint2.php', 154)
 2 SYSTEMPATH/View/View.php(234): include('/Applications/MAMP/htdocs/qualitydb/app/Views/quality/paint2.php')
 3 SYSTEMPATH/View/View.php(237): CodeIgniter\View\View->CodeIgniter\View\{closure}()
 4 SYSTEMPATH/Common.php(1171): CodeIgniter\View\View->render('quality/paint2', [], true)
 5 APPPATH/Controllers/paint2Cont.php(14): view('quality/paint2', [...])
 6 SYSTEMPATH/CodeIgniter.php(933): App\Controllers\paint2Cont->paint2()
 7 SYSTEMPATH/CodeIgniter.php(509): CodeIgniter\CodeIgniter->runController(Object(App\Controllers\paint2Cont))
 8 SYSTEMPATH/CodeIgniter.php(355): CodeIgniter\CodeIgniter->handleRequest(null, Object(Config\Cache), false)
 9 SYSTEMPATH/Boot.php(325): CodeIgniter\CodeIgniter->run()
10 SYSTEMPATH/Boot.php(67): CodeIgniter\Boot::runCodeIgniter(Object(CodeIgniter\CodeIgniter))
11 FCPATH/index.php(56): CodeIgniter\Boot::bootWeb(Object(Config\Paths))
CRITICAL - 2024-07-05 18:27:15 --> ErrorException: Undefined variable $paint
[Method: GET, Route: paint2]
in APPPATH/Views/quality/paint2.php on line 154.
 1 APPPATH/Views/quality/paint2.php(154): CodeIgniter\Debug\Exceptions->errorHandler(2, 'Undefined variable $paint', '/Applications/MAMP/htdocs/qualitydb/app/Views/quality/paint2.php', 154)
 2 SYSTEMPATH/View/View.php(234): include('/Applications/MAMP/htdocs/qualitydb/app/Views/quality/paint2.php')
 3 SYSTEMPATH/View/View.php(237): CodeIgniter\View\View->CodeIgniter\View\{closure}()
 4 SYSTEMPATH/Common.php(1171): CodeIgniter\View\View->render('quality/paint2', [], true)
 5 APPPATH/Controllers/paint2Cont.php(14): view('quality/paint2', [...])
 6 SYSTEMPATH/CodeIgniter.php(933): App\Controllers\paint2Cont->paint2()
 7 SYSTEMPATH/CodeIgniter.php(509): CodeIgniter\CodeIgniter->runController(Object(App\Controllers\paint2Cont))
 8 SYSTEMPATH/CodeIgniter.php(355): CodeIgniter\CodeIgniter->handleRequest(null, Object(Config\Cache), false)
 9 SYSTEMPATH/Boot.php(325): CodeIgniter\CodeIgniter->run()
10 SYSTEMPATH/Boot.php(67): CodeIgniter\Boot::runCodeIgniter(Object(CodeIgniter\CodeIgniter))
11 FCPATH/index.php(56): CodeIgniter\Boot::bootWeb(Object(Config\Paths))
CRITICAL - 2024-07-05 18:27:48 --> ErrorException: Undefined variable $paintss2
[Method: GET, Route: paint2]
in APPPATH/Views/quality/paint2.php on line 154.
 1 APPPATH/Views/quality/paint2.php(154): CodeIgniter\Debug\Exceptions->errorHandler(2, 'Undefined variable $paintss2', '/Applications/MAMP/htdocs/qualitydb/app/Views/quality/paint2.php', 154)
 2 SYSTEMPATH/View/View.php(234): include('/Applications/MAMP/htdocs/qualitydb/app/Views/quality/paint2.php')
 3 SYSTEMPATH/View/View.php(237): CodeIgniter\View\View->CodeIgniter\View\{closure}()
 4 SYSTEMPATH/Common.php(1171): CodeIgniter\View\View->render('quality/paint2', [], true)
 5 APPPATH/Controllers/paint2Cont.php(14): view('quality/paint2', [...])
 6 SYSTEMPATH/CodeIgniter.php(933): App\Controllers\paint2Cont->paint2()
 7 SYSTEMPATH/CodeIgniter.php(509): CodeIgniter\CodeIgniter->runController(Object(App\Controllers\paint2Cont))
 8 SYSTEMPATH/CodeIgniter.php(355): CodeIgniter\CodeIgniter->handleRequest(null, Object(Config\Cache), false)
 9 SYSTEMPATH/Boot.php(325): CodeIgniter\CodeIgniter->run()
10 SYSTEMPATH/Boot.php(67): CodeIgniter\Boot::runCodeIgniter(Object(CodeIgniter\CodeIgniter))
11 FCPATH/index.php(56): CodeIgniter\Boot::bootWeb(Object(Config\Paths))
CRITICAL - 2024-07-05 18:27:54 --> ErrorException: Undefined variable $paintss
[Method: GET, Route: paint2]
in APPPATH/Views/quality/paint2.php on line 154.
 1 APPPATH/Views/quality/paint2.php(154): CodeIgniter\Debug\Exceptions->errorHandler(2, 'Undefined variable $paintss', '/Applications/MAMP/htdocs/qualitydb/app/Views/quality/paint2.php', 154)
 2 SYSTEMPATH/View/View.php(234): include('/Applications/MAMP/htdocs/qualitydb/app/Views/quality/paint2.php')
 3 SYSTEMPATH/View/View.php(237): CodeIgniter\View\View->CodeIgniter\View\{closure}()
 4 SYSTEMPATH/Common.php(1171): CodeIgniter\View\View->render('quality/paint2', [], true)
 5 APPPATH/Controllers/paint2Cont.php(14): view('quality/paint2', [...])
 6 SYSTEMPATH/CodeIgniter.php(933): App\Controllers\paint2Cont->paint2()
 7 SYSTEMPATH/CodeIgniter.php(509): CodeIgniter\CodeIgniter->runController(Object(App\Controllers\paint2Cont))
 8 SYSTEMPATH/CodeIgniter.php(355): CodeIgniter\CodeIgniter->handleRequest(null, Object(Config\Cache), false)
 9 SYSTEMPATH/Boot.php(325): CodeIgniter\CodeIgniter->run()
10 SYSTEMPATH/Boot.php(67): CodeIgniter\Boot::runCodeIgniter(Object(CodeIgniter\CodeIgniter))
11 FCPATH/index.php(56): CodeIgniter\Boot::bootWeb(Object(Config\Paths))
CRITICAL - 2024-07-05 18:28:26 --> ErrorException: Undefined variable $paints2
[Method: GET, Route: paint2]
in APPPATH/Views/quality/paint2.php on line 154.
 1 APPPATH/Views/quality/paint2.php(154): CodeIgniter\Debug\Exceptions->errorHandler(2, 'Undefined variable $paints2', '/Applications/MAMP/htdocs/qualitydb/app/Views/quality/paint2.php', 154)
 2 SYSTEMPATH/View/View.php(234): include('/Applications/MAMP/htdocs/qualitydb/app/Views/quality/paint2.php')
 3 SYSTEMPATH/View/View.php(237): CodeIgniter\View\View->CodeIgniter\View\{closure}()
 4 SYSTEMPATH/Common.php(1171): CodeIgniter\View\View->render('quality/paint2', [], true)
 5 APPPATH/Controllers/paint2Cont.php(14): view('quality/paint2', [...])
 6 SYSTEMPATH/CodeIgniter.php(933): App\Controllers\paint2Cont->paint2()
 7 SYSTEMPATH/CodeIgniter.php(509): CodeIgniter\CodeIgniter->runController(Object(App\Controllers\paint2Cont))
 8 SYSTEMPATH/CodeIgniter.php(355): CodeIgniter\CodeIgniter->handleRequest(null, Object(Config\Cache), false)
 9 SYSTEMPATH/Boot.php(325): CodeIgniter\CodeIgniter->run()
10 SYSTEMPATH/Boot.php(67): CodeIgniter\Boot::runCodeIgniter(Object(CodeIgniter\CodeIgniter))
11 FCPATH/index.php(56): CodeIgniter\Boot::bootWeb(Object(Config\Paths))
CRITICAL - 2024-07-05 18:29:00 --> ParseError: syntax error, unexpected token "[", expecting variable or "{" or "$"
[Method: GET, Route: paint2]
in APPPATH/Views/quality/paint2.php on line 156.
 1 SYSTEMPATH/View/View.php(237): CodeIgniter\View\View->CodeIgniter\View\{closure}()
 2 SYSTEMPATH/Common.php(1171): CodeIgniter\View\View->render('quality/paint2', [], true)
 3 APPPATH/Controllers/paint2Cont.php(14): view('quality/paint2', [...])
 4 SYSTEMPATH/CodeIgniter.php(933): App\Controllers\paint2Cont->paint2()
 5 SYSTEMPATH/CodeIgniter.php(509): CodeIgniter\CodeIgniter->runController(Object(App\Controllers\paint2Cont))
 6 SYSTEMPATH/CodeIgniter.php(355): CodeIgniter\CodeIgniter->handleRequest(null, Object(Config\Cache), false)
 7 SYSTEMPATH/Boot.php(325): CodeIgniter\CodeIgniter->run()
 8 SYSTEMPATH/Boot.php(67): CodeIgniter\Boot::runCodeIgniter(Object(CodeIgniter\CodeIgniter))
 9 FCPATH/index.php(56): CodeIgniter\Boot::bootWeb(Object(Config\Paths))
CRITICAL - 2024-07-05 18:46:48 --> ParseError: syntax error, unexpected identifier "SIZE", expecting ")"
[Method: GET, Route: paint2]
in APPPATH/Views/quality/paint2.php on line 68.
 1 SYSTEMPATH/View/View.php(237): CodeIgniter\View\View->CodeIgniter\View\{closure}()
 2 SYSTEMPATH/Common.php(1171): CodeIgniter\View\View->render('quality/paint2', [], true)
 3 APPPATH/Controllers/paint2Cont.php(14): view('quality/paint2', [...])
 4 SYSTEMPATH/CodeIgniter.php(933): App\Controllers\paint2Cont->paint2()
 5 SYSTEMPATH/CodeIgniter.php(509): CodeIgniter\CodeIgniter->runController(Object(App\Controllers\paint2Cont))
 6 SYSTEMPATH/CodeIgniter.php(355): CodeIgniter\CodeIgniter->handleRequest(null, Object(Config\Cache), false)
 7 SYSTEMPATH/Boot.php(325): CodeIgniter\CodeIgniter->run()
 8 SYSTEMPATH/Boot.php(67): CodeIgniter\Boot::runCodeIgniter(Object(CodeIgniter\CodeIgniter))
 9 FCPATH/index.php(56): CodeIgniter\Boot::bootWeb(Object(Config\Paths))
CRITICAL - 2024-07-05 19:38:48 --> ParseError: syntax error, unexpected token "use"
[Method: GET, Route: paint2]
in APPPATH/Config/Routes.php on line 5.
 1 SYSTEMPATH/CodeIgniter.php(823): CodeIgniter\Router\RouteCollection->loadRoutes()
 2 SYSTEMPATH/CodeIgniter.php(457): CodeIgniter\CodeIgniter->tryToRouteIt(null)
 3 SYSTEMPATH/CodeIgniter.php(355): CodeIgniter\CodeIgniter->handleRequest(null, Object(Config\Cache), false)
 4 SYSTEMPATH/Boot.php(325): CodeIgniter\CodeIgniter->run()
 5 SYSTEMPATH/Boot.php(67): CodeIgniter\Boot::runCodeIgniter(Object(CodeIgniter\CodeIgniter))
 6 FCPATH/index.php(56): CodeIgniter\Boot::bootWeb(Object(Config\Paths))
CRITICAL - 2024-07-05 21:08:55 --> ParseError: syntax error, unexpected single-quoted string "CRACKS", expecting ")"
[Method: GET, Route: misc]
in APPPATH/Views/quality/misc.php on line 66.
 1 SYSTEMPATH/View/View.php(237): CodeIgniter\View\View->CodeIgniter\View\{closure}()
 2 SYSTEMPATH/Common.php(1171): CodeIgniter\View\View->render('quality/misc', [], true)
 3 APPPATH/Controllers/MiscCont.php(14): view('quality/misc', [...])
 4 SYSTEMPATH/CodeIgniter.php(933): App\Controllers\MiscCont->misc()
 5 SYSTEMPATH/CodeIgniter.php(509): CodeIgniter\CodeIgniter->runController(Object(App\Controllers\MiscCont))
 6 SYSTEMPATH/CodeIgniter.php(355): CodeIgniter\CodeIgniter->handleRequest(null, Object(Config\Cache), false)
 7 SYSTEMPATH/Boot.php(325): CodeIgniter\CodeIgniter->run()
 8 SYSTEMPATH/Boot.php(67): CodeIgniter\Boot::runCodeIgniter(Object(CodeIgniter\CodeIgniter))
 9 FCPATH/index.php(56): CodeIgniter\Boot::bootWeb(Object(Config\Paths))
CRITICAL - 2024-07-05 21:09:11 --> ErrorException: Cannot use empty array elements in arrays
[Method: GET, Route: misc]
in APPPATH/Views/quality/misc.php on line 40.
 1 [internal function]: CodeIgniter\Debug\Exceptions->shutdownHandler()
CRITICAL - 2024-07-05 21:17:23 --> ParseError: syntax error, unexpected single-quoted string "APPROVED", expecting ")"
[Method: GET, Route: assy]
in APPPATH/Views/quality/assy.php on line 169.
 1 SYSTEMPATH/View/View.php(237): CodeIgniter\View\View->CodeIgniter\View\{closure}()
 2 SYSTEMPATH/Common.php(1171): CodeIgniter\View\View->render('quality/assy', [], true)
 3 APPPATH/Controllers/AssyCont.php(14): view('quality/assy', [...])
 4 SYSTEMPATH/CodeIgniter.php(933): App\Controllers\AssyCont->assy()
 5 SYSTEMPATH/CodeIgniter.php(509): CodeIgniter\CodeIgniter->runController(Object(App\Controllers\AssyCont))
 6 SYSTEMPATH/CodeIgniter.php(355): CodeIgniter\CodeIgniter->handleRequest(null, Object(Config\Cache), false)
 7 SYSTEMPATH/Boot.php(325): CodeIgniter\CodeIgniter->run()
 8 SYSTEMPATH/Boot.php(67): CodeIgniter\Boot::runCodeIgniter(Object(CodeIgniter\CodeIgniter))
 9 FCPATH/index.php(56): CodeIgniter\Boot::bootWeb(Object(Config\Paths))
CRITICAL - 2024-07-05 21:32:11 --> ParseError: syntax error, unexpected single-quoted string "BAD CUT", expecting ")"
[Method: GET, Route: assy]
in APPPATH/Views/quality/assy.php on line 93.
 1 SYSTEMPATH/View/View.php(237): CodeIgniter\View\View->CodeIgniter\View\{closure}()
 2 SYSTEMPATH/Common.php(1171): CodeIgniter\View\View->render('quality/assy', [], true)
 3 APPPATH/Controllers/AssyCont.php(14): view('quality/assy', [...])
 4 SYSTEMPATH/CodeIgniter.php(933): App\Controllers\AssyCont->assy()
 5 SYSTEMPATH/CodeIgniter.php(509): CodeIgniter\CodeIgniter->runController(Object(App\Controllers\AssyCont))
 6 SYSTEMPATH/CodeIgniter.php(355): CodeIgniter\CodeIgniter->handleRequest(null, Object(Config\Cache), false)
 7 SYSTEMPATH/Boot.php(325): CodeIgniter\CodeIgniter->run()
 8 SYSTEMPATH/Boot.php(67): CodeIgniter\Boot::runCodeIgniter(Object(CodeIgniter\CodeIgniter))
 9 FCPATH/index.php(56): CodeIgniter\Boot::bootWeb(Object(Config\Paths))
CRITICAL - 2024-07-05 21:38:42 --> ErrorException: Undefined variable $miscellaneous
[Method: GET, Route: drums]
in APPPATH/Views/quality/drums.php on line 166.
 1 APPPATH/Views/quality/drums.php(166): CodeIgniter\Debug\Exceptions->errorHandler(2, 'Undefined variable $miscellaneous', '/Applications/MAMP/htdocs/qualitydb/app/Views/quality/drums.php', 166)
 2 SYSTEMPATH/View/View.php(234): include('/Applications/MAMP/htdocs/qualitydb/app/Views/quality/drums.php')
 3 SYSTEMPATH/View/View.php(237): CodeIgniter\View\View->CodeIgniter\View\{closure}()
 4 SYSTEMPATH/Common.php(1171): CodeIgniter\View\View->render('quality/drums', [], true)
 5 APPPATH/Controllers/DrumsCont.php(13): view('quality/drums', [...])
 6 SYSTEMPATH/CodeIgniter.php(933): App\Controllers\DrumsCont->drums()
 7 SYSTEMPATH/CodeIgniter.php(509): CodeIgniter\CodeIgniter->runController(Object(App\Controllers\DrumsCont))
 8 SYSTEMPATH/CodeIgniter.php(355): CodeIgniter\CodeIgniter->handleRequest(null, Object(Config\Cache), false)
 9 SYSTEMPATH/Boot.php(325): CodeIgniter\CodeIgniter->run()
10 SYSTEMPATH/Boot.php(67): CodeIgniter\Boot::runCodeIgniter(Object(CodeIgniter\CodeIgniter))
11 FCPATH/index.php(56): CodeIgniter\Boot::bootWeb(Object(Config\Paths))
CRITICAL - 2024-07-05 22:39:06 --> ParseError: syntax error, unexpected single-quoted string "serie", expecting "]"
[Method: GET, Route: drums]
in APPPATH/Controllers/DrumsCont.php on line 22.
 1 SYSTEMPATH/Autoloader/Autoloader.php(296): CodeIgniter\Autoloader\Autoloader->includeFile('/Applications/MAMP/htdocs/qualitydb/app/Controllers/DrumsCont.php')
 2 SYSTEMPATH/Autoloader/Autoloader.php(272): CodeIgniter\Autoloader\Autoloader->loadInNamespace('App\\Controllers\\DrumsCont')
 3 [internal function]: CodeIgniter\Autoloader\Autoloader->loadClass('App\\Controllers\\DrumsCont')
 4 SYSTEMPATH/CodeIgniter.php(887): class_exists('\\App\\Controllers\\DrumsCont', true)
 5 SYSTEMPATH/CodeIgniter.php(496): CodeIgniter\CodeIgniter->startController()
 6 SYSTEMPATH/CodeIgniter.php(355): CodeIgniter\CodeIgniter->handleRequest(null, Object(Config\Cache), false)
 7 SYSTEMPATH/Boot.php(325): CodeIgniter\CodeIgniter->run()
 8 SYSTEMPATH/Boot.php(67): CodeIgniter\Boot::runCodeIgniter(Object(CodeIgniter\CodeIgniter))
 9 FCPATH/index.php(56): CodeIgniter\Boot::bootWeb(Object(Config\Paths))
CRITICAL - 2024-07-05 22:39:25 --> ErrorException: Undefined variable $miscellaneous
[Method: GET, Route: drums]
in APPPATH/Views/quality/drums.php on line 178.
 1 APPPATH/Views/quality/drums.php(178): CodeIgniter\Debug\Exceptions->errorHandler(2, 'Undefined variable $miscellaneous', '/Applications/MAMP/htdocs/qualitydb/app/Views/quality/drums.php', 178)
 2 SYSTEMPATH/View/View.php(234): include('/Applications/MAMP/htdocs/qualitydb/app/Views/quality/drums.php')
 3 SYSTEMPATH/View/View.php(237): CodeIgniter\View\View->CodeIgniter\View\{closure}()
 4 SYSTEMPATH/Common.php(1171): CodeIgniter\View\View->render('quality/drums', [], true)
 5 APPPATH/Controllers/DrumsCont.php(13): view('quality/drums', [...])
 6 SYSTEMPATH/CodeIgniter.php(933): App\Controllers\DrumsCont->drums()
 7 SYSTEMPATH/CodeIgniter.php(509): CodeIgniter\CodeIgniter->runController(Object(App\Controllers\DrumsCont))
 8 SYSTEMPATH/CodeIgniter.php(355): CodeIgniter\CodeIgniter->handleRequest(null, Object(Config\Cache), false)
 9 SYSTEMPATH/Boot.php(325): CodeIgniter\CodeIgniter->run()
10 SYSTEMPATH/Boot.php(67): CodeIgniter\Boot::runCodeIgniter(Object(CodeIgniter\CodeIgniter))
11 FCPATH/index.php(56): CodeIgniter\Boot::bootWeb(Object(Config\Paths))
CRITICAL - 2024-07-05 22:47:35 --> ParseError: syntax error, unexpected token "<", expecting end of file
[Method: GET, Route: drums]
in APPPATH/Views/quality/drums.php on line 53.
 1 SYSTEMPATH/View/View.php(237): CodeIgniter\View\View->CodeIgniter\View\{closure}()
 2 SYSTEMPATH/Common.php(1171): CodeIgniter\View\View->render('quality/drums', [], true)
 3 APPPATH/Controllers/DrumsCont.php(13): view('quality/drums', [...])
 4 SYSTEMPATH/CodeIgniter.php(933): App\Controllers\DrumsCont->drums()
 5 SYSTEMPATH/CodeIgniter.php(509): CodeIgniter\CodeIgniter->runController(Object(App\Controllers\DrumsCont))
 6 SYSTEMPATH/CodeIgniter.php(355): CodeIgniter\CodeIgniter->handleRequest(null, Object(Config\Cache), false)
 7 SYSTEMPATH/Boot.php(325): CodeIgniter\CodeIgniter->run()
 8 SYSTEMPATH/Boot.php(67): CodeIgniter\Boot::runCodeIgniter(Object(CodeIgniter\CodeIgniter))
 9 FCPATH/index.php(56): CodeIgniter\Boot::bootWeb(Object(Config\Paths))
CRITICAL - 2024-07-05 22:47:44 --> ParseError: syntax error, unexpected token "<", expecting ")"
[Method: GET, Route: drums]
in APPPATH/Views/quality/drums.php on line 55.
 1 SYSTEMPATH/View/View.php(237): CodeIgniter\View\View->CodeIgniter\View\{closure}()
 2 SYSTEMPATH/Common.php(1171): CodeIgniter\View\View->render('quality/drums', [], true)
 3 APPPATH/Controllers/DrumsCont.php(13): view('quality/drums', [...])
 4 SYSTEMPATH/CodeIgniter.php(933): App\Controllers\DrumsCont->drums()
 5 SYSTEMPATH/CodeIgniter.php(509): CodeIgniter\CodeIgniter->runController(Object(App\Controllers\DrumsCont))
 6 SYSTEMPATH/CodeIgniter.php(355): CodeIgniter\CodeIgniter->handleRequest(null, Object(Config\Cache), false)
 7 SYSTEMPATH/Boot.php(325): CodeIgniter\CodeIgniter->run()
 8 SYSTEMPATH/Boot.php(67): CodeIgniter\Boot::runCodeIgniter(Object(CodeIgniter\CodeIgniter))
 9 FCPATH/index.php(56): CodeIgniter\Boot::bootWeb(Object(Config\Paths))
CRITICAL - 2024-07-05 22:48:13 --> ParseError: syntax error, unexpected token "<", expecting ")"
[Method: GET, Route: drums]
in APPPATH/Views/quality/drums.php on line 81.
 1 SYSTEMPATH/View/View.php(237): CodeIgniter\View\View->CodeIgniter\View\{closure}()
 2 SYSTEMPATH/Common.php(1171): CodeIgniter\View\View->render('quality/drums', [], true)
 3 APPPATH/Controllers/DrumsCont.php(13): view('quality/drums', [...])
 4 SYSTEMPATH/CodeIgniter.php(933): App\Controllers\DrumsCont->drums()
 5 SYSTEMPATH/CodeIgniter.php(509): CodeIgniter\CodeIgniter->runController(Object(App\Controllers\DrumsCont))
 6 SYSTEMPATH/CodeIgniter.php(355): CodeIgniter\CodeIgniter->handleRequest(null, Object(Config\Cache), false)
 7 SYSTEMPATH/Boot.php(325): CodeIgniter\CodeIgniter->run()
 8 SYSTEMPATH/Boot.php(67): CodeIgniter\Boot::runCodeIgniter(Object(CodeIgniter\CodeIgniter))
 9 FCPATH/index.php(56): CodeIgniter\Boot::bootWeb(Object(Config\Paths))
CRITICAL - 2024-07-05 22:50:08 --> ParseError: syntax error, unexpected token "<"
[Method: GET, Route: drums]
in APPPATH/Views/quality/drums.php on line 157.
 1 SYSTEMPATH/View/View.php(237): CodeIgniter\View\View->CodeIgniter\View\{closure}()
 2 SYSTEMPATH/Common.php(1171): CodeIgniter\View\View->render('quality/drums', [], true)
 3 APPPATH/Controllers/DrumsCont.php(13): view('quality/drums', [...])
 4 SYSTEMPATH/CodeIgniter.php(933): App\Controllers\DrumsCont->drums()
 5 SYSTEMPATH/CodeIgniter.php(509): CodeIgniter\CodeIgniter->runController(Object(App\Controllers\DrumsCont))
 6 SYSTEMPATH/CodeIgniter.php(355): CodeIgniter\CodeIgniter->handleRequest(null, Object(Config\Cache), false)
 7 SYSTEMPATH/Boot.php(325): CodeIgniter\CodeIgniter->run()
 8 SYSTEMPATH/Boot.php(67): CodeIgniter\Boot::runCodeIgniter(Object(CodeIgniter\CodeIgniter))
 9 FCPATH/index.php(56): CodeIgniter\Boot::bootWeb(Object(Config\Paths))
CRITICAL - 2024-07-05 22:51:11 --> ParseError: syntax error, unexpected token "<", expecting end of file
[Method: GET, Route: drums]
in APPPATH/Views/quality/drums.php on line 113.
 1 SYSTEMPATH/View/View.php(237): CodeIgniter\View\View->CodeIgniter\View\{closure}()
 2 SYSTEMPATH/Common.php(1171): CodeIgniter\View\View->render('quality/drums', [], true)
 3 APPPATH/Controllers/DrumsCont.php(13): view('quality/drums', [...])
 4 SYSTEMPATH/CodeIgniter.php(933): App\Controllers\DrumsCont->drums()
 5 SYSTEMPATH/CodeIgniter.php(509): CodeIgniter\CodeIgniter->runController(Object(App\Controllers\DrumsCont))
 6 SYSTEMPATH/CodeIgniter.php(355): CodeIgniter\CodeIgniter->handleRequest(null, Object(Config\Cache), false)
 7 SYSTEMPATH/Boot.php(325): CodeIgniter\CodeIgniter->run()
 8 SYSTEMPATH/Boot.php(67): CodeIgniter\Boot::runCodeIgniter(Object(CodeIgniter\CodeIgniter))
 9 FCPATH/index.php(56): CodeIgniter\Boot::bootWeb(Object(Config\Paths))
CRITICAL - 2024-07-05 22:56:59 --> ErrorException: Undefined variable $locations
[Method: GET, Route: drums]
in APPPATH/Views/quality/drums.php on line 69.
 1 APPPATH/Views/quality/drums.php(69): CodeIgniter\Debug\Exceptions->errorHandler(2, 'Undefined variable $locations', '/Applications/MAMP/htdocs/qualitydb/app/Views/quality/drums.php', 69)
 2 SYSTEMPATH/View/View.php(234): include('/Applications/MAMP/htdocs/qualitydb/app/Views/quality/drums.php')
 3 SYSTEMPATH/View/View.php(237): CodeIgniter\View\View->CodeIgniter\View\{closure}()
 4 SYSTEMPATH/Common.php(1171): CodeIgniter\View\View->render('quality/drums', [], true)
 5 APPPATH/Controllers/DrumsCont.php(13): view('quality/drums', [...])
 6 SYSTEMPATH/CodeIgniter.php(933): App\Controllers\DrumsCont->drums()
 7 SYSTEMPATH/CodeIgniter.php(509): CodeIgniter\CodeIgniter->runController(Object(App\Controllers\DrumsCont))
 8 SYSTEMPATH/CodeIgniter.php(355): CodeIgniter\CodeIgniter->handleRequest(null, Object(Config\Cache), false)
 9 SYSTEMPATH/Boot.php(325): CodeIgniter\CodeIgniter->run()
10 SYSTEMPATH/Boot.php(67): CodeIgniter\Boot::runCodeIgniter(Object(CodeIgniter\CodeIgniter))
11 FCPATH/index.php(56): CodeIgniter\Boot::bootWeb(Object(Config\Paths))
CRITICAL - 2024-07-05 22:58:43 --> ErrorException: Array to string conversion
[Method: GET, Route: drums]
in APPPATH/Views/quality/drums.php on line 140.
 1 APPPATH/Views/quality/drums.php(140): CodeIgniter\Debug\Exceptions->errorHandler(2, 'Array to string conversion', '/Applications/MAMP/htdocs/qualitydb/app/Views/quality/drums.php', 140)
 2 SYSTEMPATH/View/View.php(234): include('/Applications/MAMP/htdocs/qualitydb/app/Views/quality/drums.php')
 3 SYSTEMPATH/View/View.php(237): CodeIgniter\View\View->CodeIgniter\View\{closure}()
 4 SYSTEMPATH/Common.php(1171): CodeIgniter\View\View->render('quality/drums', [], true)
 5 APPPATH/Controllers/DrumsCont.php(13): view('quality/drums', [...])
 6 SYSTEMPATH/CodeIgniter.php(933): App\Controllers\DrumsCont->drums()
 7 SYSTEMPATH/CodeIgniter.php(509): CodeIgniter\CodeIgniter->runController(Object(App\Controllers\DrumsCont))
 8 SYSTEMPATH/CodeIgniter.php(355): CodeIgniter\CodeIgniter->handleRequest(null, Object(Config\Cache), false)
 9 SYSTEMPATH/Boot.php(325): CodeIgniter\CodeIgniter->run()
10 SYSTEMPATH/Boot.php(67): CodeIgniter\Boot::runCodeIgniter(Object(CodeIgniter\CodeIgniter))
11 FCPATH/index.php(56): CodeIgniter\Boot::bootWeb(Object(Config\Paths))
