INFO - 2024-10-10 20:17:47 --> Session: Class initialized using 'CodeIgniter\Session\Handlers\FileHandler' driver.
WARNING - 2024-10-10 20:17:47 --> [DEPRECATED] htmlspecialchars(): Passing null to parameter #1 ($string) of type string is deprecated in APPPATH\Views\quality\dashboard\encabezado.php on line 73.
 1 APPPATH\Views\quality\dashboard\encabezado.php(73): htmlspecialchars(null)
 2 APPPATH\Views\quality\dashboard\inicio.php(1): require('C:\\xampp\\htdocs\\quality\\app\\Views\\quality\\dashboard\\encabezado.php')
 3 SYSTEMPATH\View\View.php(234): include('C:\\xampp\\htdocs\\quality\\app\\Views\\quality\\dashboard\\inicio.php')
 4 SYSTEMPATH\View\View.php(237): CodeIgniter\View\View->CodeIgniter\View\{closure}()
 5 SYSTEMPATH\Common.php(1171): CodeIgniter\View\View->render('quality/dashboard/inicio', [], true)
 6 APPPATH\Controllers\dashboardCont.php(10): view('quality/dashboard/inicio')
 7 SYSTEMPATH\CodeIgniter.php(933): App\Controllers\dashboardCont->index()
 8 SYSTEMPATH\CodeIgniter.php(509): CodeIgniter\CodeIgniter->runController(Object(App\Controllers\dashboardCont))
 9 SYSTEMPATH\CodeIgniter.php(355): CodeIgniter\CodeIgniter->handleRequest(null, Object(Config\Cache), false)
10 SYSTEMPATH\Boot.php(325): CodeIgniter\CodeIgniter->run()
11 SYSTEMPATH\Boot.php(67): CodeIgniter\Boot::runCodeIgniter(Object(CodeIgniter\CodeIgniter))
12 FCPATH\index.php(56): CodeIgniter\Boot::bootWeb(Object(Config\Paths))
INFO - 2024-10-10 20:21:15 --> Session: Class initialized using 'CodeIgniter\Session\Handlers\FileHandler' driver.
WARNING - 2024-10-10 20:21:15 --> [DEPRECATED] htmlspecialchars(): Passing null to parameter #1 ($string) of type string is deprecated in APPPATH\Views\quality\dashboard\encabezado.php on line 73.
 1 APPPATH\Views\quality\dashboard\encabezado.php(73): htmlspecialchars(null)
 2 APPPATH\Views\quality\dashboard\inicio.php(1): require('C:\\xampp\\htdocs\\quality\\app\\Views\\quality\\dashboard\\encabezado.php')
 3 SYSTEMPATH\View\View.php(234): include('C:\\xampp\\htdocs\\quality\\app\\Views\\quality\\dashboard\\inicio.php')
 4 SYSTEMPATH\View\View.php(237): CodeIgniter\View\View->CodeIgniter\View\{closure}()
 5 SYSTEMPATH\Common.php(1171): CodeIgniter\View\View->render('quality/dashboard/inicio', [], true)
 6 APPPATH\Controllers\dashboardCont.php(10): view('quality/dashboard/inicio')
 7 SYSTEMPATH\CodeIgniter.php(933): App\Controllers\dashboardCont->index()
 8 SYSTEMPATH\CodeIgniter.php(509): CodeIgniter\CodeIgniter->runController(Object(App\Controllers\dashboardCont))
 9 SYSTEMPATH\CodeIgniter.php(355): CodeIgniter\CodeIgniter->handleRequest(null, Object(Config\Cache), false)
10 SYSTEMPATH\Boot.php(325): CodeIgniter\CodeIgniter->run()
11 SYSTEMPATH\Boot.php(67): CodeIgniter\Boot::runCodeIgniter(Object(CodeIgniter\CodeIgniter))
12 FCPATH\index.php(56): CodeIgniter\Boot::bootWeb(Object(Config\Paths))
CRITICAL - 2024-10-10 20:21:15 --> mysqli_sql_exception: Unknown column 'number' in 'field list'
[Method: GET, Route: dashboard/inicio]
in APPPATH\Views\quality\dashboard\inicio.php on line 13.
 1 APPPATH\Views\quality\dashboard\inicio.php(13): mysqli_query(Object(mysqli), 'SELECT number, COUNT(*) as count FROM preparation GROUP BY number')
 2 APPPATH\Views\quality\dashboard\inicio.php(39): getDefectData(Object(mysqli), 'preparation', 'number')
 3 SYSTEMPATH\View\View.php(234): include('C:\\xampp\\htdocs\\quality\\app\\Views\\quality\\dashboard\\inicio.php')
 4 SYSTEMPATH\View\View.php(237): CodeIgniter\View\View->CodeIgniter\View\{closure}()
 5 SYSTEMPATH\Common.php(1171): CodeIgniter\View\View->render('quality/dashboard/inicio', [], true)
 6 APPPATH\Controllers\dashboardCont.php(10): view('quality/dashboard/inicio')
 7 SYSTEMPATH\CodeIgniter.php(933): App\Controllers\dashboardCont->index()
 8 SYSTEMPATH\CodeIgniter.php(509): CodeIgniter\CodeIgniter->runController(Object(App\Controllers\dashboardCont))
 9 SYSTEMPATH\CodeIgniter.php(355): CodeIgniter\CodeIgniter->handleRequest(null, Object(Config\Cache), false)
10 SYSTEMPATH\Boot.php(325): CodeIgniter\CodeIgniter->run()
11 SYSTEMPATH\Boot.php(67): CodeIgniter\Boot::runCodeIgniter(Object(CodeIgniter\CodeIgniter))
12 FCPATH\index.php(56): CodeIgniter\Boot::bootWeb(Object(Config\Paths))
INFO - 2024-10-10 20:21:25 --> Session: Class initialized using 'CodeIgniter\Session\Handlers\FileHandler' driver.
WARNING - 2024-10-10 20:21:25 --> [DEPRECATED] htmlspecialchars(): Passing null to parameter #1 ($string) of type string is deprecated in APPPATH\Views\quality\databases\encabezado.php on line 81.
 1 APPPATH\Views\quality\databases\encabezado.php(81): htmlspecialchars(null)
 2 APPPATH\Views\quality\databases\home.php(1): require('C:\\xampp\\htdocs\\quality\\app\\Views\\quality\\databases\\encabezado.php')
 3 SYSTEMPATH\View\View.php(234): include('C:\\xampp\\htdocs\\quality\\app\\Views\\quality\\databases\\home.php')
 4 SYSTEMPATH\View\View.php(237): CodeIgniter\View\View->CodeIgniter\View\{closure}()
 5 SYSTEMPATH\Common.php(1171): CodeIgniter\View\View->render('quality/databases/home', [], true)
 6 APPPATH\Controllers\Home.php(8): view('quality/databases/home')
 7 SYSTEMPATH\CodeIgniter.php(933): App\Controllers\Home->index()
 8 SYSTEMPATH\CodeIgniter.php(509): CodeIgniter\CodeIgniter->runController(Object(App\Controllers\Home))
 9 SYSTEMPATH\CodeIgniter.php(355): CodeIgniter\CodeIgniter->handleRequest(null, Object(Config\Cache), false)
10 SYSTEMPATH\Boot.php(325): CodeIgniter\CodeIgniter->run()
11 SYSTEMPATH\Boot.php(67): CodeIgniter\Boot::runCodeIgniter(Object(CodeIgniter\CodeIgniter))
12 FCPATH\index.php(56): CodeIgniter\Boot::bootWeb(Object(Config\Paths))
INFO - 2024-10-10 20:21:35 --> Session: Class initialized using 'CodeIgniter\Session\Handlers\FileHandler' driver.
WARNING - 2024-10-10 20:21:35 --> [DEPRECATED] htmlspecialchars(): Passing null to parameter #1 ($string) of type string is deprecated in APPPATH\Views\quality\databases\encabezado.php on line 81.
 1 APPPATH\Views\quality\databases\encabezado.php(81): htmlspecialchars(null)
 2 APPPATH\Views\quality\databases\home.php(1): require('C:\\xampp\\htdocs\\quality\\app\\Views\\quality\\databases\\encabezado.php')
 3 SYSTEMPATH\View\View.php(234): include('C:\\xampp\\htdocs\\quality\\app\\Views\\quality\\databases\\home.php')
 4 SYSTEMPATH\View\View.php(237): CodeIgniter\View\View->CodeIgniter\View\{closure}()
 5 SYSTEMPATH\Common.php(1171): CodeIgniter\View\View->render('quality/databases/home', [], true)
 6 APPPATH\Controllers\Home.php(8): view('quality/databases/home')
 7 SYSTEMPATH\CodeIgniter.php(933): App\Controllers\Home->index()
 8 SYSTEMPATH\CodeIgniter.php(509): CodeIgniter\CodeIgniter->runController(Object(App\Controllers\Home))
 9 SYSTEMPATH\CodeIgniter.php(355): CodeIgniter\CodeIgniter->handleRequest(null, Object(Config\Cache), false)
10 SYSTEMPATH\Boot.php(325): CodeIgniter\CodeIgniter->run()
11 SYSTEMPATH\Boot.php(67): CodeIgniter\Boot::runCodeIgniter(Object(CodeIgniter\CodeIgniter))
12 FCPATH\index.php(56): CodeIgniter\Boot::bootWeb(Object(Config\Paths))
INFO - 2024-10-10 20:21:38 --> Session: Class initialized using 'CodeIgniter\Session\Handlers\FileHandler' driver.
WARNING - 2024-10-10 20:21:38 --> [DEPRECATED] htmlspecialchars(): Passing null to parameter #1 ($string) of type string is deprecated in APPPATH\Views\quality\dashboard\encabezado.php on line 73.
 1 APPPATH\Views\quality\dashboard\encabezado.php(73): htmlspecialchars(null)
 2 APPPATH\Views\quality\dashboard\inicio.php(1): require('C:\\xampp\\htdocs\\quality\\app\\Views\\quality\\dashboard\\encabezado.php')
 3 SYSTEMPATH\View\View.php(234): include('C:\\xampp\\htdocs\\quality\\app\\Views\\quality\\dashboard\\inicio.php')
 4 SYSTEMPATH\View\View.php(237): CodeIgniter\View\View->CodeIgniter\View\{closure}()
 5 SYSTEMPATH\Common.php(1171): CodeIgniter\View\View->render('quality/dashboard/inicio', [], true)
 6 APPPATH\Controllers\dashboardCont.php(10): view('quality/dashboard/inicio')
 7 SYSTEMPATH\CodeIgniter.php(933): App\Controllers\dashboardCont->index()
 8 SYSTEMPATH\CodeIgniter.php(509): CodeIgniter\CodeIgniter->runController(Object(App\Controllers\dashboardCont))
 9 SYSTEMPATH\CodeIgniter.php(355): CodeIgniter\CodeIgniter->handleRequest(null, Object(Config\Cache), false)
10 SYSTEMPATH\Boot.php(325): CodeIgniter\CodeIgniter->run()
11 SYSTEMPATH\Boot.php(67): CodeIgniter\Boot::runCodeIgniter(Object(CodeIgniter\CodeIgniter))
12 FCPATH\index.php(56): CodeIgniter\Boot::bootWeb(Object(Config\Paths))
INFO - 2024-10-10 20:25:19 --> Session: Class initialized using 'CodeIgniter\Session\Handlers\FileHandler' driver.
WARNING - 2024-10-10 20:25:19 --> [DEPRECATED] htmlspecialchars(): Passing null to parameter #1 ($string) of type string is deprecated in APPPATH\Views\quality\dashboard\encabezado.php on line 73.
 1 APPPATH\Views\quality\dashboard\encabezado.php(73): htmlspecialchars(null)
 2 APPPATH\Views\quality\dashboard\inicio.php(1): require('C:\\xampp\\htdocs\\quality\\app\\Views\\quality\\dashboard\\encabezado.php')
 3 SYSTEMPATH\View\View.php(234): include('C:\\xampp\\htdocs\\quality\\app\\Views\\quality\\dashboard\\inicio.php')
 4 SYSTEMPATH\View\View.php(237): CodeIgniter\View\View->CodeIgniter\View\{closure}()
 5 SYSTEMPATH\Common.php(1171): CodeIgniter\View\View->render('quality/dashboard/inicio', [], true)
 6 APPPATH\Controllers\dashboardCont.php(10): view('quality/dashboard/inicio')
 7 SYSTEMPATH\CodeIgniter.php(933): App\Controllers\dashboardCont->index()
 8 SYSTEMPATH\CodeIgniter.php(509): CodeIgniter\CodeIgniter->runController(Object(App\Controllers\dashboardCont))
 9 SYSTEMPATH\CodeIgniter.php(355): CodeIgniter\CodeIgniter->handleRequest(null, Object(Config\Cache), false)
10 SYSTEMPATH\Boot.php(325): CodeIgniter\CodeIgniter->run()
11 SYSTEMPATH\Boot.php(67): CodeIgniter\Boot::runCodeIgniter(Object(CodeIgniter\CodeIgniter))
12 FCPATH\index.php(56): CodeIgniter\Boot::bootWeb(Object(Config\Paths))
INFO - 2024-10-10 20:27:04 --> Session: Class initialized using 'CodeIgniter\Session\Handlers\FileHandler' driver.
WARNING - 2024-10-10 20:27:04 --> [DEPRECATED] htmlspecialchars(): Passing null to parameter #1 ($string) of type string is deprecated in APPPATH\Views\quality\dashboard\encabezado.php on line 73.
 1 APPPATH\Views\quality\dashboard\encabezado.php(73): htmlspecialchars(null)
 2 APPPATH\Views\quality\dashboard\inicio.php(1): require('C:\\xampp\\htdocs\\quality\\app\\Views\\quality\\dashboard\\encabezado.php')
 3 SYSTEMPATH\View\View.php(234): include('C:\\xampp\\htdocs\\quality\\app\\Views\\quality\\dashboard\\inicio.php')
 4 SYSTEMPATH\View\View.php(237): CodeIgniter\View\View->CodeIgniter\View\{closure}()
 5 SYSTEMPATH\Common.php(1171): CodeIgniter\View\View->render('quality/dashboard/inicio', [], true)
 6 APPPATH\Controllers\dashboardCont.php(10): view('quality/dashboard/inicio')
 7 SYSTEMPATH\CodeIgniter.php(933): App\Controllers\dashboardCont->index()
 8 SYSTEMPATH\CodeIgniter.php(509): CodeIgniter\CodeIgniter->runController(Object(App\Controllers\dashboardCont))
 9 SYSTEMPATH\CodeIgniter.php(355): CodeIgniter\CodeIgniter->handleRequest(null, Object(Config\Cache), false)
10 SYSTEMPATH\Boot.php(325): CodeIgniter\CodeIgniter->run()
11 SYSTEMPATH\Boot.php(67): CodeIgniter\Boot::runCodeIgniter(Object(CodeIgniter\CodeIgniter))
12 FCPATH\index.php(56): CodeIgniter\Boot::bootWeb(Object(Config\Paths))
