INFO - 2024-07-31 17:09:42 --> Session: Class initialized using 'CodeIgniter\Session\Handlers\FileHandler' driver.
WARNING - 2024-07-31 17:09:42 --> Session: Sessions is enabled, and one exists. Please don't $session->start();
INFO - 2024-07-31 17:27:45 --> Session: Class initialized using 'CodeIgniter\Session\Handlers\FileHandler' driver.
WARNING - 2024-07-31 17:27:45 --> Session: Sessions is enabled, and one exists. Please don't $session->start();
INFO - 2024-07-31 17:27:49 --> Session: Class initialized using 'CodeIgniter\Session\Handlers\FileHandler' driver.
WARNING - 2024-07-31 17:27:49 --> Session: Sessions is enabled, and one exists. Please don't $session->start();
INFO - 2024-07-31 17:28:39 --> Session: Class initialized using 'CodeIgniter\Session\Handlers\FileHandler' driver.
WARNING - 2024-07-31 17:28:39 --> Session: Sessions is enabled, and one exists. Please don't $session->start();
INFO - 2024-07-31 17:29:27 --> Session: Class initialized using 'CodeIgniter\Session\Handlers\FileHandler' driver.
WARNING - 2024-07-31 17:29:27 --> Session: Sessions is enabled, and one exists. Please don't $session->start();
INFO - 2024-07-31 17:53:05 --> Session: Class initialized using 'CodeIgniter\Session\Handlers\FileHandler' driver.
WARNING - 2024-07-31 17:53:05 --> Session: Sessions is enabled, and one exists. Please don't $session->start();
INFO - 2024-07-31 17:54:05 --> Session: Class initialized using 'CodeIgniter\Session\Handlers\FileHandler' driver.
WARNING - 2024-07-31 17:54:05 --> Session: Sessions is enabled, and one exists. Please don't $session->start();
INFO - 2024-07-31 17:55:15 --> Session: Class initialized using 'CodeIgniter\Session\Handlers\FileHandler' driver.
WARNING - 2024-07-31 17:55:15 --> Session: Sessions is enabled, and one exists. Please don't $session->start();
INFO - 2024-07-31 17:55:15 --> Session: Class initialized using 'CodeIgniter\Session\Handlers\FileHandler' driver.
WARNING - 2024-07-31 17:55:15 --> Session: Sessions is enabled, and one exists. Please don't $session->start();
INFO - 2024-07-31 17:57:25 --> Session: Class initialized using 'CodeIgniter\Session\Handlers\FileHandler' driver.
WARNING - 2024-07-31 17:57:25 --> Session: Sessions is enabled, and one exists. Please don't $session->start();
INFO - 2024-07-31 17:57:46 --> Session: Class initialized using 'CodeIgniter\Session\Handlers\FileHandler' driver.
WARNING - 2024-07-31 17:57:46 --> Session: Sessions is enabled, and one exists. Please don't $session->start();
INFO - 2024-07-31 17:57:51 --> Session: Class initialized using 'CodeIgniter\Session\Handlers\FileHandler' driver.
WARNING - 2024-07-31 17:57:51 --> Session: Sessions is enabled, and one exists. Please don't $session->start();
INFO - 2024-07-31 17:57:53 --> Session: Class initialized using 'CodeIgniter\Session\Handlers\FileHandler' driver.
WARNING - 2024-07-31 17:57:53 --> Session: Sessions is enabled, and one exists. Please don't $session->start();
INFO - 2024-07-31 17:57:57 --> Session: Class initialized using 'CodeIgniter\Session\Handlers\FileHandler' driver.
WARNING - 2024-07-31 17:57:57 --> Session: Sessions is enabled, and one exists. Please don't $session->start();
INFO - 2024-07-31 18:00:28 --> Session: Class initialized using 'CodeIgniter\Session\Handlers\FileHandler' driver.
WARNING - 2024-07-31 18:00:28 --> Session: Sessions is enabled, and one exists. Please don't $session->start();
INFO - 2024-07-31 18:00:35 --> Session: Class initialized using 'CodeIgniter\Session\Handlers\FileHandler' driver.
WARNING - 2024-07-31 18:00:35 --> Session: Sessions is enabled, and one exists. Please don't $session->start();
INFO - 2024-07-31 18:00:41 --> Session: Class initialized using 'CodeIgniter\Session\Handlers\FileHandler' driver.
WARNING - 2024-07-31 18:00:41 --> Session: Sessions is enabled, and one exists. Please don't $session->start();
INFO - 2024-07-31 18:00:44 --> Session: Class initialized using 'CodeIgniter\Session\Handlers\FileHandler' driver.
WARNING - 2024-07-31 18:00:44 --> Session: Sessions is enabled, and one exists. Please don't $session->start();
INFO - 2024-07-31 18:00:57 --> Session: Class initialized using 'CodeIgniter\Session\Handlers\FileHandler' driver.
WARNING - 2024-07-31 18:00:57 --> Session: Sessions is enabled, and one exists. Please don't $session->start();
INFO - 2024-07-31 18:00:59 --> Session: Class initialized using 'CodeIgniter\Session\Handlers\FileHandler' driver.
WARNING - 2024-07-31 18:00:59 --> Session: Sessions is enabled, and one exists. Please don't $session->start();
INFO - 2024-07-31 18:01:06 --> Session: Class initialized using 'CodeIgniter\Session\Handlers\FileHandler' driver.
WARNING - 2024-07-31 18:01:06 --> Session: Sessions is enabled, and one exists. Please don't $session->start();
INFO - 2024-07-31 18:01:12 --> Session: Class initialized using 'CodeIgniter\Session\Handlers\FileHandler' driver.
WARNING - 2024-07-31 18:01:12 --> Session: Sessions is enabled, and one exists. Please don't $session->start();
INFO - 2024-07-31 18:01:20 --> Session: Class initialized using 'CodeIgniter\Session\Handlers\FileHandler' driver.
WARNING - 2024-07-31 18:01:20 --> Session: Sessions is enabled, and one exists. Please don't $session->start();
INFO - 2024-07-31 18:02:50 --> Session: Class initialized using 'CodeIgniter\Session\Handlers\FileHandler' driver.
WARNING - 2024-07-31 18:02:50 --> Session: Sessions is enabled, and one exists. Please don't $session->start();
INFO - 2024-07-31 18:03:03 --> Session: Class initialized using 'CodeIgniter\Session\Handlers\FileHandler' driver.
WARNING - 2024-07-31 18:03:03 --> Session: Sessions is enabled, and one exists. Please don't $session->start();
INFO - 2024-07-31 18:03:20 --> Session: Class initialized using 'CodeIgniter\Session\Handlers\FileHandler' driver.
WARNING - 2024-07-31 18:03:20 --> Session: Sessions is enabled, and one exists. Please don't $session->start();
INFO - 2024-07-31 18:03:23 --> Session: Class initialized using 'CodeIgniter\Session\Handlers\FileHandler' driver.
WARNING - 2024-07-31 18:03:23 --> Session: Sessions is enabled, and one exists. Please don't $session->start();
INFO - 2024-07-31 18:06:30 --> Session: Class initialized using 'CodeIgniter\Session\Handlers\FileHandler' driver.
WARNING - 2024-07-31 18:06:30 --> Session: Sessions is enabled, and one exists. Please don't $session->start();
INFO - 2024-07-31 18:06:50 --> Session: Class initialized using 'CodeIgniter\Session\Handlers\FileHandler' driver.
WARNING - 2024-07-31 18:06:50 --> Session: Sessions is enabled, and one exists. Please don't $session->start();
INFO - 2024-07-31 18:06:52 --> Session: Class initialized using 'CodeIgniter\Session\Handlers\FileHandler' driver.
WARNING - 2024-07-31 18:06:52 --> Session: Sessions is enabled, and one exists. Please don't $session->start();
INFO - 2024-07-31 18:07:04 --> Session: Class initialized using 'CodeIgniter\Session\Handlers\FileHandler' driver.
WARNING - 2024-07-31 18:07:04 --> Session: Sessions is enabled, and one exists. Please don't $session->start();
INFO - 2024-07-31 18:07:13 --> Session: Class initialized using 'CodeIgniter\Session\Handlers\FileHandler' driver.
WARNING - 2024-07-31 18:07:13 --> Session: Sessions is enabled, and one exists. Please don't $session->start();
INFO - 2024-07-31 18:07:19 --> Session: Class initialized using 'CodeIgniter\Session\Handlers\FileHandler' driver.
WARNING - 2024-07-31 18:07:19 --> Session: Sessions is enabled, and one exists. Please don't $session->start();
INFO - 2024-07-31 18:08:04 --> Session: Class initialized using 'CodeIgniter\Session\Handlers\FileHandler' driver.
WARNING - 2024-07-31 18:08:04 --> Session: Sessions is enabled, and one exists. Please don't $session->start();
INFO - 2024-07-31 18:08:25 --> Session: Class initialized using 'CodeIgniter\Session\Handlers\FileHandler' driver.
WARNING - 2024-07-31 18:08:25 --> Session: Sessions is enabled, and one exists. Please don't $session->start();
INFO - 2024-07-31 18:08:36 --> Session: Class initialized using 'CodeIgniter\Session\Handlers\FileHandler' driver.
WARNING - 2024-07-31 18:08:36 --> Session: Sessions is enabled, and one exists. Please don't $session->start();
INFO - 2024-07-31 18:08:41 --> Session: Class initialized using 'CodeIgniter\Session\Handlers\FileHandler' driver.
WARNING - 2024-07-31 18:08:41 --> Session: Sessions is enabled, and one exists. Please don't $session->start();
INFO - 2024-07-31 18:09:07 --> Session: Class initialized using 'CodeIgniter\Session\Handlers\FileHandler' driver.
WARNING - 2024-07-31 18:09:07 --> Session: Sessions is enabled, and one exists. Please don't $session->start();
INFO - 2024-07-31 18:09:18 --> Session: Class initialized using 'CodeIgniter\Session\Handlers\FileHandler' driver.
WARNING - 2024-07-31 18:09:18 --> Session: Sessions is enabled, and one exists. Please don't $session->start();
INFO - 2024-07-31 18:09:38 --> Session: Class initialized using 'CodeIgniter\Session\Handlers\FileHandler' driver.
WARNING - 2024-07-31 18:09:38 --> Session: Sessions is enabled, and one exists. Please don't $session->start();
INFO - 2024-07-31 18:09:43 --> Session: Class initialized using 'CodeIgniter\Session\Handlers\FileHandler' driver.
WARNING - 2024-07-31 18:09:43 --> Session: Sessions is enabled, and one exists. Please don't $session->start();
INFO - 2024-07-31 18:12:28 --> Session: Class initialized using 'CodeIgniter\Session\Handlers\FileHandler' driver.
WARNING - 2024-07-31 18:12:28 --> Session: Sessions is enabled, and one exists. Please don't $session->start();
INFO - 2024-07-31 18:12:35 --> Session: Class initialized using 'CodeIgniter\Session\Handlers\FileHandler' driver.
WARNING - 2024-07-31 18:12:35 --> Session: Sessions is enabled, and one exists. Please don't $session->start();
INFO - 2024-07-31 19:00:51 --> Session: Class initialized using 'CodeIgniter\Session\Handlers\FileHandler' driver.
WARNING - 2024-07-31 19:00:51 --> Session: Sessions is enabled, and one exists. Please don't $session->start();
INFO - 2024-07-31 19:00:58 --> Session: Class initialized using 'CodeIgniter\Session\Handlers\FileHandler' driver.
WARNING - 2024-07-31 19:00:58 --> Session: Sessions is enabled, and one exists. Please don't $session->start();
INFO - 2024-07-31 19:01:13 --> Session: Class initialized using 'CodeIgniter\Session\Handlers\FileHandler' driver.
WARNING - 2024-07-31 19:01:13 --> Session: Sessions is enabled, and one exists. Please don't $session->start();
INFO - 2024-07-31 19:01:18 --> Session: Class initialized using 'CodeIgniter\Session\Handlers\FileHandler' driver.
WARNING - 2024-07-31 19:01:18 --> Session: Sessions is enabled, and one exists. Please don't $session->start();
INFO - 2024-07-31 19:01:22 --> Session: Class initialized using 'CodeIgniter\Session\Handlers\FileHandler' driver.
WARNING - 2024-07-31 19:01:22 --> Session: Sessions is enabled, and one exists. Please don't $session->start();
INFO - 2024-07-31 19:03:08 --> Session: Class initialized using 'CodeIgniter\Session\Handlers\FileHandler' driver.
WARNING - 2024-07-31 19:03:08 --> Session: Sessions is enabled, and one exists. Please don't $session->start();
INFO - 2024-07-31 19:03:16 --> Session: Class initialized using 'CodeIgniter\Session\Handlers\FileHandler' driver.
WARNING - 2024-07-31 19:03:16 --> Session: Sessions is enabled, and one exists. Please don't $session->start();
INFO - 2024-07-31 19:03:17 --> Session: Class initialized using 'CodeIgniter\Session\Handlers\FileHandler' driver.
WARNING - 2024-07-31 19:03:17 --> Session: Sessions is enabled, and one exists. Please don't $session->start();
INFO - 2024-07-31 19:03:20 --> Session: Class initialized using 'CodeIgniter\Session\Handlers\FileHandler' driver.
WARNING - 2024-07-31 19:03:20 --> Session: Sessions is enabled, and one exists. Please don't $session->start();
INFO - 2024-07-31 19:03:21 --> Session: Class initialized using 'CodeIgniter\Session\Handlers\FileHandler' driver.
WARNING - 2024-07-31 19:03:21 --> Session: Sessions is enabled, and one exists. Please don't $session->start();
INFO - 2024-07-31 19:03:26 --> Session: Class initialized using 'CodeIgniter\Session\Handlers\FileHandler' driver.
WARNING - 2024-07-31 19:03:26 --> Session: Sessions is enabled, and one exists. Please don't $session->start();
INFO - 2024-07-31 19:03:28 --> Session: Class initialized using 'CodeIgniter\Session\Handlers\FileHandler' driver.
WARNING - 2024-07-31 19:03:28 --> Session: Sessions is enabled, and one exists. Please don't $session->start();
INFO - 2024-07-31 19:03:30 --> Session: Class initialized using 'CodeIgniter\Session\Handlers\FileHandler' driver.
WARNING - 2024-07-31 19:03:30 --> Session: Sessions is enabled, and one exists. Please don't $session->start();
INFO - 2024-07-31 19:03:36 --> Session: Class initialized using 'CodeIgniter\Session\Handlers\FileHandler' driver.
WARNING - 2024-07-31 19:03:36 --> Session: Sessions is enabled, and one exists. Please don't $session->start();
INFO - 2024-07-31 19:04:54 --> Session: Class initialized using 'CodeIgniter\Session\Handlers\FileHandler' driver.
WARNING - 2024-07-31 19:04:54 --> Session: Sessions is enabled, and one exists. Please don't $session->start();
CRITICAL - 2024-07-31 19:04:54 --> ErrorException: Undefined variable $data
[Method: GET, Route: assy]
in APPPATH/Views/quality/assy.php on line 240.
 1 APPPATH/Views/quality/assy.php(240): CodeIgniter\Debug\Exceptions->errorHandler(2, 'Undefined variable $data', '/Applications/MAMP/htdocs/qualitydb/app/Views/quality/assy.php', 240)
 2 SYSTEMPATH/View/View.php(234): include('/Applications/MAMP/htdocs/qualitydb/app/Views/quality/assy.php')
 3 SYSTEMPATH/View/View.php(237): CodeIgniter\View\View->CodeIgniter\View\{closure}()
 4 SYSTEMPATH/Common.php(1171): CodeIgniter\View\View->render('quality/assy', [], true)
 5 APPPATH/Controllers/AssyCont.php(13): view('quality/assy', [...])
 6 SYSTEMPATH/CodeIgniter.php(933): App\Controllers\AssyCont->assy()
 7 SYSTEMPATH/CodeIgniter.php(509): CodeIgniter\CodeIgniter->runController(Object(App\Controllers\AssyCont))
 8 SYSTEMPATH/CodeIgniter.php(355): CodeIgniter\CodeIgniter->handleRequest(null, Object(Config\Cache), false)
 9 SYSTEMPATH/Boot.php(325): CodeIgniter\CodeIgniter->run()
10 SYSTEMPATH/Boot.php(67): CodeIgniter\Boot::runCodeIgniter(Object(CodeIgniter\CodeIgniter))
11 FCPATH/index.php(56): CodeIgniter\Boot::bootWeb(Object(Config\Paths))
INFO - 2024-07-31 19:05:20 --> Session: Class initialized using 'CodeIgniter\Session\Handlers\FileHandler' driver.
WARNING - 2024-07-31 19:05:20 --> Session: Sessions is enabled, and one exists. Please don't $session->start();
INFO - 2024-07-31 19:05:25 --> Session: Class initialized using 'CodeIgniter\Session\Handlers\FileHandler' driver.
WARNING - 2024-07-31 19:05:25 --> Session: Sessions is enabled, and one exists. Please don't $session->start();
INFO - 2024-07-31 19:05:26 --> Session: Class initialized using 'CodeIgniter\Session\Handlers\FileHandler' driver.
WARNING - 2024-07-31 19:05:26 --> Session: Sessions is enabled, and one exists. Please don't $session->start();
INFO - 2024-07-31 19:06:24 --> Session: Class initialized using 'CodeIgniter\Session\Handlers\FileHandler' driver.
WARNING - 2024-07-31 19:06:24 --> Session: Sessions is enabled, and one exists. Please don't $session->start();
INFO - 2024-07-31 19:15:29 --> Session: Class initialized using 'CodeIgniter\Session\Handlers\FileHandler' driver.
WARNING - 2024-07-31 19:15:29 --> Session: Sessions is enabled, and one exists. Please don't $session->start();
INFO - 2024-07-31 19:15:37 --> Session: Class initialized using 'CodeIgniter\Session\Handlers\FileHandler' driver.
WARNING - 2024-07-31 19:15:37 --> Session: Sessions is enabled, and one exists. Please don't $session->start();
INFO - 2024-07-31 19:15:42 --> Session: Class initialized using 'CodeIgniter\Session\Handlers\FileHandler' driver.
WARNING - 2024-07-31 19:15:42 --> Session: Sessions is enabled, and one exists. Please don't $session->start();
INFO - 2024-07-31 19:15:55 --> Session: Class initialized using 'CodeIgniter\Session\Handlers\FileHandler' driver.
WARNING - 2024-07-31 19:15:55 --> Session: Sessions is enabled, and one exists. Please don't $session->start();
INFO - 2024-07-31 19:16:25 --> Session: Class initialized using 'CodeIgniter\Session\Handlers\FileHandler' driver.
WARNING - 2024-07-31 19:16:25 --> Session: Sessions is enabled, and one exists. Please don't $session->start();
INFO - 2024-07-31 19:16:48 --> Session: Class initialized using 'CodeIgniter\Session\Handlers\FileHandler' driver.
WARNING - 2024-07-31 19:16:48 --> Session: Sessions is enabled, and one exists. Please don't $session->start();
INFO - 2024-07-31 19:16:55 --> Session: Class initialized using 'CodeIgniter\Session\Handlers\FileHandler' driver.
WARNING - 2024-07-31 19:16:55 --> Session: Sessions is enabled, and one exists. Please don't $session->start();
INFO - 2024-07-31 19:17:01 --> Session: Class initialized using 'CodeIgniter\Session\Handlers\FileHandler' driver.
WARNING - 2024-07-31 19:17:01 --> Session: Sessions is enabled, and one exists. Please don't $session->start();
INFO - 2024-07-31 19:17:05 --> Session: Class initialized using 'CodeIgniter\Session\Handlers\FileHandler' driver.
WARNING - 2024-07-31 19:17:05 --> Session: Sessions is enabled, and one exists. Please don't $session->start();
INFO - 2024-07-31 19:26:13 --> Session: Class initialized using 'CodeIgniter\Session\Handlers\FileHandler' driver.
WARNING - 2024-07-31 19:26:13 --> Session: Sessions is enabled, and one exists. Please don't $session->start();
INFO - 2024-07-31 19:27:21 --> Session: Class initialized using 'CodeIgniter\Session\Handlers\FileHandler' driver.
WARNING - 2024-07-31 19:27:21 --> Session: Sessions is enabled, and one exists. Please don't $session->start();
INFO - 2024-07-31 19:27:35 --> Session: Class initialized using 'CodeIgniter\Session\Handlers\FileHandler' driver.
WARNING - 2024-07-31 19:27:35 --> Session: Sessions is enabled, and one exists. Please don't $session->start();
INFO - 2024-07-31 19:27:37 --> Session: Class initialized using 'CodeIgniter\Session\Handlers\FileHandler' driver.
WARNING - 2024-07-31 19:27:37 --> Session: Sessions is enabled, and one exists. Please don't $session->start();
INFO - 2024-07-31 19:28:09 --> Session: Class initialized using 'CodeIgniter\Session\Handlers\FileHandler' driver.
WARNING - 2024-07-31 19:28:09 --> Session: Sessions is enabled, and one exists. Please don't $session->start();
INFO - 2024-07-31 19:28:24 --> Session: Class initialized using 'CodeIgniter\Session\Handlers\FileHandler' driver.
WARNING - 2024-07-31 19:28:24 --> Session: Sessions is enabled, and one exists. Please don't $session->start();
INFO - 2024-07-31 19:28:25 --> Session: Class initialized using 'CodeIgniter\Session\Handlers\FileHandler' driver.
WARNING - 2024-07-31 19:28:25 --> Session: Sessions is enabled, and one exists. Please don't $session->start();
INFO - 2024-07-31 19:28:36 --> Session: Class initialized using 'CodeIgniter\Session\Handlers\FileHandler' driver.
WARNING - 2024-07-31 19:28:36 --> Session: Sessions is enabled, and one exists. Please don't $session->start();
INFO - 2024-07-31 19:28:47 --> Session: Class initialized using 'CodeIgniter\Session\Handlers\FileHandler' driver.
WARNING - 2024-07-31 19:28:47 --> Session: Sessions is enabled, and one exists. Please don't $session->start();
INFO - 2024-07-31 19:29:14 --> Session: Class initialized using 'CodeIgniter\Session\Handlers\FileHandler' driver.
WARNING - 2024-07-31 19:29:14 --> Session: Sessions is enabled, and one exists. Please don't $session->start();
INFO - 2024-07-31 19:32:16 --> Session: Class initialized using 'CodeIgniter\Session\Handlers\FileHandler' driver.
WARNING - 2024-07-31 19:32:16 --> Session: Sessions is enabled, and one exists. Please don't $session->start();
INFO - 2024-07-31 19:32:17 --> Session: Class initialized using 'CodeIgniter\Session\Handlers\FileHandler' driver.
WARNING - 2024-07-31 19:32:17 --> Session: Sessions is enabled, and one exists. Please don't $session->start();
INFO - 2024-07-31 19:33:17 --> Session: Class initialized using 'CodeIgniter\Session\Handlers\FileHandler' driver.
WARNING - 2024-07-31 19:33:17 --> Session: Sessions is enabled, and one exists. Please don't $session->start();
INFO - 2024-07-31 19:33:20 --> Session: Class initialized using 'CodeIgniter\Session\Handlers\FileHandler' driver.
WARNING - 2024-07-31 19:33:20 --> Session: Sessions is enabled, and one exists. Please don't $session->start();
INFO - 2024-07-31 19:33:29 --> Session: Class initialized using 'CodeIgniter\Session\Handlers\FileHandler' driver.
WARNING - 2024-07-31 19:33:29 --> Session: Sessions is enabled, and one exists. Please don't $session->start();
INFO - 2024-07-31 19:33:31 --> Session: Class initialized using 'CodeIgniter\Session\Handlers\FileHandler' driver.
WARNING - 2024-07-31 19:33:31 --> Session: Sessions is enabled, and one exists. Please don't $session->start();
INFO - 2024-07-31 19:34:13 --> Session: Class initialized using 'CodeIgniter\Session\Handlers\FileHandler' driver.
WARNING - 2024-07-31 19:34:13 --> Session: Sessions is enabled, and one exists. Please don't $session->start();
INFO - 2024-07-31 19:34:19 --> Session: Class initialized using 'CodeIgniter\Session\Handlers\FileHandler' driver.
WARNING - 2024-07-31 19:34:19 --> Session: Sessions is enabled, and one exists. Please don't $session->start();
INFO - 2024-07-31 19:34:30 --> Session: Class initialized using 'CodeIgniter\Session\Handlers\FileHandler' driver.
WARNING - 2024-07-31 19:34:30 --> Session: Sessions is enabled, and one exists. Please don't $session->start();
INFO - 2024-07-31 19:34:33 --> Session: Class initialized using 'CodeIgniter\Session\Handlers\FileHandler' driver.
WARNING - 2024-07-31 19:34:33 --> Session: Sessions is enabled, and one exists. Please don't $session->start();
INFO - 2024-07-31 19:34:38 --> Session: Class initialized using 'CodeIgniter\Session\Handlers\FileHandler' driver.
WARNING - 2024-07-31 19:34:38 --> Session: Sessions is enabled, and one exists. Please don't $session->start();
INFO - 2024-07-31 19:34:42 --> Session: Class initialized using 'CodeIgniter\Session\Handlers\FileHandler' driver.
WARNING - 2024-07-31 19:34:42 --> Session: Sessions is enabled, and one exists. Please don't $session->start();
INFO - 2024-07-31 19:34:47 --> Session: Class initialized using 'CodeIgniter\Session\Handlers\FileHandler' driver.
WARNING - 2024-07-31 19:34:47 --> Session: Sessions is enabled, and one exists. Please don't $session->start();
INFO - 2024-07-31 19:35:16 --> Session: Class initialized using 'CodeIgniter\Session\Handlers\FileHandler' driver.
WARNING - 2024-07-31 19:35:16 --> Session: Sessions is enabled, and one exists. Please don't $session->start();
INFO - 2024-07-31 19:35:46 --> Session: Class initialized using 'CodeIgniter\Session\Handlers\FileHandler' driver.
WARNING - 2024-07-31 19:35:46 --> Session: Sessions is enabled, and one exists. Please don't $session->start();
INFO - 2024-07-31 19:35:53 --> Session: Class initialized using 'CodeIgniter\Session\Handlers\FileHandler' driver.
WARNING - 2024-07-31 19:35:53 --> Session: Sessions is enabled, and one exists. Please don't $session->start();
INFO - 2024-07-31 19:37:23 --> Session: Class initialized using 'CodeIgniter\Session\Handlers\FileHandler' driver.
WARNING - 2024-07-31 19:37:23 --> Session: Sessions is enabled, and one exists. Please don't $session->start();
INFO - 2024-07-31 19:37:35 --> Session: Class initialized using 'CodeIgniter\Session\Handlers\FileHandler' driver.
WARNING - 2024-07-31 19:37:35 --> Session: Sessions is enabled, and one exists. Please don't $session->start();
INFO - 2024-07-31 19:37:39 --> Session: Class initialized using 'CodeIgniter\Session\Handlers\FileHandler' driver.
WARNING - 2024-07-31 19:37:39 --> Session: Sessions is enabled, and one exists. Please don't $session->start();
INFO - 2024-07-31 19:38:37 --> Session: Class initialized using 'CodeIgniter\Session\Handlers\FileHandler' driver.
WARNING - 2024-07-31 19:38:37 --> Session: Sessions is enabled, and one exists. Please don't $session->start();
INFO - 2024-07-31 19:38:41 --> Session: Class initialized using 'CodeIgniter\Session\Handlers\FileHandler' driver.
WARNING - 2024-07-31 19:38:41 --> Session: Sessions is enabled, and one exists. Please don't $session->start();
INFO - 2024-07-31 19:38:44 --> Session: Class initialized using 'CodeIgniter\Session\Handlers\FileHandler' driver.
WARNING - 2024-07-31 19:38:44 --> Session: Sessions is enabled, and one exists. Please don't $session->start();
INFO - 2024-07-31 19:39:17 --> Session: Class initialized using 'CodeIgniter\Session\Handlers\FileHandler' driver.
WARNING - 2024-07-31 19:39:17 --> Session: Sessions is enabled, and one exists. Please don't $session->start();
INFO - 2024-07-31 19:39:21 --> Session: Class initialized using 'CodeIgniter\Session\Handlers\FileHandler' driver.
WARNING - 2024-07-31 19:39:21 --> Session: Sessions is enabled, and one exists. Please don't $session->start();
INFO - 2024-07-31 19:40:04 --> Session: Class initialized using 'CodeIgniter\Session\Handlers\FileHandler' driver.
WARNING - 2024-07-31 19:40:04 --> Session: Sessions is enabled, and one exists. Please don't $session->start();
INFO - 2024-07-31 20:21:34 --> Session: Class initialized using 'CodeIgniter\Session\Handlers\FileHandler' driver.
WARNING - 2024-07-31 20:21:34 --> Session: Sessions is enabled, and one exists. Please don't $session->start();
INFO - 2024-07-31 20:22:05 --> Session: Class initialized using 'CodeIgniter\Session\Handlers\FileHandler' driver.
WARNING - 2024-07-31 20:22:05 --> Session: Sessions is enabled, and one exists. Please don't $session->start();
INFO - 2024-07-31 20:22:14 --> Session: Class initialized using 'CodeIgniter\Session\Handlers\FileHandler' driver.
WARNING - 2024-07-31 20:22:14 --> Session: Sessions is enabled, and one exists. Please don't $session->start();
INFO - 2024-07-31 20:22:15 --> Session: Class initialized using 'CodeIgniter\Session\Handlers\FileHandler' driver.
WARNING - 2024-07-31 20:22:15 --> Session: Sessions is enabled, and one exists. Please don't $session->start();
INFO - 2024-07-31 20:22:21 --> Session: Class initialized using 'CodeIgniter\Session\Handlers\FileHandler' driver.
WARNING - 2024-07-31 20:22:21 --> Session: Sessions is enabled, and one exists. Please don't $session->start();
INFO - 2024-07-31 20:22:31 --> Session: Class initialized using 'CodeIgniter\Session\Handlers\FileHandler' driver.
WARNING - 2024-07-31 20:22:31 --> Session: Sessions is enabled, and one exists. Please don't $session->start();
INFO - 2024-07-31 20:22:34 --> Session: Class initialized using 'CodeIgniter\Session\Handlers\FileHandler' driver.
WARNING - 2024-07-31 20:22:34 --> Session: Sessions is enabled, and one exists. Please don't $session->start();
INFO - 2024-07-31 20:22:37 --> Session: Class initialized using 'CodeIgniter\Session\Handlers\FileHandler' driver.
WARNING - 2024-07-31 20:22:37 --> Session: Sessions is enabled, and one exists. Please don't $session->start();
INFO - 2024-07-31 20:22:45 --> Session: Class initialized using 'CodeIgniter\Session\Handlers\FileHandler' driver.
WARNING - 2024-07-31 20:22:45 --> Session: Sessions is enabled, and one exists. Please don't $session->start();
INFO - 2024-07-31 20:23:37 --> Session: Class initialized using 'CodeIgniter\Session\Handlers\FileHandler' driver.
WARNING - 2024-07-31 20:23:37 --> Session: Sessions is enabled, and one exists. Please don't $session->start();
INFO - 2024-07-31 20:23:44 --> Session: Class initialized using 'CodeIgniter\Session\Handlers\FileHandler' driver.
WARNING - 2024-07-31 20:23:44 --> Session: Sessions is enabled, and one exists. Please don't $session->start();
INFO - 2024-07-31 20:23:49 --> Session: Class initialized using 'CodeIgniter\Session\Handlers\FileHandler' driver.
WARNING - 2024-07-31 20:23:49 --> Session: Sessions is enabled, and one exists. Please don't $session->start();
INFO - 2024-07-31 20:23:53 --> Session: Class initialized using 'CodeIgniter\Session\Handlers\FileHandler' driver.
WARNING - 2024-07-31 20:23:53 --> Session: Sessions is enabled, and one exists. Please don't $session->start();
INFO - 2024-07-31 20:24:02 --> Session: Class initialized using 'CodeIgniter\Session\Handlers\FileHandler' driver.
WARNING - 2024-07-31 20:24:02 --> Session: Sessions is enabled, and one exists. Please don't $session->start();
INFO - 2024-07-31 20:24:03 --> Session: Class initialized using 'CodeIgniter\Session\Handlers\FileHandler' driver.
WARNING - 2024-07-31 20:24:03 --> Session: Sessions is enabled, and one exists. Please don't $session->start();
INFO - 2024-07-31 20:24:06 --> Session: Class initialized using 'CodeIgniter\Session\Handlers\FileHandler' driver.
WARNING - 2024-07-31 20:24:06 --> Session: Sessions is enabled, and one exists. Please don't $session->start();
INFO - 2024-07-31 20:24:13 --> Session: Class initialized using 'CodeIgniter\Session\Handlers\FileHandler' driver.
WARNING - 2024-07-31 20:24:13 --> Session: Sessions is enabled, and one exists. Please don't $session->start();
INFO - 2024-07-31 20:24:15 --> Session: Class initialized using 'CodeIgniter\Session\Handlers\FileHandler' driver.
WARNING - 2024-07-31 20:24:15 --> Session: Sessions is enabled, and one exists. Please don't $session->start();
INFO - 2024-07-31 20:24:16 --> Session: Class initialized using 'CodeIgniter\Session\Handlers\FileHandler' driver.
WARNING - 2024-07-31 20:24:16 --> Session: Sessions is enabled, and one exists. Please don't $session->start();
INFO - 2024-07-31 20:24:22 --> Session: Class initialized using 'CodeIgniter\Session\Handlers\FileHandler' driver.
WARNING - 2024-07-31 20:24:22 --> Session: Sessions is enabled, and one exists. Please don't $session->start();
INFO - 2024-07-31 20:24:37 --> Session: Class initialized using 'CodeIgniter\Session\Handlers\FileHandler' driver.
WARNING - 2024-07-31 20:24:37 --> Session: Sessions is enabled, and one exists. Please don't $session->start();
INFO - 2024-07-31 20:25:24 --> Session: Class initialized using 'CodeIgniter\Session\Handlers\FileHandler' driver.
WARNING - 2024-07-31 20:25:24 --> Session: Sessions is enabled, and one exists. Please don't $session->start();
INFO - 2024-07-31 20:25:28 --> Session: Class initialized using 'CodeIgniter\Session\Handlers\FileHandler' driver.
WARNING - 2024-07-31 20:25:28 --> Session: Sessions is enabled, and one exists. Please don't $session->start();
INFO - 2024-07-31 20:27:04 --> Session: Class initialized using 'CodeIgniter\Session\Handlers\FileHandler' driver.
WARNING - 2024-07-31 20:27:04 --> Session: Sessions is enabled, and one exists. Please don't $session->start();
INFO - 2024-07-31 20:27:05 --> Session: Class initialized using 'CodeIgniter\Session\Handlers\FileHandler' driver.
WARNING - 2024-07-31 20:27:05 --> Session: Sessions is enabled, and one exists. Please don't $session->start();
INFO - 2024-07-31 20:27:08 --> Session: Class initialized using 'CodeIgniter\Session\Handlers\FileHandler' driver.
WARNING - 2024-07-31 20:27:08 --> Session: Sessions is enabled, and one exists. Please don't $session->start();
INFO - 2024-07-31 20:27:10 --> Session: Class initialized using 'CodeIgniter\Session\Handlers\FileHandler' driver.
WARNING - 2024-07-31 20:27:10 --> Session: Sessions is enabled, and one exists. Please don't $session->start();
INFO - 2024-07-31 20:27:14 --> Session: Class initialized using 'CodeIgniter\Session\Handlers\FileHandler' driver.
WARNING - 2024-07-31 20:27:14 --> Session: Sessions is enabled, and one exists. Please don't $session->start();
INFO - 2024-07-31 20:28:21 --> Session: Class initialized using 'CodeIgniter\Session\Handlers\FileHandler' driver.
WARNING - 2024-07-31 20:28:21 --> Session: Sessions is enabled, and one exists. Please don't $session->start();
INFO - 2024-07-31 20:28:51 --> Session: Class initialized using 'CodeIgniter\Session\Handlers\FileHandler' driver.
WARNING - 2024-07-31 20:28:51 --> Session: Sessions is enabled, and one exists. Please don't $session->start();
INFO - 2024-07-31 20:28:58 --> Session: Class initialized using 'CodeIgniter\Session\Handlers\FileHandler' driver.
WARNING - 2024-07-31 20:28:58 --> Session: Sessions is enabled, and one exists. Please don't $session->start();
INFO - 2024-07-31 20:29:02 --> Session: Class initialized using 'CodeIgniter\Session\Handlers\FileHandler' driver.
WARNING - 2024-07-31 20:29:02 --> Session: Sessions is enabled, and one exists. Please don't $session->start();
INFO - 2024-07-31 20:29:20 --> Session: Class initialized using 'CodeIgniter\Session\Handlers\FileHandler' driver.
WARNING - 2024-07-31 20:29:20 --> Session: Sessions is enabled, and one exists. Please don't $session->start();
INFO - 2024-07-31 20:29:29 --> Session: Class initialized using 'CodeIgniter\Session\Handlers\FileHandler' driver.
WARNING - 2024-07-31 20:29:29 --> Session: Sessions is enabled, and one exists. Please don't $session->start();
INFO - 2024-07-31 20:29:31 --> Session: Class initialized using 'CodeIgniter\Session\Handlers\FileHandler' driver.
WARNING - 2024-07-31 20:29:31 --> Session: Sessions is enabled, and one exists. Please don't $session->start();
INFO - 2024-07-31 20:29:35 --> Session: Class initialized using 'CodeIgniter\Session\Handlers\FileHandler' driver.
WARNING - 2024-07-31 20:29:35 --> Session: Sessions is enabled, and one exists. Please don't $session->start();
