INFO - 2024-08-01 18:06:58 --> Session: Class initialized using 'CodeIgniter\Session\Handlers\FileHandler' driver.
WARNING - 2024-08-01 18:06:58 --> Session: Sessions is enabled, and one exists. Please don't $session->start();
INFO - 2024-08-01 18:07:10 --> Session: Class initialized using 'CodeIgniter\Session\Handlers\FileHandler' driver.
WARNING - 2024-08-01 18:07:10 --> Session: Sessions is enabled, and one exists. Please don't $session->start();
INFO - 2024-08-01 18:07:13 --> Session: Class initialized using 'CodeIgniter\Session\Handlers\FileHandler' driver.
WARNING - 2024-08-01 18:07:13 --> Session: Sessions is enabled, and one exists. Please don't $session->start();
INFO - 2024-08-01 18:07:17 --> Session: Class initialized using 'CodeIgniter\Session\Handlers\FileHandler' driver.
WARNING - 2024-08-01 18:07:17 --> Session: Sessions is enabled, and one exists. Please don't $session->start();
INFO - 2024-08-01 18:07:17 --> Session: Class initialized using 'CodeIgniter\Session\Handlers\FileHandler' driver.
WARNING - 2024-08-01 18:07:17 --> Session: Sessions is enabled, and one exists. Please don't $session->start();
INFO - 2024-08-01 18:07:30 --> Session: Class initialized using 'CodeIgniter\Session\Handlers\FileHandler' driver.
WARNING - 2024-08-01 18:07:30 --> Session: Sessions is enabled, and one exists. Please don't $session->start();
INFO - 2024-08-01 18:07:57 --> Session: Class initialized using 'CodeIgniter\Session\Handlers\FileHandler' driver.
WARNING - 2024-08-01 18:07:57 --> Session: Sessions is enabled, and one exists. Please don't $session->start();
INFO - 2024-08-01 18:09:21 --> Session: Class initialized using 'CodeIgniter\Session\Handlers\FileHandler' driver.
WARNING - 2024-08-01 18:09:21 --> Session: Sessions is enabled, and one exists. Please don't $session->start();
INFO - 2024-08-01 18:09:24 --> Session: Class initialized using 'CodeIgniter\Session\Handlers\FileHandler' driver.
WARNING - 2024-08-01 18:09:24 --> Session: Sessions is enabled, and one exists. Please don't $session->start();
INFO - 2024-08-01 18:09:25 --> Session: Class initialized using 'CodeIgniter\Session\Handlers\FileHandler' driver.
WARNING - 2024-08-01 18:09:25 --> Session: Sessions is enabled, and one exists. Please don't $session->start();
INFO - 2024-08-01 18:09:29 --> Session: Class initialized using 'CodeIgniter\Session\Handlers\FileHandler' driver.
WARNING - 2024-08-01 18:09:29 --> Session: Sessions is enabled, and one exists. Please don't $session->start();
INFO - 2024-08-01 18:11:13 --> Session: Class initialized using 'CodeIgniter\Session\Handlers\FileHandler' driver.
WARNING - 2024-08-01 18:11:13 --> Session: Sessions is enabled, and one exists. Please don't $session->start();
CRITICAL - 2024-08-01 18:11:13 --> ParseError: syntax error, unexpected single-quoted string "name"
[Method: GET, Route: home]
in APPPATH/Views/quality/home.php on line 18.
 1 SYSTEMPATH/View/View.php(237): CodeIgniter\View\View->CodeIgniter\View\{closure}()
 2 SYSTEMPATH/Common.php(1171): CodeIgniter\View\View->render('quality/home', [], true)
 3 APPPATH/Controllers/Home.php(8): view('quality/home')
 4 SYSTEMPATH/CodeIgniter.php(933): App\Controllers\Home->index()
 5 SYSTEMPATH/CodeIgniter.php(509): CodeIgniter\CodeIgniter->runController(Object(App\Controllers\Home))
 6 SYSTEMPATH/CodeIgniter.php(355): CodeIgniter\CodeIgniter->handleRequest(null, Object(Config\Cache), false)
 7 SYSTEMPATH/Boot.php(325): CodeIgniter\CodeIgniter->run()
 8 SYSTEMPATH/Boot.php(67): CodeIgniter\Boot::runCodeIgniter(Object(CodeIgniter\CodeIgniter))
 9 FCPATH/index.php(56): CodeIgniter\Boot::bootWeb(Object(Config\Paths))
INFO - 2024-08-01 18:11:37 --> Session: Class initialized using 'CodeIgniter\Session\Handlers\FileHandler' driver.
WARNING - 2024-08-01 18:11:37 --> Session: Sessions is enabled, and one exists. Please don't $session->start();
INFO - 2024-08-01 18:11:47 --> Session: Class initialized using 'CodeIgniter\Session\Handlers\FileHandler' driver.
WARNING - 2024-08-01 18:11:47 --> Session: Sessions is enabled, and one exists. Please don't $session->start();
INFO - 2024-08-01 18:11:48 --> Session: Class initialized using 'CodeIgniter\Session\Handlers\FileHandler' driver.
WARNING - 2024-08-01 18:11:48 --> Session: Sessions is enabled, and one exists. Please don't $session->start();
INFO - 2024-08-01 18:11:51 --> Session: Class initialized using 'CodeIgniter\Session\Handlers\FileHandler' driver.
WARNING - 2024-08-01 18:11:51 --> Session: Sessions is enabled, and one exists. Please don't $session->start();
INFO - 2024-08-01 18:11:51 --> Session: Class initialized using 'CodeIgniter\Session\Handlers\FileHandler' driver.
WARNING - 2024-08-01 18:11:51 --> Session: Sessions is enabled, and one exists. Please don't $session->start();
INFO - 2024-08-01 18:12:06 --> Session: Class initialized using 'CodeIgniter\Session\Handlers\FileHandler' driver.
WARNING - 2024-08-01 18:12:06 --> Session: Sessions is enabled, and one exists. Please don't $session->start();
INFO - 2024-08-01 18:14:03 --> Session: Class initialized using 'CodeIgniter\Session\Handlers\FileHandler' driver.
WARNING - 2024-08-01 18:14:03 --> Session: Sessions is enabled, and one exists. Please don't $session->start();
INFO - 2024-08-01 18:14:05 --> Session: Class initialized using 'CodeIgniter\Session\Handlers\FileHandler' driver.
WARNING - 2024-08-01 18:14:05 --> Session: Sessions is enabled, and one exists. Please don't $session->start();
INFO - 2024-08-01 18:14:10 --> Session: Class initialized using 'CodeIgniter\Session\Handlers\FileHandler' driver.
WARNING - 2024-08-01 18:14:10 --> Session: Sessions is enabled, and one exists. Please don't $session->start();
INFO - 2024-08-01 18:14:14 --> Session: Class initialized using 'CodeIgniter\Session\Handlers\FileHandler' driver.
WARNING - 2024-08-01 18:14:14 --> Session: Sessions is enabled, and one exists. Please don't $session->start();
INFO - 2024-08-01 18:14:19 --> Session: Class initialized using 'CodeIgniter\Session\Handlers\FileHandler' driver.
WARNING - 2024-08-01 18:14:19 --> Session: Sessions is enabled, and one exists. Please don't $session->start();
INFO - 2024-08-01 18:14:22 --> Session: Class initialized using 'CodeIgniter\Session\Handlers\FileHandler' driver.
WARNING - 2024-08-01 18:14:22 --> Session: Sessions is enabled, and one exists. Please don't $session->start();
INFO - 2024-08-01 18:14:27 --> Session: Class initialized using 'CodeIgniter\Session\Handlers\FileHandler' driver.
WARNING - 2024-08-01 18:14:27 --> Session: Sessions is enabled, and one exists. Please don't $session->start();
INFO - 2024-08-01 18:14:46 --> Session: Class initialized using 'CodeIgniter\Session\Handlers\FileHandler' driver.
WARNING - 2024-08-01 18:14:46 --> Session: Sessions is enabled, and one exists. Please don't $session->start();
INFO - 2024-08-01 18:14:50 --> Session: Class initialized using 'CodeIgniter\Session\Handlers\FileHandler' driver.
WARNING - 2024-08-01 18:14:50 --> Session: Sessions is enabled, and one exists. Please don't $session->start();
INFO - 2024-08-01 18:14:52 --> Session: Class initialized using 'CodeIgniter\Session\Handlers\FileHandler' driver.
WARNING - 2024-08-01 18:14:52 --> Session: Sessions is enabled, and one exists. Please don't $session->start();
INFO - 2024-08-01 18:14:53 --> Session: Class initialized using 'CodeIgniter\Session\Handlers\FileHandler' driver.
WARNING - 2024-08-01 18:14:53 --> Session: Sessions is enabled, and one exists. Please don't $session->start();
INFO - 2024-08-01 18:14:56 --> Session: Class initialized using 'CodeIgniter\Session\Handlers\FileHandler' driver.
WARNING - 2024-08-01 18:14:56 --> Session: Sessions is enabled, and one exists. Please don't $session->start();
INFO - 2024-08-01 18:19:08 --> Session: Class initialized using 'CodeIgniter\Session\Handlers\FileHandler' driver.
WARNING - 2024-08-01 18:19:08 --> Session: Sessions is enabled, and one exists. Please don't $session->start();
INFO - 2024-08-01 18:19:15 --> Session: Class initialized using 'CodeIgniter\Session\Handlers\FileHandler' driver.
WARNING - 2024-08-01 18:19:15 --> Session: Sessions is enabled, and one exists. Please don't $session->start();
INFO - 2024-08-01 18:19:19 --> Session: Class initialized using 'CodeIgniter\Session\Handlers\FileHandler' driver.
WARNING - 2024-08-01 18:19:19 --> Session: Sessions is enabled, and one exists. Please don't $session->start();
INFO - 2024-08-01 18:19:35 --> Session: Class initialized using 'CodeIgniter\Session\Handlers\FileHandler' driver.
WARNING - 2024-08-01 18:19:35 --> Session: Sessions is enabled, and one exists. Please don't $session->start();
INFO - 2024-08-01 18:19:39 --> Session: Class initialized using 'CodeIgniter\Session\Handlers\FileHandler' driver.
WARNING - 2024-08-01 18:19:39 --> Session: Sessions is enabled, and one exists. Please don't $session->start();
INFO - 2024-08-01 18:19:43 --> Session: Class initialized using 'CodeIgniter\Session\Handlers\FileHandler' driver.
WARNING - 2024-08-01 18:19:43 --> Session: Sessions is enabled, and one exists. Please don't $session->start();
INFO - 2024-08-01 18:19:44 --> Session: Class initialized using 'CodeIgniter\Session\Handlers\FileHandler' driver.
WARNING - 2024-08-01 18:19:44 --> Session: Sessions is enabled, and one exists. Please don't $session->start();
INFO - 2024-08-01 18:19:50 --> Session: Class initialized using 'CodeIgniter\Session\Handlers\FileHandler' driver.
WARNING - 2024-08-01 18:19:50 --> Session: Sessions is enabled, and one exists. Please don't $session->start();
INFO - 2024-08-01 18:19:53 --> Session: Class initialized using 'CodeIgniter\Session\Handlers\FileHandler' driver.
WARNING - 2024-08-01 18:19:53 --> Session: Sessions is enabled, and one exists. Please don't $session->start();
INFO - 2024-08-01 18:20:00 --> Session: Class initialized using 'CodeIgniter\Session\Handlers\FileHandler' driver.
WARNING - 2024-08-01 18:20:00 --> Session: Sessions is enabled, and one exists. Please don't $session->start();
INFO - 2024-08-01 18:20:05 --> Session: Class initialized using 'CodeIgniter\Session\Handlers\FileHandler' driver.
WARNING - 2024-08-01 18:20:05 --> Session: Sessions is enabled, and one exists. Please don't $session->start();
INFO - 2024-08-01 18:20:07 --> Session: Class initialized using 'CodeIgniter\Session\Handlers\FileHandler' driver.
WARNING - 2024-08-01 18:20:07 --> Session: Sessions is enabled, and one exists. Please don't $session->start();
INFO - 2024-08-01 18:20:13 --> Session: Class initialized using 'CodeIgniter\Session\Handlers\FileHandler' driver.
WARNING - 2024-08-01 18:20:13 --> Session: Sessions is enabled, and one exists. Please don't $session->start();
INFO - 2024-08-01 18:20:15 --> Session: Class initialized using 'CodeIgniter\Session\Handlers\FileHandler' driver.
WARNING - 2024-08-01 18:20:15 --> Session: Sessions is enabled, and one exists. Please don't $session->start();
CRITICAL - 2024-08-01 18:20:15 --> ParseError: syntax error, unexpected identifier "header"
[Method: GET, Route: home]
in APPPATH/Views/quality/home.php on line 20.
 1 SYSTEMPATH/View/View.php(237): CodeIgniter\View\View->CodeIgniter\View\{closure}()
 2 SYSTEMPATH/Common.php(1171): CodeIgniter\View\View->render('quality/home', [], true)
 3 APPPATH/Controllers/Home.php(8): view('quality/home')
 4 SYSTEMPATH/CodeIgniter.php(933): App\Controllers\Home->index()
 5 SYSTEMPATH/CodeIgniter.php(509): CodeIgniter\CodeIgniter->runController(Object(App\Controllers\Home))
 6 SYSTEMPATH/CodeIgniter.php(355): CodeIgniter\CodeIgniter->handleRequest(null, Object(Config\Cache), false)
 7 SYSTEMPATH/Boot.php(325): CodeIgniter\CodeIgniter->run()
 8 SYSTEMPATH/Boot.php(67): CodeIgniter\Boot::runCodeIgniter(Object(CodeIgniter\CodeIgniter))
 9 FCPATH/index.php(56): CodeIgniter\Boot::bootWeb(Object(Config\Paths))
INFO - 2024-08-01 18:21:20 --> Session: Class initialized using 'CodeIgniter\Session\Handlers\FileHandler' driver.
WARNING - 2024-08-01 18:21:20 --> Session: Sessions is enabled, and one exists. Please don't $session->start();
INFO - 2024-08-01 18:21:48 --> Session: Class initialized using 'CodeIgniter\Session\Handlers\FileHandler' driver.
WARNING - 2024-08-01 18:21:48 --> Session: Sessions is enabled, and one exists. Please don't $session->start();
INFO - 2024-08-01 18:22:12 --> Session: Class initialized using 'CodeIgniter\Session\Handlers\FileHandler' driver.
WARNING - 2024-08-01 18:22:12 --> Session: Sessions is enabled, and one exists. Please don't $session->start();
INFO - 2024-08-01 18:22:26 --> Session: Class initialized using 'CodeIgniter\Session\Handlers\FileHandler' driver.
WARNING - 2024-08-01 18:22:26 --> Session: Sessions is enabled, and one exists. Please don't $session->start();
INFO - 2024-08-01 18:22:28 --> Session: Class initialized using 'CodeIgniter\Session\Handlers\FileHandler' driver.
WARNING - 2024-08-01 18:22:28 --> Session: Sessions is enabled, and one exists. Please don't $session->start();
INFO - 2024-08-01 18:22:30 --> Session: Class initialized using 'CodeIgniter\Session\Handlers\FileHandler' driver.
WARNING - 2024-08-01 18:22:30 --> Session: Sessions is enabled, and one exists. Please don't $session->start();
INFO - 2024-08-01 18:22:34 --> Session: Class initialized using 'CodeIgniter\Session\Handlers\FileHandler' driver.
WARNING - 2024-08-01 18:22:34 --> Session: Sessions is enabled, and one exists. Please don't $session->start();
INFO - 2024-08-01 18:22:42 --> Session: Class initialized using 'CodeIgniter\Session\Handlers\FileHandler' driver.
WARNING - 2024-08-01 18:22:42 --> Session: Sessions is enabled, and one exists. Please don't $session->start();
INFO - 2024-08-01 18:22:46 --> Session: Class initialized using 'CodeIgniter\Session\Handlers\FileHandler' driver.
WARNING - 2024-08-01 18:22:46 --> Session: Sessions is enabled, and one exists. Please don't $session->start();
INFO - 2024-08-01 18:23:37 --> Session: Class initialized using 'CodeIgniter\Session\Handlers\FileHandler' driver.
WARNING - 2024-08-01 18:23:37 --> Session: Sessions is enabled, and one exists. Please don't $session->start();
INFO - 2024-08-01 18:23:38 --> Session: Class initialized using 'CodeIgniter\Session\Handlers\FileHandler' driver.
WARNING - 2024-08-01 18:23:38 --> Session: Sessions is enabled, and one exists. Please don't $session->start();
INFO - 2024-08-01 18:23:55 --> Session: Class initialized using 'CodeIgniter\Session\Handlers\FileHandler' driver.
WARNING - 2024-08-01 18:23:55 --> Session: Sessions is enabled, and one exists. Please don't $session->start();
INFO - 2024-08-01 18:23:58 --> Session: Class initialized using 'CodeIgniter\Session\Handlers\FileHandler' driver.
WARNING - 2024-08-01 18:23:58 --> Session: Sessions is enabled, and one exists. Please don't $session->start();
INFO - 2024-08-01 18:25:22 --> Session: Class initialized using 'CodeIgniter\Session\Handlers\FileHandler' driver.
WARNING - 2024-08-01 18:25:22 --> Session: Sessions is enabled, and one exists. Please don't $session->start();
INFO - 2024-08-01 18:26:16 --> Session: Class initialized using 'CodeIgniter\Session\Handlers\FileHandler' driver.
WARNING - 2024-08-01 18:26:16 --> Session: Sessions is enabled, and one exists. Please don't $session->start();
INFO - 2024-08-01 18:26:21 --> Session: Class initialized using 'CodeIgniter\Session\Handlers\FileHandler' driver.
WARNING - 2024-08-01 18:26:21 --> Session: Sessions is enabled, and one exists. Please don't $session->start();
INFO - 2024-08-01 18:26:25 --> Session: Class initialized using 'CodeIgniter\Session\Handlers\FileHandler' driver.
WARNING - 2024-08-01 18:26:25 --> Session: Sessions is enabled, and one exists. Please don't $session->start();
INFO - 2024-08-01 18:26:29 --> Session: Class initialized using 'CodeIgniter\Session\Handlers\FileHandler' driver.
WARNING - 2024-08-01 18:26:29 --> Session: Sessions is enabled, and one exists. Please don't $session->start();
INFO - 2024-08-01 18:26:32 --> Session: Class initialized using 'CodeIgniter\Session\Handlers\FileHandler' driver.
WARNING - 2024-08-01 18:26:32 --> Session: Sessions is enabled, and one exists. Please don't $session->start();
INFO - 2024-08-01 18:26:41 --> Session: Class initialized using 'CodeIgniter\Session\Handlers\FileHandler' driver.
WARNING - 2024-08-01 18:26:41 --> Session: Sessions is enabled, and one exists. Please don't $session->start();
INFO - 2024-08-01 18:27:16 --> Session: Class initialized using 'CodeIgniter\Session\Handlers\FileHandler' driver.
WARNING - 2024-08-01 18:27:16 --> Session: Sessions is enabled, and one exists. Please don't $session->start();
INFO - 2024-08-01 18:31:46 --> Session: Class initialized using 'CodeIgniter\Session\Handlers\FileHandler' driver.
WARNING - 2024-08-01 18:31:46 --> Session: Sessions is enabled, and one exists. Please don't $session->start();
INFO - 2024-08-01 18:31:48 --> Session: Class initialized using 'CodeIgniter\Session\Handlers\FileHandler' driver.
WARNING - 2024-08-01 18:31:48 --> Session: Sessions is enabled, and one exists. Please don't $session->start();
INFO - 2024-08-01 18:32:16 --> Session: Class initialized using 'CodeIgniter\Session\Handlers\FileHandler' driver.
WARNING - 2024-08-01 18:32:16 --> Session: Sessions is enabled, and one exists. Please don't $session->start();
INFO - 2024-08-01 18:32:20 --> Session: Class initialized using 'CodeIgniter\Session\Handlers\FileHandler' driver.
WARNING - 2024-08-01 18:32:20 --> Session: Sessions is enabled, and one exists. Please don't $session->start();
INFO - 2024-08-01 18:32:44 --> Session: Class initialized using 'CodeIgniter\Session\Handlers\FileHandler' driver.
WARNING - 2024-08-01 18:32:44 --> Session: Sessions is enabled, and one exists. Please don't $session->start();
INFO - 2024-08-01 18:33:05 --> Session: Class initialized using 'CodeIgniter\Session\Handlers\FileHandler' driver.
WARNING - 2024-08-01 18:33:05 --> Session: Sessions is enabled, and one exists. Please don't $session->start();
INFO - 2024-08-01 18:33:06 --> Session: Class initialized using 'CodeIgniter\Session\Handlers\FileHandler' driver.
WARNING - 2024-08-01 18:33:06 --> Session: Sessions is enabled, and one exists. Please don't $session->start();
INFO - 2024-08-01 18:33:08 --> Session: Class initialized using 'CodeIgniter\Session\Handlers\FileHandler' driver.
WARNING - 2024-08-01 18:33:08 --> Session: Sessions is enabled, and one exists. Please don't $session->start();
INFO - 2024-08-01 18:33:53 --> Session: Class initialized using 'CodeIgniter\Session\Handlers\FileHandler' driver.
WARNING - 2024-08-01 18:33:53 --> Session: Sessions is enabled, and one exists. Please don't $session->start();
INFO - 2024-08-01 18:34:00 --> Session: Class initialized using 'CodeIgniter\Session\Handlers\FileHandler' driver.
WARNING - 2024-08-01 18:34:00 --> Session: Sessions is enabled, and one exists. Please don't $session->start();
INFO - 2024-08-01 18:34:23 --> Session: Class initialized using 'CodeIgniter\Session\Handlers\FileHandler' driver.
WARNING - 2024-08-01 18:34:23 --> Session: Sessions is enabled, and one exists. Please don't $session->start();
INFO - 2024-08-01 18:34:27 --> Session: Class initialized using 'CodeIgniter\Session\Handlers\FileHandler' driver.
WARNING - 2024-08-01 18:34:27 --> Session: Sessions is enabled, and one exists. Please don't $session->start();
INFO - 2024-08-01 18:34:41 --> Session: Class initialized using 'CodeIgniter\Session\Handlers\FileHandler' driver.
WARNING - 2024-08-01 18:34:41 --> Session: Sessions is enabled, and one exists. Please don't $session->start();
INFO - 2024-08-01 18:34:44 --> Session: Class initialized using 'CodeIgniter\Session\Handlers\FileHandler' driver.
WARNING - 2024-08-01 18:34:44 --> Session: Sessions is enabled, and one exists. Please don't $session->start();
INFO - 2024-08-01 18:34:48 --> Session: Class initialized using 'CodeIgniter\Session\Handlers\FileHandler' driver.
WARNING - 2024-08-01 18:34:48 --> Session: Sessions is enabled, and one exists. Please don't $session->start();
INFO - 2024-08-01 18:35:00 --> Session: Class initialized using 'CodeIgniter\Session\Handlers\FileHandler' driver.
WARNING - 2024-08-01 18:35:00 --> Session: Sessions is enabled, and one exists. Please don't $session->start();
INFO - 2024-08-01 18:35:04 --> Session: Class initialized using 'CodeIgniter\Session\Handlers\FileHandler' driver.
WARNING - 2024-08-01 18:35:04 --> Session: Sessions is enabled, and one exists. Please don't $session->start();
INFO - 2024-08-01 18:35:05 --> Session: Class initialized using 'CodeIgniter\Session\Handlers\FileHandler' driver.
WARNING - 2024-08-01 18:35:05 --> Session: Sessions is enabled, and one exists. Please don't $session->start();
INFO - 2024-08-01 18:35:08 --> Session: Class initialized using 'CodeIgniter\Session\Handlers\FileHandler' driver.
WARNING - 2024-08-01 18:35:08 --> Session: Sessions is enabled, and one exists. Please don't $session->start();
INFO - 2024-08-01 18:35:10 --> Session: Class initialized using 'CodeIgniter\Session\Handlers\FileHandler' driver.
WARNING - 2024-08-01 18:35:10 --> Session: Sessions is enabled, and one exists. Please don't $session->start();
INFO - 2024-08-01 18:35:12 --> Session: Class initialized using 'CodeIgniter\Session\Handlers\FileHandler' driver.
WARNING - 2024-08-01 18:35:12 --> Session: Sessions is enabled, and one exists. Please don't $session->start();
INFO - 2024-08-01 18:36:24 --> Session: Class initialized using 'CodeIgniter\Session\Handlers\FileHandler' driver.
WARNING - 2024-08-01 18:36:24 --> Session: Sessions is enabled, and one exists. Please don't $session->start();
INFO - 2024-08-01 18:36:32 --> Session: Class initialized using 'CodeIgniter\Session\Handlers\FileHandler' driver.
WARNING - 2024-08-01 18:36:32 --> Session: Sessions is enabled, and one exists. Please don't $session->start();
INFO - 2024-08-01 18:36:46 --> Session: Class initialized using 'CodeIgniter\Session\Handlers\FileHandler' driver.
WARNING - 2024-08-01 18:36:46 --> Session: Sessions is enabled, and one exists. Please don't $session->start();
INFO - 2024-08-01 18:36:59 --> Session: Class initialized using 'CodeIgniter\Session\Handlers\FileHandler' driver.
WARNING - 2024-08-01 18:36:59 --> Session: Sessions is enabled, and one exists. Please don't $session->start();
INFO - 2024-08-01 18:37:30 --> Session: Class initialized using 'CodeIgniter\Session\Handlers\FileHandler' driver.
WARNING - 2024-08-01 18:37:30 --> Session: Sessions is enabled, and one exists. Please don't $session->start();
INFO - 2024-08-01 18:38:01 --> Session: Class initialized using 'CodeIgniter\Session\Handlers\FileHandler' driver.
WARNING - 2024-08-01 18:38:01 --> Session: Sessions is enabled, and one exists. Please don't $session->start();
INFO - 2024-08-01 18:38:04 --> Session: Class initialized using 'CodeIgniter\Session\Handlers\FileHandler' driver.
WARNING - 2024-08-01 18:38:04 --> Session: Sessions is enabled, and one exists. Please don't $session->start();
INFO - 2024-08-01 18:38:08 --> Session: Class initialized using 'CodeIgniter\Session\Handlers\FileHandler' driver.
WARNING - 2024-08-01 18:38:08 --> Session: Sessions is enabled, and one exists. Please don't $session->start();
INFO - 2024-08-01 18:38:11 --> Session: Class initialized using 'CodeIgniter\Session\Handlers\FileHandler' driver.
WARNING - 2024-08-01 18:38:11 --> Session: Sessions is enabled, and one exists. Please don't $session->start();
INFO - 2024-08-01 18:38:41 --> Session: Class initialized using 'CodeIgniter\Session\Handlers\FileHandler' driver.
WARNING - 2024-08-01 18:38:41 --> Session: Sessions is enabled, and one exists. Please don't $session->start();
INFO - 2024-08-01 18:39:03 --> Session: Class initialized using 'CodeIgniter\Session\Handlers\FileHandler' driver.
WARNING - 2024-08-01 18:39:03 --> Session: Sessions is enabled, and one exists. Please don't $session->start();
INFO - 2024-08-01 18:39:05 --> Session: Class initialized using 'CodeIgniter\Session\Handlers\FileHandler' driver.
WARNING - 2024-08-01 18:39:05 --> Session: Sessions is enabled, and one exists. Please don't $session->start();
INFO - 2024-08-01 18:39:08 --> Session: Class initialized using 'CodeIgniter\Session\Handlers\FileHandler' driver.
WARNING - 2024-08-01 18:39:08 --> Session: Sessions is enabled, and one exists. Please don't $session->start();
INFO - 2024-08-01 18:39:10 --> Session: Class initialized using 'CodeIgniter\Session\Handlers\FileHandler' driver.
WARNING - 2024-08-01 18:39:10 --> Session: Sessions is enabled, and one exists. Please don't $session->start();
INFO - 2024-08-01 18:39:13 --> Session: Class initialized using 'CodeIgniter\Session\Handlers\FileHandler' driver.
WARNING - 2024-08-01 18:39:13 --> Session: Sessions is enabled, and one exists. Please don't $session->start();
INFO - 2024-08-01 18:39:28 --> Session: Class initialized using 'CodeIgniter\Session\Handlers\FileHandler' driver.
WARNING - 2024-08-01 18:39:28 --> Session: Sessions is enabled, and one exists. Please don't $session->start();
INFO - 2024-08-01 18:40:20 --> Session: Class initialized using 'CodeIgniter\Session\Handlers\FileHandler' driver.
WARNING - 2024-08-01 18:40:20 --> Session: Sessions is enabled, and one exists. Please don't $session->start();
INFO - 2024-08-01 18:41:05 --> Session: Class initialized using 'CodeIgniter\Session\Handlers\FileHandler' driver.
WARNING - 2024-08-01 18:41:05 --> Session: Sessions is enabled, and one exists. Please don't $session->start();
INFO - 2024-08-01 18:41:09 --> Session: Class initialized using 'CodeIgniter\Session\Handlers\FileHandler' driver.
WARNING - 2024-08-01 18:41:09 --> Session: Sessions is enabled, and one exists. Please don't $session->start();
INFO - 2024-08-01 18:41:16 --> Session: Class initialized using 'CodeIgniter\Session\Handlers\FileHandler' driver.
WARNING - 2024-08-01 18:41:16 --> Session: Sessions is enabled, and one exists. Please don't $session->start();
INFO - 2024-08-01 18:41:24 --> Session: Class initialized using 'CodeIgniter\Session\Handlers\FileHandler' driver.
WARNING - 2024-08-01 18:41:24 --> Session: Sessions is enabled, and one exists. Please don't $session->start();
INFO - 2024-08-01 18:41:28 --> Session: Class initialized using 'CodeIgniter\Session\Handlers\FileHandler' driver.
WARNING - 2024-08-01 18:41:28 --> Session: Sessions is enabled, and one exists. Please don't $session->start();
INFO - 2024-08-01 18:41:33 --> Session: Class initialized using 'CodeIgniter\Session\Handlers\FileHandler' driver.
WARNING - 2024-08-01 18:41:33 --> Session: Sessions is enabled, and one exists. Please don't $session->start();
INFO - 2024-08-01 18:42:00 --> Session: Class initialized using 'CodeIgniter\Session\Handlers\FileHandler' driver.
WARNING - 2024-08-01 18:42:00 --> Session: Sessions is enabled, and one exists. Please don't $session->start();
INFO - 2024-08-01 18:42:01 --> Session: Class initialized using 'CodeIgniter\Session\Handlers\FileHandler' driver.
WARNING - 2024-08-01 18:42:01 --> Session: Sessions is enabled, and one exists. Please don't $session->start();
INFO - 2024-08-01 18:42:08 --> Session: Class initialized using 'CodeIgniter\Session\Handlers\FileHandler' driver.
WARNING - 2024-08-01 18:42:08 --> Session: Sessions is enabled, and one exists. Please don't $session->start();
INFO - 2024-08-01 18:42:11 --> Session: Class initialized using 'CodeIgniter\Session\Handlers\FileHandler' driver.
WARNING - 2024-08-01 18:42:11 --> Session: Sessions is enabled, and one exists. Please don't $session->start();
INFO - 2024-08-01 18:42:12 --> Session: Class initialized using 'CodeIgniter\Session\Handlers\FileHandler' driver.
WARNING - 2024-08-01 18:42:12 --> Session: Sessions is enabled, and one exists. Please don't $session->start();
INFO - 2024-08-01 18:42:15 --> Session: Class initialized using 'CodeIgniter\Session\Handlers\FileHandler' driver.
WARNING - 2024-08-01 18:42:15 --> Session: Sessions is enabled, and one exists. Please don't $session->start();
INFO - 2024-08-01 18:43:36 --> Session: Class initialized using 'CodeIgniter\Session\Handlers\FileHandler' driver.
WARNING - 2024-08-01 18:43:36 --> Session: Sessions is enabled, and one exists. Please don't $session->start();
INFO - 2024-08-01 18:43:53 --> Session: Class initialized using 'CodeIgniter\Session\Handlers\FileHandler' driver.
WARNING - 2024-08-01 18:43:53 --> Session: Sessions is enabled, and one exists. Please don't $session->start();
INFO - 2024-08-01 18:44:37 --> Session: Class initialized using 'CodeIgniter\Session\Handlers\FileHandler' driver.
WARNING - 2024-08-01 18:44:37 --> Session: Sessions is enabled, and one exists. Please don't $session->start();
INFO - 2024-08-01 18:44:48 --> Session: Class initialized using 'CodeIgniter\Session\Handlers\FileHandler' driver.
WARNING - 2024-08-01 18:44:48 --> Session: Sessions is enabled, and one exists. Please don't $session->start();
INFO - 2024-08-01 18:44:59 --> Session: Class initialized using 'CodeIgniter\Session\Handlers\FileHandler' driver.
WARNING - 2024-08-01 18:44:59 --> Session: Sessions is enabled, and one exists. Please don't $session->start();
INFO - 2024-08-01 18:45:35 --> Session: Class initialized using 'CodeIgniter\Session\Handlers\FileHandler' driver.
WARNING - 2024-08-01 18:45:35 --> Session: Sessions is enabled, and one exists. Please don't $session->start();
INFO - 2024-08-01 18:46:24 --> Session: Class initialized using 'CodeIgniter\Session\Handlers\FileHandler' driver.
WARNING - 2024-08-01 18:46:24 --> Session: Sessions is enabled, and one exists. Please don't $session->start();
INFO - 2024-08-01 18:46:53 --> Session: Class initialized using 'CodeIgniter\Session\Handlers\FileHandler' driver.
WARNING - 2024-08-01 18:46:53 --> Session: Sessions is enabled, and one exists. Please don't $session->start();
INFO - 2024-08-01 18:47:04 --> Session: Class initialized using 'CodeIgniter\Session\Handlers\FileHandler' driver.
WARNING - 2024-08-01 18:47:04 --> Session: Sessions is enabled, and one exists. Please don't $session->start();
INFO - 2024-08-01 18:48:42 --> Session: Class initialized using 'CodeIgniter\Session\Handlers\FileHandler' driver.
WARNING - 2024-08-01 18:48:42 --> Session: Sessions is enabled, and one exists. Please don't $session->start();
INFO - 2024-08-01 18:58:18 --> Session: Class initialized using 'CodeIgniter\Session\Handlers\FileHandler' driver.
WARNING - 2024-08-01 18:58:18 --> Session: Sessions is enabled, and one exists. Please don't $session->start();
INFO - 2024-08-01 18:59:18 --> Session: Class initialized using 'CodeIgniter\Session\Handlers\FileHandler' driver.
WARNING - 2024-08-01 18:59:18 --> Session: Sessions is enabled, and one exists. Please don't $session->start();
INFO - 2024-08-01 18:59:28 --> Session: Class initialized using 'CodeIgniter\Session\Handlers\FileHandler' driver.
WARNING - 2024-08-01 18:59:28 --> Session: Sessions is enabled, and one exists. Please don't $session->start();
INFO - 2024-08-01 19:02:55 --> Session: Class initialized using 'CodeIgniter\Session\Handlers\FileHandler' driver.
WARNING - 2024-08-01 19:02:55 --> Session: Sessions is enabled, and one exists. Please don't $session->start();
INFO - 2024-08-01 19:02:59 --> Session: Class initialized using 'CodeIgniter\Session\Handlers\FileHandler' driver.
WARNING - 2024-08-01 19:02:59 --> Session: Sessions is enabled, and one exists. Please don't $session->start();
INFO - 2024-08-01 19:03:01 --> Session: Class initialized using 'CodeIgniter\Session\Handlers\FileHandler' driver.
WARNING - 2024-08-01 19:03:01 --> Session: Sessions is enabled, and one exists. Please don't $session->start();
INFO - 2024-08-01 19:03:01 --> Session: Class initialized using 'CodeIgniter\Session\Handlers\FileHandler' driver.
WARNING - 2024-08-01 19:03:01 --> Session: Sessions is enabled, and one exists. Please don't $session->start();
INFO - 2024-08-01 19:03:12 --> Session: Class initialized using 'CodeIgniter\Session\Handlers\FileHandler' driver.
WARNING - 2024-08-01 19:03:12 --> Session: Sessions is enabled, and one exists. Please don't $session->start();
INFO - 2024-08-01 19:03:14 --> Session: Class initialized using 'CodeIgniter\Session\Handlers\FileHandler' driver.
WARNING - 2024-08-01 19:03:14 --> Session: Sessions is enabled, and one exists. Please don't $session->start();
INFO - 2024-08-01 19:03:30 --> Session: Class initialized using 'CodeIgniter\Session\Handlers\FileHandler' driver.
WARNING - 2024-08-01 19:03:30 --> Session: Sessions is enabled, and one exists. Please don't $session->start();
INFO - 2024-08-01 19:03:37 --> Session: Class initialized using 'CodeIgniter\Session\Handlers\FileHandler' driver.
WARNING - 2024-08-01 19:03:37 --> Session: Sessions is enabled, and one exists. Please don't $session->start();
INFO - 2024-08-01 19:03:37 --> Session: Class initialized using 'CodeIgniter\Session\Handlers\FileHandler' driver.
WARNING - 2024-08-01 19:03:37 --> Session: Sessions is enabled, and one exists. Please don't $session->start();
INFO - 2024-08-01 19:37:13 --> Session: Class initialized using 'CodeIgniter\Session\Handlers\FileHandler' driver.
WARNING - 2024-08-01 19:37:13 --> Session: Sessions is enabled, and one exists. Please don't $session->start();
INFO - 2024-08-01 19:37:15 --> Session: Class initialized using 'CodeIgniter\Session\Handlers\FileHandler' driver.
WARNING - 2024-08-01 19:37:15 --> Session: Sessions is enabled, and one exists. Please don't $session->start();
INFO - 2024-08-01 19:37:17 --> Session: Class initialized using 'CodeIgniter\Session\Handlers\FileHandler' driver.
WARNING - 2024-08-01 19:37:17 --> Session: Sessions is enabled, and one exists. Please don't $session->start();
INFO - 2024-08-01 19:37:20 --> Session: Class initialized using 'CodeIgniter\Session\Handlers\FileHandler' driver.
WARNING - 2024-08-01 19:37:20 --> Session: Sessions is enabled, and one exists. Please don't $session->start();
INFO - 2024-08-01 19:37:23 --> Session: Class initialized using 'CodeIgniter\Session\Handlers\FileHandler' driver.
WARNING - 2024-08-01 19:37:23 --> Session: Sessions is enabled, and one exists. Please don't $session->start();
INFO - 2024-08-01 19:37:26 --> Session: Class initialized using 'CodeIgniter\Session\Handlers\FileHandler' driver.
WARNING - 2024-08-01 19:37:26 --> Session: Sessions is enabled, and one exists. Please don't $session->start();
INFO - 2024-08-01 19:37:29 --> Session: Class initialized using 'CodeIgniter\Session\Handlers\FileHandler' driver.
WARNING - 2024-08-01 19:37:29 --> Session: Sessions is enabled, and one exists. Please don't $session->start();
INFO - 2024-08-01 19:37:41 --> Session: Class initialized using 'CodeIgniter\Session\Handlers\FileHandler' driver.
WARNING - 2024-08-01 19:37:41 --> Session: Sessions is enabled, and one exists. Please don't $session->start();
INFO - 2024-08-01 19:38:00 --> Session: Class initialized using 'CodeIgniter\Session\Handlers\FileHandler' driver.
WARNING - 2024-08-01 19:38:00 --> Session: Sessions is enabled, and one exists. Please don't $session->start();
INFO - 2024-08-01 19:38:03 --> Session: Class initialized using 'CodeIgniter\Session\Handlers\FileHandler' driver.
WARNING - 2024-08-01 19:38:03 --> Session: Sessions is enabled, and one exists. Please don't $session->start();
INFO - 2024-08-01 19:38:07 --> Session: Class initialized using 'CodeIgniter\Session\Handlers\FileHandler' driver.
WARNING - 2024-08-01 19:38:07 --> Session: Sessions is enabled, and one exists. Please don't $session->start();
INFO - 2024-08-01 19:38:18 --> Session: Class initialized using 'CodeIgniter\Session\Handlers\FileHandler' driver.
WARNING - 2024-08-01 19:38:18 --> Session: Sessions is enabled, and one exists. Please don't $session->start();
INFO - 2024-08-01 19:38:20 --> Session: Class initialized using 'CodeIgniter\Session\Handlers\FileHandler' driver.
WARNING - 2024-08-01 19:38:20 --> Session: Sessions is enabled, and one exists. Please don't $session->start();
INFO - 2024-08-01 19:38:43 --> Session: Class initialized using 'CodeIgniter\Session\Handlers\FileHandler' driver.
WARNING - 2024-08-01 19:38:43 --> Session: Sessions is enabled, and one exists. Please don't $session->start();
INFO - 2024-08-01 19:38:55 --> Session: Class initialized using 'CodeIgniter\Session\Handlers\FileHandler' driver.
WARNING - 2024-08-01 19:38:55 --> Session: Sessions is enabled, and one exists. Please don't $session->start();
INFO - 2024-08-01 19:39:00 --> Session: Class initialized using 'CodeIgniter\Session\Handlers\FileHandler' driver.
WARNING - 2024-08-01 19:39:00 --> Session: Sessions is enabled, and one exists. Please don't $session->start();
INFO - 2024-08-01 19:43:30 --> Session: Class initialized using 'CodeIgniter\Session\Handlers\FileHandler' driver.
WARNING - 2024-08-01 19:43:30 --> Session: Sessions is enabled, and one exists. Please don't $session->start();
INFO - 2024-08-01 19:43:45 --> Session: Class initialized using 'CodeIgniter\Session\Handlers\FileHandler' driver.
WARNING - 2024-08-01 19:43:45 --> Session: Sessions is enabled, and one exists. Please don't $session->start();
INFO - 2024-08-01 19:44:34 --> Session: Class initialized using 'CodeIgniter\Session\Handlers\FileHandler' driver.
WARNING - 2024-08-01 19:44:34 --> Session: Sessions is enabled, and one exists. Please don't $session->start();
INFO - 2024-08-01 19:44:39 --> Session: Class initialized using 'CodeIgniter\Session\Handlers\FileHandler' driver.
WARNING - 2024-08-01 19:44:39 --> Session: Sessions is enabled, and one exists. Please don't $session->start();
INFO - 2024-08-01 19:44:52 --> Session: Class initialized using 'CodeIgniter\Session\Handlers\FileHandler' driver.
WARNING - 2024-08-01 19:44:52 --> Session: Sessions is enabled, and one exists. Please don't $session->start();
INFO - 2024-08-01 19:44:55 --> Session: Class initialized using 'CodeIgniter\Session\Handlers\FileHandler' driver.
WARNING - 2024-08-01 19:44:55 --> Session: Sessions is enabled, and one exists. Please don't $session->start();
INFO - 2024-08-01 19:45:09 --> Session: Class initialized using 'CodeIgniter\Session\Handlers\FileHandler' driver.
WARNING - 2024-08-01 19:45:09 --> Session: Sessions is enabled, and one exists. Please don't $session->start();
INFO - 2024-08-01 19:45:43 --> Session: Class initialized using 'CodeIgniter\Session\Handlers\FileHandler' driver.
WARNING - 2024-08-01 19:45:43 --> Session: Sessions is enabled, and one exists. Please don't $session->start();
INFO - 2024-08-01 19:45:47 --> Session: Class initialized using 'CodeIgniter\Session\Handlers\FileHandler' driver.
WARNING - 2024-08-01 19:45:47 --> Session: Sessions is enabled, and one exists. Please don't $session->start();
INFO - 2024-08-01 19:45:57 --> Session: Class initialized using 'CodeIgniter\Session\Handlers\FileHandler' driver.
WARNING - 2024-08-01 19:45:57 --> Session: Sessions is enabled, and one exists. Please don't $session->start();
INFO - 2024-08-01 19:46:04 --> Session: Class initialized using 'CodeIgniter\Session\Handlers\FileHandler' driver.
WARNING - 2024-08-01 19:46:04 --> Session: Sessions is enabled, and one exists. Please don't $session->start();
INFO - 2024-08-01 19:46:39 --> Session: Class initialized using 'CodeIgniter\Session\Handlers\FileHandler' driver.
WARNING - 2024-08-01 19:46:39 --> Session: Sessions is enabled, and one exists. Please don't $session->start();
INFO - 2024-08-01 19:46:50 --> Session: Class initialized using 'CodeIgniter\Session\Handlers\FileHandler' driver.
WARNING - 2024-08-01 19:46:50 --> Session: Sessions is enabled, and one exists. Please don't $session->start();
INFO - 2024-08-01 19:46:52 --> Session: Class initialized using 'CodeIgniter\Session\Handlers\FileHandler' driver.
WARNING - 2024-08-01 19:46:52 --> Session: Sessions is enabled, and one exists. Please don't $session->start();
INFO - 2024-08-01 19:47:16 --> Session: Class initialized using 'CodeIgniter\Session\Handlers\FileHandler' driver.
WARNING - 2024-08-01 19:47:16 --> Session: Sessions is enabled, and one exists. Please don't $session->start();
INFO - 2024-08-01 19:47:18 --> Session: Class initialized using 'CodeIgniter\Session\Handlers\FileHandler' driver.
WARNING - 2024-08-01 19:47:18 --> Session: Sessions is enabled, and one exists. Please don't $session->start();
INFO - 2024-08-01 19:47:18 --> Session: Class initialized using 'CodeIgniter\Session\Handlers\FileHandler' driver.
WARNING - 2024-08-01 19:47:18 --> Session: Sessions is enabled, and one exists. Please don't $session->start();
INFO - 2024-08-01 19:49:05 --> Session: Class initialized using 'CodeIgniter\Session\Handlers\FileHandler' driver.
WARNING - 2024-08-01 19:49:05 --> Session: Sessions is enabled, and one exists. Please don't $session->start();
INFO - 2024-08-01 19:49:18 --> Session: Class initialized using 'CodeIgniter\Session\Handlers\FileHandler' driver.
WARNING - 2024-08-01 19:49:18 --> Session: Sessions is enabled, and one exists. Please don't $session->start();
INFO - 2024-08-01 19:49:18 --> Session: Class initialized using 'CodeIgniter\Session\Handlers\FileHandler' driver.
WARNING - 2024-08-01 19:49:18 --> Session: Sessions is enabled, and one exists. Please don't $session->start();
INFO - 2024-08-01 19:49:20 --> Session: Class initialized using 'CodeIgniter\Session\Handlers\FileHandler' driver.
WARNING - 2024-08-01 19:49:20 --> Session: Sessions is enabled, and one exists. Please don't $session->start();
CRITICAL - 2024-08-01 19:49:20 --> Error: Object of type CodeIgniter\Session\Session is not callable
[Method: POST, Route: signIn]
in APPPATH/Controllers/loginCont.php on line 32.
 1 SYSTEMPATH/CodeIgniter.php(933): App\Controllers\loginCont->signIn()
 2 SYSTEMPATH/CodeIgniter.php(509): CodeIgniter\CodeIgniter->runController(Object(App\Controllers\loginCont))
 3 SYSTEMPATH/CodeIgniter.php(355): CodeIgniter\CodeIgniter->handleRequest(null, Object(Config\Cache), false)
 4 SYSTEMPATH/Boot.php(325): CodeIgniter\CodeIgniter->run()
 5 SYSTEMPATH/Boot.php(67): CodeIgniter\Boot::runCodeIgniter(Object(CodeIgniter\CodeIgniter))
 6 FCPATH/index.php(56): CodeIgniter\Boot::bootWeb(Object(Config\Paths))
INFO - 2024-08-01 19:49:33 --> Session: Class initialized using 'CodeIgniter\Session\Handlers\FileHandler' driver.
WARNING - 2024-08-01 19:49:33 --> Session: Sessions is enabled, and one exists. Please don't $session->start();
CRITICAL - 2024-08-01 19:49:33 --> Error: Object of type CodeIgniter\Session\Session is not callable
[Method: POST, Route: signIn]
in APPPATH/Controllers/loginCont.php on line 32.
 1 SYSTEMPATH/CodeIgniter.php(933): App\Controllers\loginCont->signIn()
 2 SYSTEMPATH/CodeIgniter.php(509): CodeIgniter\CodeIgniter->runController(Object(App\Controllers\loginCont))
 3 SYSTEMPATH/CodeIgniter.php(355): CodeIgniter\CodeIgniter->handleRequest(null, Object(Config\Cache), false)
 4 SYSTEMPATH/Boot.php(325): CodeIgniter\CodeIgniter->run()
 5 SYSTEMPATH/Boot.php(67): CodeIgniter\Boot::runCodeIgniter(Object(CodeIgniter\CodeIgniter))
 6 FCPATH/index.php(56): CodeIgniter\Boot::bootWeb(Object(Config\Paths))
INFO - 2024-08-01 19:49:46 --> Session: Class initialized using 'CodeIgniter\Session\Handlers\FileHandler' driver.
WARNING - 2024-08-01 19:49:46 --> Session: Sessions is enabled, and one exists. Please don't $session->start();
INFO - 2024-08-01 19:49:47 --> Session: Class initialized using 'CodeIgniter\Session\Handlers\FileHandler' driver.
WARNING - 2024-08-01 19:49:47 --> Session: Sessions is enabled, and one exists. Please don't $session->start();
INFO - 2024-08-01 19:50:07 --> Session: Class initialized using 'CodeIgniter\Session\Handlers\FileHandler' driver.
WARNING - 2024-08-01 19:50:07 --> Session: Sessions is enabled, and one exists. Please don't $session->start();
INFO - 2024-08-01 19:50:09 --> Session: Class initialized using 'CodeIgniter\Session\Handlers\FileHandler' driver.
WARNING - 2024-08-01 19:50:09 --> Session: Sessions is enabled, and one exists. Please don't $session->start();
INFO - 2024-08-01 19:50:16 --> Session: Class initialized using 'CodeIgniter\Session\Handlers\FileHandler' driver.
WARNING - 2024-08-01 19:50:16 --> Session: Sessions is enabled, and one exists. Please don't $session->start();
INFO - 2024-08-01 19:50:19 --> Session: Class initialized using 'CodeIgniter\Session\Handlers\FileHandler' driver.
WARNING - 2024-08-01 19:50:19 --> Session: Sessions is enabled, and one exists. Please don't $session->start();
INFO - 2024-08-01 19:50:21 --> Session: Class initialized using 'CodeIgniter\Session\Handlers\FileHandler' driver.
WARNING - 2024-08-01 19:50:21 --> Session: Sessions is enabled, and one exists. Please don't $session->start();
INFO - 2024-08-01 19:50:21 --> Session: Class initialized using 'CodeIgniter\Session\Handlers\FileHandler' driver.
WARNING - 2024-08-01 19:50:21 --> Session: Sessions is enabled, and one exists. Please don't $session->start();
INFO - 2024-08-01 19:51:11 --> Session: Class initialized using 'CodeIgniter\Session\Handlers\FileHandler' driver.
WARNING - 2024-08-01 19:51:11 --> Session: Sessions is enabled, and one exists. Please don't $session->start();
INFO - 2024-08-01 19:51:13 --> Session: Class initialized using 'CodeIgniter\Session\Handlers\FileHandler' driver.
WARNING - 2024-08-01 19:51:13 --> Session: Sessions is enabled, and one exists. Please don't $session->start();
INFO - 2024-08-01 19:51:15 --> Session: Class initialized using 'CodeIgniter\Session\Handlers\FileHandler' driver.
WARNING - 2024-08-01 19:51:15 --> Session: Sessions is enabled, and one exists. Please don't $session->start();
INFO - 2024-08-01 19:51:17 --> Session: Class initialized using 'CodeIgniter\Session\Handlers\FileHandler' driver.
WARNING - 2024-08-01 19:51:17 --> Session: Sessions is enabled, and one exists. Please don't $session->start();
INFO - 2024-08-01 19:51:17 --> Session: Class initialized using 'CodeIgniter\Session\Handlers\FileHandler' driver.
WARNING - 2024-08-01 19:51:17 --> Session: Sessions is enabled, and one exists. Please don't $session->start();
INFO - 2024-08-01 19:52:01 --> Session: Class initialized using 'CodeIgniter\Session\Handlers\FileHandler' driver.
WARNING - 2024-08-01 19:52:01 --> Session: Sessions is enabled, and one exists. Please don't $session->start();
INFO - 2024-08-01 19:52:04 --> Session: Class initialized using 'CodeIgniter\Session\Handlers\FileHandler' driver.
WARNING - 2024-08-01 19:52:04 --> Session: Sessions is enabled, and one exists. Please don't $session->start();
INFO - 2024-08-01 19:52:06 --> Session: Class initialized using 'CodeIgniter\Session\Handlers\FileHandler' driver.
WARNING - 2024-08-01 19:52:06 --> Session: Sessions is enabled, and one exists. Please don't $session->start();
INFO - 2024-08-01 19:56:38 --> Session: Class initialized using 'CodeIgniter\Session\Handlers\FileHandler' driver.
WARNING - 2024-08-01 19:56:38 --> Session: Sessions is enabled, and one exists. Please don't $session->start();
