CRITICAL - 2024-09-23 16:46:25 --> ArgumentCountError: Too few arguments to function CodeIgniter\Router\RouteCollection::get(), 1 passed in C:\xampp\htdocs\quality\app\Config\Routes.php on line 10 and at least 2 expected
[Method: GET, Route: /]
in SYSTEMPATH\Router\RouteCollection.php on line 1051.
 1 APPPATH\Config\Routes.php(10): CodeIgniter\Router\RouteCollection->get('/')
 2 SYSTEMPATH\Router\RouteCollection.php(340): require('C:\\xampp\\htdocs\\quality\\app\\Config\\Routes.php')
 3 SYSTEMPATH\CodeIgniter.php(823): CodeIgniter\Router\RouteCollection->loadRoutes()
 4 SYSTEMPATH\CodeIgniter.php(457): CodeIgniter\CodeIgniter->tryToRouteIt(null)
 5 SYSTEMPATH\CodeIgniter.php(355): CodeIgniter\CodeIgniter->handleRequest(null, Object(Config\Cache), false)
 6 SYSTEMPATH\Boot.php(325): CodeIgniter\CodeIgniter->run()
 7 SYSTEMPATH\Boot.php(67): CodeIgniter\Boot::runCodeIgniter(Object(CodeIgniter\CodeIgniter))
 8 FCPATH\index.php(56): CodeIgniter\Boot::bootWeb(Object(Config\Paths))
INFO - 2024-09-23 16:49:45 --> Session: Class initialized using 'CodeIgniter\Session\Handlers\FileHandler' driver.
WARNING - 2024-09-23 16:49:45 --> [DEPRECATED] htmlspecialchars(): Passing null to parameter #1 ($string) of type string is deprecated in APPPATH\Views\quality\databases\encabezado.php on line 81.
 1 APPPATH\Views\quality\databases\encabezado.php(81): htmlspecialchars(null)
 2 APPPATH\Views\quality\databases\home.php(1): require('C:\\xampp\\htdocs\\quality\\app\\Views\\quality\\databases\\encabezado.php')
 3 SYSTEMPATH\View\View.php(234): include('C:\\xampp\\htdocs\\quality\\app\\Views\\quality\\databases\\home.php')
 4 SYSTEMPATH\View\View.php(237): CodeIgniter\View\View->CodeIgniter\View\{closure}()
 5 SYSTEMPATH\Common.php(1171): CodeIgniter\View\View->render('quality/databases/home', [], true)
 6 APPPATH\Controllers\Home.php(8): view('quality/databases/home')
 7 SYSTEMPATH\CodeIgniter.php(933): App\Controllers\Home->index()
 8 SYSTEMPATH\CodeIgniter.php(509): CodeIgniter\CodeIgniter->runController(Object(App\Controllers\Home))
 9 SYSTEMPATH\CodeIgniter.php(355): CodeIgniter\CodeIgniter->handleRequest(null, Object(Config\Cache), false)
10 SYSTEMPATH\Boot.php(325): CodeIgniter\CodeIgniter->run()
11 SYSTEMPATH\Boot.php(67): CodeIgniter\Boot::runCodeIgniter(Object(CodeIgniter\CodeIgniter))
12 FCPATH\index.php(56): CodeIgniter\Boot::bootWeb(Object(Config\Paths))
INFO - 2024-09-23 16:49:52 --> Session: Class initialized using 'CodeIgniter\Session\Handlers\FileHandler' driver.
WARNING - 2024-09-23 16:49:52 --> [DEPRECATED] htmlspecialchars(): Passing null to parameter #1 ($string) of type string is deprecated in APPPATH\Views\quality\dashboard\encabezado.php on line 73.
 1 APPPATH\Views\quality\dashboard\encabezado.php(73): htmlspecialchars(null)
 2 APPPATH\Views\quality\dashboard\inicio.php(1): require('C:\\xampp\\htdocs\\quality\\app\\Views\\quality\\dashboard\\encabezado.php')
 3 SYSTEMPATH\View\View.php(234): include('C:\\xampp\\htdocs\\quality\\app\\Views\\quality\\dashboard\\inicio.php')
 4 SYSTEMPATH\View\View.php(237): CodeIgniter\View\View->CodeIgniter\View\{closure}()
 5 SYSTEMPATH\Common.php(1171): CodeIgniter\View\View->render('quality/dashboard/inicio', [], true)
 6 APPPATH\Controllers\dashboardCont.php(10): view('quality/dashboard/inicio')
 7 SYSTEMPATH\CodeIgniter.php(933): App\Controllers\dashboardCont->index()
 8 SYSTEMPATH\CodeIgniter.php(509): CodeIgniter\CodeIgniter->runController(Object(App\Controllers\dashboardCont))
 9 SYSTEMPATH\CodeIgniter.php(355): CodeIgniter\CodeIgniter->handleRequest(null, Object(Config\Cache), false)
10 SYSTEMPATH\Boot.php(325): CodeIgniter\CodeIgniter->run()
11 SYSTEMPATH\Boot.php(67): CodeIgniter\Boot::runCodeIgniter(Object(CodeIgniter\CodeIgniter))
12 FCPATH\index.php(56): CodeIgniter\Boot::bootWeb(Object(Config\Paths))
INFO - 2024-09-23 16:49:56 --> Session: Class initialized using 'CodeIgniter\Session\Handlers\FileHandler' driver.
WARNING - 2024-09-23 16:49:56 --> [DEPRECATED] htmlspecialchars(): Passing null to parameter #1 ($string) of type string is deprecated in APPPATH\Views\quality\dashboard\encabezado.php on line 73.
 1 APPPATH\Views\quality\dashboard\encabezado.php(73): htmlspecialchars(null)
 2 APPPATH\Views\quality\dashboard\inicio.php(1): require('C:\\xampp\\htdocs\\quality\\app\\Views\\quality\\dashboard\\encabezado.php')
 3 SYSTEMPATH\View\View.php(234): include('C:\\xampp\\htdocs\\quality\\app\\Views\\quality\\dashboard\\inicio.php')
 4 SYSTEMPATH\View\View.php(237): CodeIgniter\View\View->CodeIgniter\View\{closure}()
 5 SYSTEMPATH\Common.php(1171): CodeIgniter\View\View->render('quality/dashboard/inicio', [], true)
 6 APPPATH\Controllers\dashboardCont.php(10): view('quality/dashboard/inicio')
 7 SYSTEMPATH\CodeIgniter.php(933): App\Controllers\dashboardCont->index()
 8 SYSTEMPATH\CodeIgniter.php(509): CodeIgniter\CodeIgniter->runController(Object(App\Controllers\dashboardCont))
 9 SYSTEMPATH\CodeIgniter.php(355): CodeIgniter\CodeIgniter->handleRequest(null, Object(Config\Cache), false)
10 SYSTEMPATH\Boot.php(325): CodeIgniter\CodeIgniter->run()
11 SYSTEMPATH\Boot.php(67): CodeIgniter\Boot::runCodeIgniter(Object(CodeIgniter\CodeIgniter))
12 FCPATH\index.php(56): CodeIgniter\Boot::bootWeb(Object(Config\Paths))
INFO - 2024-09-23 16:49:59 --> Session: Class initialized using 'CodeIgniter\Session\Handlers\FileHandler' driver.
WARNING - 2024-09-23 16:49:59 --> [DEPRECATED] htmlspecialchars(): Passing null to parameter #1 ($string) of type string is deprecated in APPPATH\Views\quality\databases\encabezado.php on line 81.
 1 APPPATH\Views\quality\databases\encabezado.php(81): htmlspecialchars(null)
 2 APPPATH\Views\quality\databases\home.php(1): require('C:\\xampp\\htdocs\\quality\\app\\Views\\quality\\databases\\encabezado.php')
 3 SYSTEMPATH\View\View.php(234): include('C:\\xampp\\htdocs\\quality\\app\\Views\\quality\\databases\\home.php')
 4 SYSTEMPATH\View\View.php(237): CodeIgniter\View\View->CodeIgniter\View\{closure}()
 5 SYSTEMPATH\Common.php(1171): CodeIgniter\View\View->render('quality/databases/home', [], true)
 6 APPPATH\Controllers\Home.php(8): view('quality/databases/home')
 7 SYSTEMPATH\CodeIgniter.php(933): App\Controllers\Home->index()
 8 SYSTEMPATH\CodeIgniter.php(509): CodeIgniter\CodeIgniter->runController(Object(App\Controllers\Home))
 9 SYSTEMPATH\CodeIgniter.php(355): CodeIgniter\CodeIgniter->handleRequest(null, Object(Config\Cache), false)
10 SYSTEMPATH\Boot.php(325): CodeIgniter\CodeIgniter->run()
11 SYSTEMPATH\Boot.php(67): CodeIgniter\Boot::runCodeIgniter(Object(CodeIgniter\CodeIgniter))
12 FCPATH\index.php(56): CodeIgniter\Boot::bootWeb(Object(Config\Paths))
INFO - 2024-09-23 16:51:45 --> Session: Class initialized using 'CodeIgniter\Session\Handlers\FileHandler' driver.
WARNING - 2024-09-23 16:51:45 --> [DEPRECATED] htmlspecialchars(): Passing null to parameter #1 ($string) of type string is deprecated in APPPATH\Views\quality\databases\encabezado.php on line 81.
 1 APPPATH\Views\quality\databases\encabezado.php(81): htmlspecialchars(null)
 2 APPPATH\Views\quality\databases\home.php(1): require('C:\\xampp\\htdocs\\quality\\app\\Views\\quality\\databases\\encabezado.php')
 3 SYSTEMPATH\View\View.php(234): include('C:\\xampp\\htdocs\\quality\\app\\Views\\quality\\databases\\home.php')
 4 SYSTEMPATH\View\View.php(237): CodeIgniter\View\View->CodeIgniter\View\{closure}()
 5 SYSTEMPATH\Common.php(1171): CodeIgniter\View\View->render('quality/databases/home', [], true)
 6 APPPATH\Controllers\Home.php(8): view('quality/databases/home')
 7 SYSTEMPATH\CodeIgniter.php(933): App\Controllers\Home->index()
 8 SYSTEMPATH\CodeIgniter.php(509): CodeIgniter\CodeIgniter->runController(Object(App\Controllers\Home))
 9 SYSTEMPATH\CodeIgniter.php(355): CodeIgniter\CodeIgniter->handleRequest(null, Object(Config\Cache), false)
10 SYSTEMPATH\Boot.php(325): CodeIgniter\CodeIgniter->run()
11 SYSTEMPATH\Boot.php(67): CodeIgniter\Boot::runCodeIgniter(Object(CodeIgniter\CodeIgniter))
12 FCPATH\index.php(56): CodeIgniter\Boot::bootWeb(Object(Config\Paths))
INFO - 2024-09-23 16:51:59 --> Session: Class initialized using 'CodeIgniter\Session\Handlers\FileHandler' driver.
WARNING - 2024-09-23 16:51:59 --> [DEPRECATED] htmlspecialchars(): Passing null to parameter #1 ($string) of type string is deprecated in APPPATH\Views\quality\databases\encabezado.php on line 81.
 1 APPPATH\Views\quality\databases\encabezado.php(81): htmlspecialchars(null)
 2 APPPATH\Views\quality\databases\home.php(1): require('C:\\xampp\\htdocs\\quality\\app\\Views\\quality\\databases\\encabezado.php')
 3 SYSTEMPATH\View\View.php(234): include('C:\\xampp\\htdocs\\quality\\app\\Views\\quality\\databases\\home.php')
 4 SYSTEMPATH\View\View.php(237): CodeIgniter\View\View->CodeIgniter\View\{closure}()
 5 SYSTEMPATH\Common.php(1171): CodeIgniter\View\View->render('quality/databases/home', [], true)
 6 APPPATH\Controllers\Home.php(8): view('quality/databases/home')
 7 SYSTEMPATH\CodeIgniter.php(933): App\Controllers\Home->index()
 8 SYSTEMPATH\CodeIgniter.php(509): CodeIgniter\CodeIgniter->runController(Object(App\Controllers\Home))
 9 SYSTEMPATH\CodeIgniter.php(355): CodeIgniter\CodeIgniter->handleRequest(null, Object(Config\Cache), false)
10 SYSTEMPATH\Boot.php(325): CodeIgniter\CodeIgniter->run()
11 SYSTEMPATH\Boot.php(67): CodeIgniter\Boot::runCodeIgniter(Object(CodeIgniter\CodeIgniter))
12 FCPATH\index.php(56): CodeIgniter\Boot::bootWeb(Object(Config\Paths))
INFO - 2024-09-23 16:52:06 --> Session: Class initialized using 'CodeIgniter\Session\Handlers\FileHandler' driver.
WARNING - 2024-09-23 16:52:06 --> [DEPRECATED] htmlspecialchars(): Passing null to parameter #1 ($string) of type string is deprecated in APPPATH\Views\quality\databases\encabezado.php on line 81.
 1 APPPATH\Views\quality\databases\encabezado.php(81): htmlspecialchars(null)
 2 APPPATH\Views\quality\databases\home.php(1): require('C:\\xampp\\htdocs\\quality\\app\\Views\\quality\\databases\\encabezado.php')
 3 SYSTEMPATH\View\View.php(234): include('C:\\xampp\\htdocs\\quality\\app\\Views\\quality\\databases\\home.php')
 4 SYSTEMPATH\View\View.php(237): CodeIgniter\View\View->CodeIgniter\View\{closure}()
 5 SYSTEMPATH\Common.php(1171): CodeIgniter\View\View->render('quality/databases/home', [], true)
 6 APPPATH\Controllers\Home.php(8): view('quality/databases/home')
 7 SYSTEMPATH\CodeIgniter.php(933): App\Controllers\Home->index()
 8 SYSTEMPATH\CodeIgniter.php(509): CodeIgniter\CodeIgniter->runController(Object(App\Controllers\Home))
 9 SYSTEMPATH\CodeIgniter.php(355): CodeIgniter\CodeIgniter->handleRequest(null, Object(Config\Cache), false)
10 SYSTEMPATH\Boot.php(325): CodeIgniter\CodeIgniter->run()
11 SYSTEMPATH\Boot.php(67): CodeIgniter\Boot::runCodeIgniter(Object(CodeIgniter\CodeIgniter))
12 FCPATH\index.php(56): CodeIgniter\Boot::bootWeb(Object(Config\Paths))
INFO - 2024-09-23 16:52:25 --> Session: Class initialized using 'CodeIgniter\Session\Handlers\FileHandler' driver.
WARNING - 2024-09-23 16:52:25 --> [DEPRECATED] htmlspecialchars(): Passing null to parameter #1 ($string) of type string is deprecated in APPPATH\Views\quality\dashboard\encabezado.php on line 73.
 1 APPPATH\Views\quality\dashboard\encabezado.php(73): htmlspecialchars(null)
 2 APPPATH\Views\quality\dashboard\inicio.php(1): require('C:\\xampp\\htdocs\\quality\\app\\Views\\quality\\dashboard\\encabezado.php')
 3 SYSTEMPATH\View\View.php(234): include('C:\\xampp\\htdocs\\quality\\app\\Views\\quality\\dashboard\\inicio.php')
 4 SYSTEMPATH\View\View.php(237): CodeIgniter\View\View->CodeIgniter\View\{closure}()
 5 SYSTEMPATH\Common.php(1171): CodeIgniter\View\View->render('quality/dashboard/inicio', [], true)
 6 APPPATH\Controllers\dashboardCont.php(10): view('quality/dashboard/inicio')
 7 SYSTEMPATH\CodeIgniter.php(933): App\Controllers\dashboardCont->index()
 8 SYSTEMPATH\CodeIgniter.php(509): CodeIgniter\CodeIgniter->runController(Object(App\Controllers\dashboardCont))
 9 SYSTEMPATH\CodeIgniter.php(355): CodeIgniter\CodeIgniter->handleRequest(null, Object(Config\Cache), false)
10 SYSTEMPATH\Boot.php(325): CodeIgniter\CodeIgniter->run()
11 SYSTEMPATH\Boot.php(67): CodeIgniter\Boot::runCodeIgniter(Object(CodeIgniter\CodeIgniter))
12 FCPATH\index.php(56): CodeIgniter\Boot::bootWeb(Object(Config\Paths))
INFO - 2024-09-23 16:52:30 --> Session: Class initialized using 'CodeIgniter\Session\Handlers\FileHandler' driver.
WARNING - 2024-09-23 16:52:30 --> [DEPRECATED] htmlspecialchars(): Passing null to parameter #1 ($string) of type string is deprecated in APPPATH\Views\quality\dashboard\encabezado.php on line 73.
 1 APPPATH\Views\quality\dashboard\encabezado.php(73): htmlspecialchars(null)
 2 APPPATH\Views\quality\dashboard\inicio.php(1): require('C:\\xampp\\htdocs\\quality\\app\\Views\\quality\\dashboard\\encabezado.php')
 3 SYSTEMPATH\View\View.php(234): include('C:\\xampp\\htdocs\\quality\\app\\Views\\quality\\dashboard\\inicio.php')
 4 SYSTEMPATH\View\View.php(237): CodeIgniter\View\View->CodeIgniter\View\{closure}()
 5 SYSTEMPATH\Common.php(1171): CodeIgniter\View\View->render('quality/dashboard/inicio', [], true)
 6 APPPATH\Controllers\dashboardCont.php(10): view('quality/dashboard/inicio')
 7 SYSTEMPATH\CodeIgniter.php(933): App\Controllers\dashboardCont->index()
 8 SYSTEMPATH\CodeIgniter.php(509): CodeIgniter\CodeIgniter->runController(Object(App\Controllers\dashboardCont))
 9 SYSTEMPATH\CodeIgniter.php(355): CodeIgniter\CodeIgniter->handleRequest(null, Object(Config\Cache), false)
10 SYSTEMPATH\Boot.php(325): CodeIgniter\CodeIgniter->run()
11 SYSTEMPATH\Boot.php(67): CodeIgniter\Boot::runCodeIgniter(Object(CodeIgniter\CodeIgniter))
12 FCPATH\index.php(56): CodeIgniter\Boot::bootWeb(Object(Config\Paths))
INFO - 2024-09-23 16:52:34 --> Session: Class initialized using 'CodeIgniter\Session\Handlers\FileHandler' driver.
WARNING - 2024-09-23 16:52:34 --> [DEPRECATED] htmlspecialchars(): Passing null to parameter #1 ($string) of type string is deprecated in APPPATH\Views\quality\databases\encabezado.php on line 81.
 1 APPPATH\Views\quality\databases\encabezado.php(81): htmlspecialchars(null)
 2 APPPATH\Views\quality\databases\home.php(1): require('C:\\xampp\\htdocs\\quality\\app\\Views\\quality\\databases\\encabezado.php')
 3 SYSTEMPATH\View\View.php(234): include('C:\\xampp\\htdocs\\quality\\app\\Views\\quality\\databases\\home.php')
 4 SYSTEMPATH\View\View.php(237): CodeIgniter\View\View->CodeIgniter\View\{closure}()
 5 SYSTEMPATH\Common.php(1171): CodeIgniter\View\View->render('quality/databases/home', [], true)
 6 APPPATH\Controllers\Home.php(8): view('quality/databases/home')
 7 SYSTEMPATH\CodeIgniter.php(933): App\Controllers\Home->index()
 8 SYSTEMPATH\CodeIgniter.php(509): CodeIgniter\CodeIgniter->runController(Object(App\Controllers\Home))
 9 SYSTEMPATH\CodeIgniter.php(355): CodeIgniter\CodeIgniter->handleRequest(null, Object(Config\Cache), false)
10 SYSTEMPATH\Boot.php(325): CodeIgniter\CodeIgniter->run()
11 SYSTEMPATH\Boot.php(67): CodeIgniter\Boot::runCodeIgniter(Object(CodeIgniter\CodeIgniter))
12 FCPATH\index.php(56): CodeIgniter\Boot::bootWeb(Object(Config\Paths))
INFO - 2024-09-23 16:52:37 --> Session: Class initialized using 'CodeIgniter\Session\Handlers\FileHandler' driver.
WARNING - 2024-09-23 16:52:37 --> [DEPRECATED] htmlspecialchars(): Passing null to parameter #1 ($string) of type string is deprecated in APPPATH\Views\quality\dashboard\encabezado.php on line 73.
 1 APPPATH\Views\quality\dashboard\encabezado.php(73): htmlspecialchars(null)
 2 APPPATH\Views\quality\dashboard\inicio.php(1): require('C:\\xampp\\htdocs\\quality\\app\\Views\\quality\\dashboard\\encabezado.php')
 3 SYSTEMPATH\View\View.php(234): include('C:\\xampp\\htdocs\\quality\\app\\Views\\quality\\dashboard\\inicio.php')
 4 SYSTEMPATH\View\View.php(237): CodeIgniter\View\View->CodeIgniter\View\{closure}()
 5 SYSTEMPATH\Common.php(1171): CodeIgniter\View\View->render('quality/dashboard/inicio', [], true)
 6 APPPATH\Controllers\dashboardCont.php(10): view('quality/dashboard/inicio')
 7 SYSTEMPATH\CodeIgniter.php(933): App\Controllers\dashboardCont->index()
 8 SYSTEMPATH\CodeIgniter.php(509): CodeIgniter\CodeIgniter->runController(Object(App\Controllers\dashboardCont))
 9 SYSTEMPATH\CodeIgniter.php(355): CodeIgniter\CodeIgniter->handleRequest(null, Object(Config\Cache), false)
10 SYSTEMPATH\Boot.php(325): CodeIgniter\CodeIgniter->run()
11 SYSTEMPATH\Boot.php(67): CodeIgniter\Boot::runCodeIgniter(Object(CodeIgniter\CodeIgniter))
12 FCPATH\index.php(56): CodeIgniter\Boot::bootWeb(Object(Config\Paths))
INFO - 2024-09-23 16:52:40 --> Session: Class initialized using 'CodeIgniter\Session\Handlers\FileHandler' driver.
INFO - 2024-09-23 16:52:49 --> Session: Class initialized using 'CodeIgniter\Session\Handlers\FileHandler' driver.
WARNING - 2024-09-23 16:52:49 --> [DEPRECATED] htmlspecialchars(): Passing null to parameter #1 ($string) of type string is deprecated in APPPATH\Views\quality\dashboard\encabezado.php on line 73.
 1 APPPATH\Views\quality\dashboard\encabezado.php(73): htmlspecialchars(null)
 2 APPPATH\Views\quality\dashboard\inicio.php(1): require('C:\\xampp\\htdocs\\quality\\app\\Views\\quality\\dashboard\\encabezado.php')
 3 SYSTEMPATH\View\View.php(234): include('C:\\xampp\\htdocs\\quality\\app\\Views\\quality\\dashboard\\inicio.php')
 4 SYSTEMPATH\View\View.php(237): CodeIgniter\View\View->CodeIgniter\View\{closure}()
 5 SYSTEMPATH\Common.php(1171): CodeIgniter\View\View->render('quality/dashboard/inicio', [], true)
 6 APPPATH\Controllers\dashboardCont.php(10): view('quality/dashboard/inicio')
 7 SYSTEMPATH\CodeIgniter.php(933): App\Controllers\dashboardCont->index()
 8 SYSTEMPATH\CodeIgniter.php(509): CodeIgniter\CodeIgniter->runController(Object(App\Controllers\dashboardCont))
 9 SYSTEMPATH\CodeIgniter.php(355): CodeIgniter\CodeIgniter->handleRequest(null, Object(Config\Cache), false)
10 SYSTEMPATH\Boot.php(325): CodeIgniter\CodeIgniter->run()
11 SYSTEMPATH\Boot.php(67): CodeIgniter\Boot::runCodeIgniter(Object(CodeIgniter\CodeIgniter))
12 FCPATH\index.php(56): CodeIgniter\Boot::bootWeb(Object(Config\Paths))
INFO - 2024-09-23 16:52:54 --> Session: Class initialized using 'CodeIgniter\Session\Handlers\FileHandler' driver.
WARNING - 2024-09-23 16:52:54 --> [DEPRECATED] htmlspecialchars(): Passing null to parameter #1 ($string) of type string is deprecated in APPPATH\Views\quality\databases\encabezado.php on line 81.
 1 APPPATH\Views\quality\databases\encabezado.php(81): htmlspecialchars(null)
 2 APPPATH\Views\quality\databases\home.php(1): require('C:\\xampp\\htdocs\\quality\\app\\Views\\quality\\databases\\encabezado.php')
 3 SYSTEMPATH\View\View.php(234): include('C:\\xampp\\htdocs\\quality\\app\\Views\\quality\\databases\\home.php')
 4 SYSTEMPATH\View\View.php(237): CodeIgniter\View\View->CodeIgniter\View\{closure}()
 5 SYSTEMPATH\Common.php(1171): CodeIgniter\View\View->render('quality/databases/home', [], true)
 6 APPPATH\Controllers\Home.php(8): view('quality/databases/home')
 7 SYSTEMPATH\CodeIgniter.php(933): App\Controllers\Home->index()
 8 SYSTEMPATH\CodeIgniter.php(509): CodeIgniter\CodeIgniter->runController(Object(App\Controllers\Home))
 9 SYSTEMPATH\CodeIgniter.php(355): CodeIgniter\CodeIgniter->handleRequest(null, Object(Config\Cache), false)
10 SYSTEMPATH\Boot.php(325): CodeIgniter\CodeIgniter->run()
11 SYSTEMPATH\Boot.php(67): CodeIgniter\Boot::runCodeIgniter(Object(CodeIgniter\CodeIgniter))
12 FCPATH\index.php(56): CodeIgniter\Boot::bootWeb(Object(Config\Paths))
CRITICAL - 2024-09-23 16:55:06 --> ErrorException: Maximum execution time of 120 seconds exceeded
[Method: GET, Route: forms/miscform]
in SYSTEMPATH\Debug\Exceptions.php on line 209.
 1 [internal function]: CodeIgniter\Debug\Exceptions->shutdownHandler()
INFO - 2024-09-23 16:55:39 --> Session: Class initialized using 'CodeIgniter\Session\Handlers\FileHandler' driver.
WARNING - 2024-09-23 16:55:39 --> [DEPRECATED] htmlspecialchars(): Passing null to parameter #1 ($string) of type string is deprecated in APPPATH\Views\quality\dashboard\encabezado.php on line 73.
 1 APPPATH\Views\quality\dashboard\encabezado.php(73): htmlspecialchars(null)
 2 APPPATH\Views\quality\dashboard\inicio.php(1): require('C:\\xampp\\htdocs\\quality\\app\\Views\\quality\\dashboard\\encabezado.php')
 3 SYSTEMPATH\View\View.php(234): include('C:\\xampp\\htdocs\\quality\\app\\Views\\quality\\dashboard\\inicio.php')
 4 SYSTEMPATH\View\View.php(237): CodeIgniter\View\View->CodeIgniter\View\{closure}()
 5 SYSTEMPATH\Common.php(1171): CodeIgniter\View\View->render('quality/dashboard/inicio', [], true)
 6 APPPATH\Controllers\dashboardCont.php(10): view('quality/dashboard/inicio')
 7 SYSTEMPATH\CodeIgniter.php(933): App\Controllers\dashboardCont->index()
 8 SYSTEMPATH\CodeIgniter.php(509): CodeIgniter\CodeIgniter->runController(Object(App\Controllers\dashboardCont))
 9 SYSTEMPATH\CodeIgniter.php(355): CodeIgniter\CodeIgniter->handleRequest(null, Object(Config\Cache), false)
10 SYSTEMPATH\Boot.php(325): CodeIgniter\CodeIgniter->run()
11 SYSTEMPATH\Boot.php(67): CodeIgniter\Boot::runCodeIgniter(Object(CodeIgniter\CodeIgniter))
12 FCPATH\index.php(56): CodeIgniter\Boot::bootWeb(Object(Config\Paths))
CRITICAL - 2024-09-23 16:56:48 --> ErrorException: Maximum execution time of 120 seconds exceeded
[Method: GET, Route: forms/miscform]
in SYSTEMPATH\Debug\Exceptions.php on line 209.
 1 [internal function]: CodeIgniter\Debug\Exceptions->shutdownHandler()
CRITICAL - 2024-09-23 16:56:57 --> ErrorException: Maximum execution time of 120 seconds exceeded
[Method: GET, Route: forms/drumsform]
in SYSTEMPATH\Debug\Exceptions.php on line 209.
 1 [internal function]: CodeIgniter\Debug\Exceptions->shutdownHandler()
CRITICAL - 2024-09-23 16:57:01 --> ErrorException: Maximum execution time of 120 seconds exceeded
[Method: GET, Route: forms/drumsform]
in SYSTEMPATH\Debug\Exceptions.php on line 209.
 1 [internal function]: CodeIgniter\Debug\Exceptions->shutdownHandler()
CRITICAL - 2024-09-23 16:57:12 --> ErrorException: Maximum execution time of 120 seconds exceeded
[Method: GET, Route: databases/assy]
in SYSTEMPATH\Debug\Exceptions.php on line 209.
 1 [internal function]: CodeIgniter\Debug\Exceptions->shutdownHandler()
CRITICAL - 2024-09-23 16:57:58 --> ErrorException: Maximum execution time of 120 seconds exceeded
[Method: GET, Route: databases/paint2]
in SYSTEMPATH\Debug\Exceptions.php on line 209.
 1 [internal function]: CodeIgniter\Debug\Exceptions->shutdownHandler()
INFO - 2024-09-23 17:03:21 --> Session: Class initialized using 'CodeIgniter\Session\Handlers\FileHandler' driver.
WARNING - 2024-09-23 17:03:21 --> [DEPRECATED] htmlspecialchars(): Passing null to parameter #1 ($string) of type string is deprecated in APPPATH\Views\quality\databases\encabezado.php on line 81.
 1 APPPATH\Views\quality\databases\encabezado.php(81): htmlspecialchars(null)
 2 APPPATH\Views\quality\databases\home.php(1): require('C:\\xampp\\htdocs\\quality\\app\\Views\\quality\\databases\\encabezado.php')
 3 SYSTEMPATH\View\View.php(234): include('C:\\xampp\\htdocs\\quality\\app\\Views\\quality\\databases\\home.php')
 4 SYSTEMPATH\View\View.php(237): CodeIgniter\View\View->CodeIgniter\View\{closure}()
 5 SYSTEMPATH\Common.php(1171): CodeIgniter\View\View->render('quality/databases/home', [], true)
 6 APPPATH\Controllers\Home.php(8): view('quality/databases/home')
 7 SYSTEMPATH\CodeIgniter.php(933): App\Controllers\Home->index()
 8 SYSTEMPATH\CodeIgniter.php(509): CodeIgniter\CodeIgniter->runController(Object(App\Controllers\Home))
 9 SYSTEMPATH\CodeIgniter.php(355): CodeIgniter\CodeIgniter->handleRequest(null, Object(Config\Cache), false)
10 SYSTEMPATH\Boot.php(325): CodeIgniter\CodeIgniter->run()
11 SYSTEMPATH\Boot.php(67): CodeIgniter\Boot::runCodeIgniter(Object(CodeIgniter\CodeIgniter))
12 FCPATH\index.php(56): CodeIgniter\Boot::bootWeb(Object(Config\Paths))
CRITICAL - 2024-09-23 17:08:36 --> ErrorException: Maximum execution time of 120 seconds exceeded
[Method: GET, Route: forms/miscform]
in SYSTEMPATH\Debug\Exceptions.php on line 209.
 1 [internal function]: CodeIgniter\Debug\Exceptions->shutdownHandler()
INFO - 2024-09-23 18:03:35 --> Session: Class initialized using 'CodeIgniter\Session\Handlers\FileHandler' driver.
WARNING - 2024-09-23 18:03:35 --> [DEPRECATED] htmlspecialchars(): Passing null to parameter #1 ($string) of type string is deprecated in APPPATH\Views\quality\databases\encabezado.php on line 81.
 1 APPPATH\Views\quality\databases\encabezado.php(81): htmlspecialchars(null)
 2 APPPATH\Views\quality\databases\home.php(1): require('C:\\xampp\\htdocs\\quality\\app\\Views\\quality\\databases\\encabezado.php')
 3 SYSTEMPATH\View\View.php(234): include('C:\\xampp\\htdocs\\quality\\app\\Views\\quality\\databases\\home.php')
 4 SYSTEMPATH\View\View.php(237): CodeIgniter\View\View->CodeIgniter\View\{closure}()
 5 SYSTEMPATH\Common.php(1171): CodeIgniter\View\View->render('quality/databases/home', [], true)
 6 APPPATH\Controllers\Home.php(8): view('quality/databases/home')
 7 SYSTEMPATH\CodeIgniter.php(933): App\Controllers\Home->index()
 8 SYSTEMPATH\CodeIgniter.php(509): CodeIgniter\CodeIgniter->runController(Object(App\Controllers\Home))
 9 SYSTEMPATH\CodeIgniter.php(355): CodeIgniter\CodeIgniter->handleRequest(null, Object(Config\Cache), false)
10 SYSTEMPATH\Boot.php(325): CodeIgniter\CodeIgniter->run()
11 SYSTEMPATH\Boot.php(67): CodeIgniter\Boot::runCodeIgniter(Object(CodeIgniter\CodeIgniter))
12 FCPATH\index.php(56): CodeIgniter\Boot::bootWeb(Object(Config\Paths))
INFO - 2024-09-23 18:03:40 --> Session: Class initialized using 'CodeIgniter\Session\Handlers\FileHandler' driver.
WARNING - 2024-09-23 18:03:40 --> [DEPRECATED] htmlspecialchars(): Passing null to parameter #1 ($string) of type string is deprecated in APPPATH\Views\quality\dashboard\encabezado.php on line 73.
 1 APPPATH\Views\quality\dashboard\encabezado.php(73): htmlspecialchars(null)
 2 APPPATH\Views\quality\dashboard\inicio.php(1): require('C:\\xampp\\htdocs\\quality\\app\\Views\\quality\\dashboard\\encabezado.php')
 3 SYSTEMPATH\View\View.php(234): include('C:\\xampp\\htdocs\\quality\\app\\Views\\quality\\dashboard\\inicio.php')
 4 SYSTEMPATH\View\View.php(237): CodeIgniter\View\View->CodeIgniter\View\{closure}()
 5 SYSTEMPATH\Common.php(1171): CodeIgniter\View\View->render('quality/dashboard/inicio', [], true)
 6 APPPATH\Controllers\dashboardCont.php(10): view('quality/dashboard/inicio')
 7 SYSTEMPATH\CodeIgniter.php(933): App\Controllers\dashboardCont->index()
 8 SYSTEMPATH\CodeIgniter.php(509): CodeIgniter\CodeIgniter->runController(Object(App\Controllers\dashboardCont))
 9 SYSTEMPATH\CodeIgniter.php(355): CodeIgniter\CodeIgniter->handleRequest(null, Object(Config\Cache), false)
10 SYSTEMPATH\Boot.php(325): CodeIgniter\CodeIgniter->run()
11 SYSTEMPATH\Boot.php(67): CodeIgniter\Boot::runCodeIgniter(Object(CodeIgniter\CodeIgniter))
12 FCPATH\index.php(56): CodeIgniter\Boot::bootWeb(Object(Config\Paths))
INFO - 2024-09-23 18:34:23 --> Session: Class initialized using 'CodeIgniter\Session\Handlers\FileHandler' driver.
WARNING - 2024-09-23 18:34:23 --> [DEPRECATED] htmlspecialchars(): Passing null to parameter #1 ($string) of type string is deprecated in APPPATH\Views\quality\databases\encabezado.php on line 81.
 1 APPPATH\Views\quality\databases\encabezado.php(81): htmlspecialchars(null)
 2 APPPATH\Views\quality\databases\home.php(1): require('C:\\xampp\\htdocs\\quality\\app\\Views\\quality\\databases\\encabezado.php')
 3 SYSTEMPATH\View\View.php(234): include('C:\\xampp\\htdocs\\quality\\app\\Views\\quality\\databases\\home.php')
 4 SYSTEMPATH\View\View.php(237): CodeIgniter\View\View->CodeIgniter\View\{closure}()
 5 SYSTEMPATH\Common.php(1171): CodeIgniter\View\View->render('quality/databases/home', [], true)
 6 APPPATH\Controllers\Home.php(8): view('quality/databases/home')
 7 SYSTEMPATH\CodeIgniter.php(933): App\Controllers\Home->index()
 8 SYSTEMPATH\CodeIgniter.php(509): CodeIgniter\CodeIgniter->runController(Object(App\Controllers\Home))
 9 SYSTEMPATH\CodeIgniter.php(355): CodeIgniter\CodeIgniter->handleRequest(null, Object(Config\Cache), false)
10 SYSTEMPATH\Boot.php(325): CodeIgniter\CodeIgniter->run()
11 SYSTEMPATH\Boot.php(67): CodeIgniter\Boot::runCodeIgniter(Object(CodeIgniter\CodeIgniter))
12 FCPATH\index.php(56): CodeIgniter\Boot::bootWeb(Object(Config\Paths))
INFO - 2024-09-23 18:34:27 --> Session: Class initialized using 'CodeIgniter\Session\Handlers\FileHandler' driver.
WARNING - 2024-09-23 18:34:27 --> [DEPRECATED] htmlspecialchars(): Passing null to parameter #1 ($string) of type string is deprecated in APPPATH\Views\quality\dashboard\encabezado.php on line 73.
 1 APPPATH\Views\quality\dashboard\encabezado.php(73): htmlspecialchars(null)
 2 APPPATH\Views\quality\dashboard\inicio.php(1): require('C:\\xampp\\htdocs\\quality\\app\\Views\\quality\\dashboard\\encabezado.php')
 3 SYSTEMPATH\View\View.php(234): include('C:\\xampp\\htdocs\\quality\\app\\Views\\quality\\dashboard\\inicio.php')
 4 SYSTEMPATH\View\View.php(237): CodeIgniter\View\View->CodeIgniter\View\{closure}()
 5 SYSTEMPATH\Common.php(1171): CodeIgniter\View\View->render('quality/dashboard/inicio', [], true)
 6 APPPATH\Controllers\dashboardCont.php(10): view('quality/dashboard/inicio')
 7 SYSTEMPATH\CodeIgniter.php(933): App\Controllers\dashboardCont->index()
 8 SYSTEMPATH\CodeIgniter.php(509): CodeIgniter\CodeIgniter->runController(Object(App\Controllers\dashboardCont))
 9 SYSTEMPATH\CodeIgniter.php(355): CodeIgniter\CodeIgniter->handleRequest(null, Object(Config\Cache), false)
10 SYSTEMPATH\Boot.php(325): CodeIgniter\CodeIgniter->run()
11 SYSTEMPATH\Boot.php(67): CodeIgniter\Boot::runCodeIgniter(Object(CodeIgniter\CodeIgniter))
12 FCPATH\index.php(56): CodeIgniter\Boot::bootWeb(Object(Config\Paths))
INFO - 2024-09-23 19:09:10 --> Session: Class initialized using 'CodeIgniter\Session\Handlers\FileHandler' driver.
INFO - 2024-09-23 19:09:10 --> Session: Class initialized using 'CodeIgniter\Session\Handlers\FileHandler' driver.
WARNING - 2024-09-23 19:09:10 --> [DEPRECATED] htmlspecialchars(): Passing null to parameter #1 ($string) of type string is deprecated in APPPATH\Views\quality\databases\encabezado.php on line 81.
 1 APPPATH\Views\quality\databases\encabezado.php(81): htmlspecialchars(null)
 2 APPPATH\Views\quality\databases\home.php(1): require('C:\\xampp\\htdocs\\quality\\app\\Views\\quality\\databases\\encabezado.php')
 3 SYSTEMPATH\View\View.php(234): include('C:\\xampp\\htdocs\\quality\\app\\Views\\quality\\databases\\home.php')
 4 SYSTEMPATH\View\View.php(237): CodeIgniter\View\View->CodeIgniter\View\{closure}()
 5 SYSTEMPATH\Common.php(1171): CodeIgniter\View\View->render('quality/databases/home', [], true)
 6 APPPATH\Controllers\Home.php(8): view('quality/databases/home')
 7 SYSTEMPATH\CodeIgniter.php(933): App\Controllers\Home->index()
 8 SYSTEMPATH\CodeIgniter.php(509): CodeIgniter\CodeIgniter->runController(Object(App\Controllers\Home))
 9 SYSTEMPATH\CodeIgniter.php(355): CodeIgniter\CodeIgniter->handleRequest(null, Object(Config\Cache), false)
10 SYSTEMPATH\Boot.php(325): CodeIgniter\CodeIgniter->run()
11 SYSTEMPATH\Boot.php(67): CodeIgniter\Boot::runCodeIgniter(Object(CodeIgniter\CodeIgniter))
12 FCPATH\index.php(56): CodeIgniter\Boot::bootWeb(Object(Config\Paths))
WARNING - 2024-09-23 19:09:10 --> [DEPRECATED] htmlspecialchars(): Passing null to parameter #1 ($string) of type string is deprecated in APPPATH\Views\quality\databases\encabezado.php on line 81.
 1 APPPATH\Views\quality\databases\encabezado.php(81): htmlspecialchars(null)
 2 APPPATH\Views\quality\databases\home.php(1): require('C:\\xampp\\htdocs\\quality\\app\\Views\\quality\\databases\\encabezado.php')
 3 SYSTEMPATH\View\View.php(234): include('C:\\xampp\\htdocs\\quality\\app\\Views\\quality\\databases\\home.php')
 4 SYSTEMPATH\View\View.php(237): CodeIgniter\View\View->CodeIgniter\View\{closure}()
 5 SYSTEMPATH\Common.php(1171): CodeIgniter\View\View->render('quality/databases/home', [], true)
 6 APPPATH\Controllers\Home.php(8): view('quality/databases/home')
 7 SYSTEMPATH\CodeIgniter.php(933): App\Controllers\Home->index()
 8 SYSTEMPATH\CodeIgniter.php(509): CodeIgniter\CodeIgniter->runController(Object(App\Controllers\Home))
 9 SYSTEMPATH\CodeIgniter.php(355): CodeIgniter\CodeIgniter->handleRequest(null, Object(Config\Cache), false)
10 SYSTEMPATH\Boot.php(325): CodeIgniter\CodeIgniter->run()
11 SYSTEMPATH\Boot.php(67): CodeIgniter\Boot::runCodeIgniter(Object(CodeIgniter\CodeIgniter))
12 FCPATH\index.php(56): CodeIgniter\Boot::bootWeb(Object(Config\Paths))
INFO - 2024-09-23 19:09:18 --> Session: Class initialized using 'CodeIgniter\Session\Handlers\FileHandler' driver.
WARNING - 2024-09-23 19:09:18 --> [DEPRECATED] htmlspecialchars(): Passing null to parameter #1 ($string) of type string is deprecated in APPPATH\Views\quality\databases\encabezado.php on line 81.
 1 APPPATH\Views\quality\databases\encabezado.php(81): htmlspecialchars(null)
 2 APPPATH\Views\quality\databases\home.php(1): require('C:\\xampp\\htdocs\\quality\\app\\Views\\quality\\databases\\encabezado.php')
 3 SYSTEMPATH\View\View.php(234): include('C:\\xampp\\htdocs\\quality\\app\\Views\\quality\\databases\\home.php')
 4 SYSTEMPATH\View\View.php(237): CodeIgniter\View\View->CodeIgniter\View\{closure}()
 5 SYSTEMPATH\Common.php(1171): CodeIgniter\View\View->render('quality/databases/home', [], true)
 6 APPPATH\Controllers\Home.php(8): view('quality/databases/home')
 7 SYSTEMPATH\CodeIgniter.php(933): App\Controllers\Home->index()
 8 SYSTEMPATH\CodeIgniter.php(509): CodeIgniter\CodeIgniter->runController(Object(App\Controllers\Home))
 9 SYSTEMPATH\CodeIgniter.php(355): CodeIgniter\CodeIgniter->handleRequest(null, Object(Config\Cache), false)
10 SYSTEMPATH\Boot.php(325): CodeIgniter\CodeIgniter->run()
11 SYSTEMPATH\Boot.php(67): CodeIgniter\Boot::runCodeIgniter(Object(CodeIgniter\CodeIgniter))
12 FCPATH\index.php(56): CodeIgniter\Boot::bootWeb(Object(Config\Paths))
INFO - 2024-09-23 19:10:24 --> Session: Class initialized using 'CodeIgniter\Session\Handlers\FileHandler' driver.
WARNING - 2024-09-23 19:10:24 --> [DEPRECATED] htmlspecialchars(): Passing null to parameter #1 ($string) of type string is deprecated in APPPATH\Views\quality\dashboard\encabezado.php on line 73.
 1 APPPATH\Views\quality\dashboard\encabezado.php(73): htmlspecialchars(null)
 2 APPPATH\Views\quality\dashboard\inicio.php(1): require('C:\\xampp\\htdocs\\quality\\app\\Views\\quality\\dashboard\\encabezado.php')
 3 SYSTEMPATH\View\View.php(234): include('C:\\xampp\\htdocs\\quality\\app\\Views\\quality\\dashboard\\inicio.php')
 4 SYSTEMPATH\View\View.php(237): CodeIgniter\View\View->CodeIgniter\View\{closure}()
 5 SYSTEMPATH\Common.php(1171): CodeIgniter\View\View->render('quality/dashboard/inicio', [], true)
 6 APPPATH\Controllers\dashboardCont.php(10): view('quality/dashboard/inicio')
 7 SYSTEMPATH\CodeIgniter.php(933): App\Controllers\dashboardCont->index()
 8 SYSTEMPATH\CodeIgniter.php(509): CodeIgniter\CodeIgniter->runController(Object(App\Controllers\dashboardCont))
 9 SYSTEMPATH\CodeIgniter.php(355): CodeIgniter\CodeIgniter->handleRequest(null, Object(Config\Cache), false)
10 SYSTEMPATH\Boot.php(325): CodeIgniter\CodeIgniter->run()
11 SYSTEMPATH\Boot.php(67): CodeIgniter\Boot::runCodeIgniter(Object(CodeIgniter\CodeIgniter))
12 FCPATH\index.php(56): CodeIgniter\Boot::bootWeb(Object(Config\Paths))
CRITICAL - 2024-09-23 19:14:31 --> ErrorException: Maximum execution time of 120 seconds exceeded
[Method: GET, Route: databases/misc]
in SYSTEMPATH\Debug\Exceptions.php on line 209.
 1 [internal function]: CodeIgniter\Debug\Exceptions->shutdownHandler()
